\BOOKMARK [0][-]{chapter.1}{\376\377\000I\000n\000t\000r\000o\000d\000u\000c\000t\000i\000o\000n}{}% 1
\BOOKMARK [1][-]{section.1.1}{\376\377\000B\000a\000c\000k\000g\000r\000o\000u\000n\000d}{chapter.1}% 2
\BOOKMARK [1][-]{section.1.2}{\376\377\000S\000c\000o\000p\000e}{chapter.1}% 3
\BOOKMARK [0][-]{chapter.2}{\376\377\000L\000i\000t\000e\000r\000a\000t\000u\000r\000e\000-\000R\000e\000v\000i\000e\000w}{}% 4
\BOOKMARK [1][-]{section.2.1}{\376\377\000O\000v\000e\000r\000v\000i\000e\000w\000\040\000o\000f\000\040\000M\000e\000t\000h\000o\000d\000s}{chapter.2}% 5
\BOOKMARK [1][-]{section.2.2}{\376\377\000T\000i\000m\000e\000-\000D\000i\000f\000f\000e\000r\000e\000n\000c\000e\000\040\000o\000f\000\040\000A\000r\000r\000i\000v\000a\000l}{chapter.2}% 6
\BOOKMARK [2][-]{subsection.2.2.1}{\376\377\000L\000i\000t\000e\000r\000a\000t\000u\000r\000e\000\040\000E\000x\000a\000m\000p\000l\000e\000s}{section.2.2}% 7
\BOOKMARK [2][-]{subsection.2.2.2}{\376\377\000D\000i\000s\000t\000a\000n\000c\000e}{section.2.2}% 8
\BOOKMARK [2][-]{subsection.2.2.3}{\376\377\000R\000e\000v\000e\000r\000b\000e\000r\000a\000t\000i\000o\000n}{section.2.2}% 9
\BOOKMARK [2][-]{subsection.2.2.4}{\376\377\000M\000u\000l\000t\000i\000p\000l\000e\000\040\000S\000o\000u\000r\000c\000e\000s}{section.2.2}% 10
\BOOKMARK [1][-]{section.2.3}{\376\377\000B\000e\000a\000m\000-\000f\000o\000r\000m\000i\000n\000g}{chapter.2}% 11
\BOOKMARK [2][-]{subsection.2.3.1}{\376\377\000L\000i\000t\000e\000r\000a\000t\000u\000r\000e\000\040\000E\000x\000a\000m\000p\000l\000e\000s}{section.2.3}% 12
\BOOKMARK [2][-]{subsection.2.3.2}{\376\377\000F\000r\000e\000q\000u\000e\000n\000c\000y\000\040\000a\000n\000d\000\040\000W\000i\000d\000t\000h}{section.2.3}% 13
\BOOKMARK [1][-]{section.2.4}{\376\377\000M\000U\000S\000I\000C}{chapter.2}% 14
\BOOKMARK [2][-]{subsection.2.4.1}{\376\377\000L\000i\000t\000e\000r\000a\000t\000u\000r\000e\000\040\000E\000x\000a\000m\000p\000l\000e\000s}{section.2.4}% 15
\BOOKMARK [1][-]{section.2.5}{\376\377\000D\000i\000s\000c\000u\000s\000s\000i\000o\000n\000\040\000o\000f\000\040\000t\000h\000e\000\040\000L\000i\000t\000e\000r\000a\000t\000u\000r\000e}{chapter.2}% 16
\BOOKMARK [2][-]{subsection.2.5.1}{\376\377\000A\000c\000c\000u\000r\000a\000c\000y\000\040\000a\000n\000d\000\040\000E\000s\000t\000i\000m\000a\000t\000i\000o\000n}{section.2.5}% 17
\BOOKMARK [2][-]{subsection.2.5.2}{\376\377\000D\000i\000m\000e\000n\000s\000i\000o\000n\000s}{section.2.5}% 18
\BOOKMARK [2][-]{subsection.2.5.3}{\376\377\000N\000o\000i\000s\000e\000\040\000a\000n\000d\000\040\000R\000e\000v\000e\000r\000b\000e\000r\000a\000t\000i\000o\000n}{section.2.5}% 19
\BOOKMARK [2][-]{subsection.2.5.4}{\376\377\000C\000o\000m\000p\000u\000t\000a\000t\000i\000o\000n}{section.2.5}% 20
\BOOKMARK [0][-]{chapter.3}{\376\377\000S\000i\000m\000u\000l\000a\000t\000i\000o\000n}{}% 21
\BOOKMARK [1][-]{section.3.1}{\376\377\000S\000o\000f\000t\000w\000a\000r\000e}{chapter.3}% 22
\BOOKMARK [2][-]{subsection.3.1.1}{\376\377\000P\000y\000t\000h\000o\000n}{section.3.1}% 23
\BOOKMARK [2][-]{subsection.3.1.2}{\376\377\000P\000y\000r\000o\000o\000m\000a\000c\000o\000u\000s\000t\000i\000c\000s}{section.3.1}% 24
\BOOKMARK [2][-]{subsection.3.1.3}{\376\377\000S\000o\000u\000n\000d\000s}{section.3.1}% 25
\BOOKMARK [1][-]{section.3.2}{\376\377\000E\000v\000a\000l\000u\000a\000t\000i\000o\000n\000\040\000o\000f\000\040\000E\000x\000a\000m\000p\000l\000e\000s\000\040\000i\000n\000\040\000t\000h\000e\000\040\000L\000i\000t\000e\000r\000a\000t\000u\000r\000e}{chapter.3}% 26
\BOOKMARK [2][-]{subsection.3.2.1}{\376\377\000R\000e\000c\000t\000a\000n\000g\000u\000l\000a\000r\000\040\000P\000y\000r\000a\000m\000i\000d\000\040\000A\000r\000r\000a\000y\000\040\000w\000i\000t\000h\000\040\000T\000D\000O\000A}{section.3.2}% 27
\BOOKMARK [2][-]{subsection.3.2.2}{\376\377\000S\000R\000P\000-\000P\000H\000A\000T}{section.3.2}% 28
\BOOKMARK [0][-]{chapter.4}{\376\377\000C\000o\000n\000c\000l\000u\000s\000i\000o\000n}{}% 29
