\BOOKMARK [0][-]{chapter.1}{\376\377\000I\000n\000t\000r\000o\000d\000u\000c\000t\000i\000o\000n}{}% 1
\BOOKMARK [1][-]{section.1.1}{\376\377\000B\000a\000c\000k\000g\000r\000o\000u\000n\000d}{chapter.1}% 2
\BOOKMARK [2][-]{subsection.1.1.1}{\376\377\000N\000U\000b\000o\000t\000s}{section.1.1}% 3
\BOOKMARK [2][-]{subsection.1.1.2}{\376\377\000A\000p\000p\000l\000i\000c\000a\000t\000i\000o\000n\000s}{section.1.1}% 4
\BOOKMARK [1][-]{section.1.2}{\376\377\000S\000c\000o\000p\000e}{chapter.1}% 5
\BOOKMARK [0][-]{chapter.2}{\376\377\000L\000i\000t\000e\000r\000a\000t\000u\000r\000e\000-\000R\000e\000v\000i\000e\000w\000\040\000a\000n\000d\000\040\000T\000h\000e\000o\000r\000y}{}% 6
\BOOKMARK [1][-]{section.2.1}{\376\377\000O\000v\000e\000r\000v\000i\000e\000w\000\040\000o\000f\000\040\000M\000e\000t\000h\000o\000d\000s}{chapter.2}% 7
\BOOKMARK [1][-]{section.2.2}{\376\377\000T\000h\000e\000\040\000f\000a\000r\000\040\000F\000i\000e\000l\000d\000\040\000a\000n\000d\000\040\000t\000h\000e\000\040\000n\000e\000a\000r\000\040\000F\000i\000e\000l\000d}{chapter.2}% 8
\BOOKMARK [1][-]{section.2.3}{\376\377\000T\000i\000m\000e\000-\000D\000i\000f\000f\000e\000r\000e\000n\000c\000e\000\040\000o\000f\000\040\000A\000r\000r\000i\000v\000a\000l}{chapter.2}% 9
\BOOKMARK [2][-]{subsection.2.3.1}{\376\377\000D\000i\000s\000t\000a\000n\000c\000e}{section.2.3}% 10
\BOOKMARK [2][-]{subsection.2.3.2}{\376\377\000R\000e\000v\000e\000r\000b\000e\000r\000a\000t\000i\000o\000n}{section.2.3}% 11
\BOOKMARK [2][-]{subsection.2.3.3}{\376\377\000M\000u\000l\000t\000i\000p\000l\000e\000\040\000S\000o\000u\000r\000c\000e\000s}{section.2.3}% 12
\BOOKMARK [2][-]{subsection.2.3.4}{\376\377\000L\000i\000t\000e\000r\000a\000t\000u\000r\000e\000\040\000E\000x\000a\000m\000p\000l\000e\000s}{section.2.3}% 13
\BOOKMARK [1][-]{section.2.4}{\376\377\000B\000e\000a\000m\000-\000f\000o\000r\000m\000i\000n\000g}{chapter.2}% 14
\BOOKMARK [2][-]{subsection.2.4.1}{\376\377\000D\000e\000l\000a\000y\000-\000a\000n\000d\000-\000S\000u\000m}{section.2.4}% 15
\BOOKMARK [2][-]{subsection.2.4.2}{\376\377\000S\000t\000e\000e\000r\000e\000d\000\040\000R\000e\000s\000p\000o\000n\000s\000e\000\040\000P\000o\000w\000e\000r}{section.2.4}% 16
\BOOKMARK [2][-]{subsection.2.4.3}{\376\377\000L\000i\000t\000e\000r\000a\000t\000u\000r\000e\000\040\000E\000x\000a\000m\000p\000l\000e\000s}{section.2.4}% 17
\BOOKMARK [1][-]{section.2.5}{\376\377\000M\000U\000S\000I\000C}{chapter.2}% 18
\BOOKMARK [2][-]{subsection.2.5.1}{\376\377\000L\000i\000t\000e\000r\000a\000t\000u\000r\000e\000\040\000E\000x\000a\000m\000p\000l\000e\000s}{section.2.5}% 19
\BOOKMARK [1][-]{section.2.6}{\376\377\000D\000i\000s\000c\000u\000s\000s\000i\000o\000n\000\040\000o\000f\000\040\000t\000h\000e\000\040\000L\000i\000t\000e\000r\000a\000t\000u\000r\000e}{chapter.2}% 20
\BOOKMARK [0][-]{chapter.3}{\376\377\000P\000r\000e\000l\000i\000m\000i\000n\000a\000r\000y\000\040\000S\000i\000m\000u\000l\000a\000t\000i\000o\000n\000s}{}% 21
\BOOKMARK [1][-]{section.3.1}{\376\377\000S\000o\000f\000t\000w\000a\000r\000e}{chapter.3}% 22
\BOOKMARK [2][-]{subsection.3.1.1}{\376\377\000P\000y\000t\000h\000o\000n}{section.3.1}% 23
\BOOKMARK [2][-]{subsection.3.1.2}{\376\377\000P\000y\000r\000o\000o\000m\000a\000c\000o\000u\000s\000t\000i\000c\000s}{section.3.1}% 24
\BOOKMARK [2][-]{subsection.3.1.3}{\376\377\000S\000o\000u\000n\000d\000s}{section.3.1}% 25
\BOOKMARK [1][-]{section.3.2}{\376\377\000E\000v\000a\000l\000u\000a\000t\000i\000o\000n\000\040\000o\000f\000\040\000E\000x\000a\000m\000p\000l\000e\000s\000\040\000i\000n\000\040\000t\000h\000e\000\040\000L\000i\000t\000e\000r\000a\000t\000u\000r\000e}{chapter.3}% 26
\BOOKMARK [2][-]{subsection.3.2.1}{\376\377\000R\000e\000c\000t\000a\000n\000g\000u\000l\000a\000r\000\040\000P\000y\000r\000a\000m\000i\000d\000\040\000A\000r\000r\000a\000y\000\040\000w\000i\000t\000h\000\040\000T\000D\000O\000A}{section.3.2}% 27
\BOOKMARK [2][-]{subsection.3.2.2}{\376\377\000S\000R\000P\000-\000P\000H\000A\000T}{section.3.2}% 28
\BOOKMARK [1][-]{section.3.3}{\376\377\000F\000u\000r\000t\000h\000e\000r\000\040\000S\000t\000u\000d\000y\000\040\000i\000n\000t\000o\000\040\000S\000R\000P\000-\000P\000H\000A\000T}{chapter.3}% 29
\BOOKMARK [2][-]{subsection.3.3.1}{\376\377\000E\000x\000p\000e\000r\000i\000m\000e\000n\000t\000a\000l\000\040\000M\000e\000t\000h\000o\000d}{section.3.3}% 30
\BOOKMARK [2][-]{subsection.3.3.2}{\376\377\000E\000f\000f\000e\000c\000t\000\040\000o\000f\000\040\000t\000h\000e\000\040\000S\000a\000m\000p\000l\000i\000n\000g\000\040\000F\000r\000e\000q\000u\000e\000n\000c\000y}{section.3.3}% 31
\BOOKMARK [2][-]{subsection.3.3.3}{\376\377\000E\000f\000f\000e\000c\000t\000\040\000o\000f\000\040\000t\000h\000e\000\040\000F\000r\000a\000m\000e\000'\000s\000\040\000L\000e\000n\000g\000t\000h}{section.3.3}% 32
\BOOKMARK [2][-]{subsection.3.3.4}{\376\377\000R\000u\000d\000i\000m\000e\000n\000t\000r\000y\000\040\000A\000n\000a\000l\000y\000s\000i\000s\000\040\000o\000f\000\040\000C\000o\000m\000p\000u\000t\000a\000t\000i\000o\000n}{section.3.3}% 33
\BOOKMARK [0][-]{chapter.4}{\376\377\000P\000r\000o\000p\000o\000s\000e\000d\000\040\000S\000y\000s\000t\000e\000m}{}% 34
\BOOKMARK [1][-]{section.4.1}{\376\377\000A\000l\000g\000o\000r\000i\000t\000h\000m}{chapter.4}% 35
\BOOKMARK [1][-]{section.4.2}{\376\377\000C\000h\000o\000s\000e\000n\000\040\000P\000a\000r\000a\000m\000e\000t\000e\000r\000s}{chapter.4}% 36
\BOOKMARK [1][-]{section.4.3}{\376\377\000C\000o\000n\000f\000i\000d\000e\000n\000c\000e}{chapter.4}% 37
\BOOKMARK [1][-]{section.4.4}{\376\377\000C\000h\000o\000s\000e\000n\000\040\000G\000e\000o\000m\000e\000t\000r\000y}{chapter.4}% 38
\BOOKMARK [0][-]{chapter.5}{\376\377\000S\000i\000m\000u\000l\000a\000t\000i\000o\000n\000\040\000o\000f\000\040\000t\000h\000e\000\040\000P\000r\000o\000p\000o\000s\000e\000d\000\040\000S\000y\000s\000t\000e\000m}{}% 39
\BOOKMARK [1][-]{section.5.1}{\376\377\000E\000x\000p\000e\000r\000i\000m\000e\000n\000t\000a\000l\000\040\000M\000e\000t\000h\000o\000d}{chapter.5}% 40
\BOOKMARK [1][-]{section.5.2}{\376\377\000P\000e\000r\000f\000o\000r\000m\000a\000n\000c\000e\000\040\000a\000g\000a\000i\000n\000s\000t\000\040\000N\000o\000i\000s\000e}{chapter.5}% 41
\BOOKMARK [1][-]{section.5.3}{\376\377\000P\000e\000r\000f\000o\000r\000m\000a\000n\000c\000e\000\040\000a\000g\000a\000i\000n\000s\000t\000\040\000D\000i\000s\000t\000a\000n\000c\000e}{chapter.5}% 42
\BOOKMARK [1][-]{section.5.4}{\376\377\000E\000f\000f\000e\000c\000t\000\040\000o\000f\000\040\000D\000e\000l\000a\000y}{chapter.5}% 43
\BOOKMARK [1][-]{section.5.5}{\376\377\000D\000i\000s\000c\000u\000s\000s\000i\000o\000n}{chapter.5}% 44
\BOOKMARK [0][-]{chapter.6}{\376\377\000E\000l\000e\000c\000t\000r\000o\000n\000i\000c\000s\000\040\000D\000e\000s\000i\000g\000n}{}% 45
\BOOKMARK [1][-]{section.6.1}{\376\377\000O\000v\000e\000r\000a\000l\000l\000\040\000N\000e\000e\000d\000s}{chapter.6}% 46
\BOOKMARK [1][-]{section.6.2}{\376\377\000R\000e\000s\000e\000a\000r\000c\000h\000\040\000o\000f\000\040\000M\000i\000c\000r\000o\000p\000h\000o\000n\000e\000s}{chapter.6}% 47
\BOOKMARK [2][-]{subsection.6.2.1}{\376\377\000S\000e\000n\000s\000i\000t\000i\000v\000i\000t\000y\000\040\000a\000n\000d\000\040\000D\000y\000n\000a\000m\000i\000c\000\040\000R\000a\000n\000g\000e}{section.6.2}% 48
\BOOKMARK [2][-]{subsection.6.2.2}{\376\377\000I\000n\000t\000e\000r\000f\000a\000c\000e}{section.6.2}% 49
\BOOKMARK [2][-]{subsection.6.2.3}{\376\377\000A\000n\000t\000i\000-\000a\000l\000i\000a\000s\000i\000n\000g\000\040\000F\000i\000l\000t\000e\000r}{section.6.2}% 50
\BOOKMARK [1][-]{section.6.3}{\376\377\000C\000h\000o\000s\000e\000n\000\040\000C\000o\000m\000p\000o\000n\000e\000n\000t\000s}{chapter.6}% 51
\BOOKMARK [2][-]{subsection.6.3.1}{\376\377\000M\000i\000c\000r\000o\000p\000h\000o\000n\000e}{section.6.3}% 52
\BOOKMARK [2][-]{subsection.6.3.2}{\376\377\000P\000r\000e\000a\000m\000p\000l\000i\000f\000i\000e\000r}{section.6.3}% 53
\BOOKMARK [2][-]{subsection.6.3.3}{\376\377\000D\000i\000f\000f\000e\000r\000e\000n\000c\000e\000-\000A\000m\000p\000l\000i\000f\000i\000e\000r}{section.6.3}% 54
\BOOKMARK [2][-]{subsection.6.3.4}{\376\377\000E\000x\000t\000e\000r\000n\000a\000l\000\040\000A\000D\000C\000\040\000C\000h\000i\000p}{section.6.3}% 55
\BOOKMARK [2][-]{subsection.6.3.5}{\376\377\000P\000r\000o\000c\000e\000s\000s\000o\000r}{section.6.3}% 56
\BOOKMARK [2][-]{subsection.6.3.6}{\376\377\000O\000t\000h\000e\000r\000\040\000C\000o\000m\000p\000o\000n\000e\000n\000t\000s}{section.6.3}% 57
\BOOKMARK [1][-]{section.6.4}{\376\377\000C\000h\000o\000s\000e\000n\000\040\000D\000e\000s\000i\000g\000n}{chapter.6}% 58
\BOOKMARK [2][-]{subsection.6.4.1}{\376\377\000O\000v\000e\000r\000a\000l\000l\000\040\000D\000e\000s\000i\000g\000n}{section.6.4}% 59
\BOOKMARK [2][-]{subsection.6.4.2}{\376\377\000F\000i\000l\000t\000e\000r\000i\000n\000g\000\040\000a\000n\000d\000\040\000S\000a\000m\000p\000l\000i\000n\000g}{section.6.4}% 60
\BOOKMARK [2][-]{subsection.6.4.3}{\376\377\000D\000y\000n\000a\000m\000i\000c\000\040\000R\000a\000n\000g\000e}{section.6.4}% 61
\BOOKMARK [1][-]{section.6.5}{\376\377\000P\000r\000i\000n\000t\000e\000d\000\040\000C\000i\000r\000c\000u\000i\000t\000-\000B\000o\000a\000r\000d\000s}{chapter.6}% 62
\BOOKMARK [2][-]{subsection.6.5.1}{\376\377\000M\000o\000t\000h\000e\000r\000b\000o\000a\000r\000d}{section.6.5}% 63
\BOOKMARK [2][-]{subsection.6.5.2}{\376\377\000D\000a\000u\000g\000h\000t\000e\000r\000b\000o\000a\000r\000d}{section.6.5}% 64
\BOOKMARK [0][-]{chapter.7}{\376\377\000F\000i\000r\000m\000w\000a\000r\000e\000\040\000D\000e\000s\000i\000g\000n}{}% 65
\BOOKMARK [1][-]{section.7.1}{\376\377\000O\000v\000e\000r\000a\000l\000l\000\040\000D\000e\000s\000i\000g\000n}{chapter.7}% 66
\BOOKMARK [1][-]{section.7.2}{\376\377\000P\000a\000r\000a\000l\000l\000e\000l\000\040\000I\000n\000t\000e\000r\000f\000a\000c\000e}{chapter.7}% 67
\BOOKMARK [1][-]{section.7.3}{\376\377\000D\000i\000g\000i\000t\000a\000l\000\040\000F\000i\000l\000t\000e\000r}{chapter.7}% 68
\BOOKMARK [1][-]{section.7.4}{\376\377\000F\000F\000T\000\040\000a\000n\000d\000\040\000O\000t\000h\000e\000r\000\040\000M\000a\000t\000h\000e\000m\000a\000t\000i\000c\000a\000l\000\040\000F\000u\000n\000c\000t\000i\000o\000n\000s}{chapter.7}% 69
\BOOKMARK [0][-]{chapter.8}{\376\377\000T\000e\000s\000t\000i\000n\000g}{}% 70
\BOOKMARK [1][-]{section.8.1}{\376\377\000F\000i\000r\000m\000w\000a\000r\000e}{chapter.8}% 71
\BOOKMARK [2][-]{subsection.8.1.1}{\376\377\000C\000o\000m\000p\000u\000t\000a\000t\000i\000o\000n\000\040\000a\000n\000d\000\040\000T\000i\000m\000i\000n\000g}{section.8.1}% 72
\BOOKMARK [2][-]{subsection.8.1.2}{\376\377\000S\000i\000g\000n\000a\000l\000-\000p\000r\000o\000c\000e\000s\000s\000i\000n\000g}{section.8.1}% 73
\BOOKMARK [2][-]{subsection.8.1.3}{\376\377\000P\000r\000e\000l\000i\000m\000i\000n\000a\000r\000y\000\040\000E\000n\000e\000r\000g\000y\000-\000m\000a\000p}{section.8.1}% 74
\BOOKMARK [0][-]{chapter.9}{\376\377\000P\000h\000y\000s\000i\000c\000a\000l\000\040\000E\000x\000p\000e\000r\000i\000m\000e\000n\000t\000s}{}% 75
\BOOKMARK [1][-]{section.9.1}{\376\377\000E\000x\000p\000e\000r\000i\000m\000e\000n\000t\000a\000l\000\040\000S\000e\000t\000-\000u\000p}{chapter.9}% 76
\BOOKMARK [1][-]{section.9.2}{\376\377\000E\000f\000f\000e\000c\000t\000\040\000o\000f\000\040\000D\000i\000s\000t\000a\000n\000c\000e}{chapter.9}% 77
\BOOKMARK [2][-]{subsection.9.2.1}{\376\377\000E\000x\000p\000e\000r\000i\000m\000e\000n\000t\000a\000l\000\040\000M\000e\000t\000h\000o\000d}{section.9.2}% 78
\BOOKMARK [1][-]{section.9.3}{\376\377\000E\000f\000f\000e\000c\000t\000\040\000o\000f\000\040\000A\000n\000g\000l\000e}{chapter.9}% 79
\BOOKMARK [2][-]{subsection.9.3.1}{\376\377\000E\000x\000p\000e\000r\000i\000m\000e\000n\000t\000a\000l\000\040\000M\000e\000t\000h\000o\000d}{section.9.3}% 80
\BOOKMARK [1][-]{section.9.4}{\376\377\000E\000f\000f\000e\000c\000t\000\040\000o\000f\000\040\000T\000y\000p\000e}{chapter.9}% 81
\BOOKMARK [2][-]{subsection.9.4.1}{\376\377\000E\000x\000p\000e\000r\000i\000m\000e\000n\000t\000a\000l\000\040\000M\000e\000t\000h\000o\000d}{section.9.4}% 82
\BOOKMARK [0][-]{chapter.10}{\376\377\000P\000o\000s\000t\000-\000p\000r\000o\000c\000e\000s\000s\000i\000n\000g}{}% 83
\BOOKMARK [1][-]{section.10.1}{\376\377\000E\000x\000t\000e\000n\000d\000e\000d\000\040\000K\000a\000l\000m\000a\000n\000\040\000F\000i\000l\000t\000e\000r}{chapter.10}% 84
\BOOKMARK [1][-]{section.10.2}{\376\377\000V\000i\000s\000u\000a\000l\000i\000s\000a\000t\000i\000o\000n}{chapter.10}% 85
\BOOKMARK [0][-]{chapter.11}{\376\377\000C\000o\000n\000c\000l\000u\000s\000i\000o\000n}{}% 86
\BOOKMARK [1][-]{section.11.1}{\376\377\000P\000r\000o\000g\000r\000e\000s\000s}{chapter.11}% 87
\BOOKMARK [1][-]{section.11.2}{\376\377\000F\000i\000n\000d\000i\000n\000g\000s}{chapter.11}% 88
\BOOKMARK [1][-]{section.11.3}{\376\377\000F\000u\000t\000u\000r\000e\000\040\000W\000o\000r\000k}{chapter.11}% 89
\BOOKMARK [0][-]{section*.86}{\376\377\000A\000p\000p\000e\000n\000d\000i\000c\000e\000s}{}% 90
\BOOKMARK [0][-]{appendix.1.A}{\376\377\000S\000c\000h\000e\000m\000a\000t\000i\000c\000s\000\040\000o\000f\000\040\000E\000l\000e\000c\000t\000r\000o\000n\000i\000c\000s}{}% 91
