This is pdfTeX, Version 3.141592653-2.6-1.40.22 (TeX Live 2022/dev/Debian) (preloaded format=pdflatex 2023.7.28)  27 OCT 2023 23:33
entering extended mode
 restricted \write18 enabled.
 %&-line parsing enabled.
**thesis.tex
(./thesis.tex
LaTeX2e <2021-11-15> patch level 1
L3 programming layer <2022-01-21>
(/usr/share/texlive/texmf-dist/tex/latex/base/report.cls
Document Class: report 2021/10/04 v1.4n Standard LaTeX document class
(/usr/share/texlive/texmf-dist/tex/latex/base/size10.clo
File: size10.clo 2021/10/04 v1.4n Standard LaTeX file (size option)
)
\c@part=\count185
\c@chapter=\count186
\c@section=\count187
\c@subsection=\count188
\c@subsubsection=\count189
\c@paragraph=\count190
\c@subparagraph=\count191
\c@figure=\count192
\c@table=\count193
\abovecaptionskip=\skip47
\belowcaptionskip=\skip48
\bibindent=\dimen138
)
(/usr/share/texlive/texmf-dist/tex/latex/base/fontenc.sty
Package: fontenc 2021/04/29 v2.0v Standard LaTeX package
)
(/usr/share/texmf/tex/latex/lm/lmodern.sty
Package: lmodern 2009/10/30 v1.6 Latin Modern Fonts
LaTeX Font Info:    Overwriting symbol font `operators' in version `normal'
(Font)                  OT1/cmr/m/n --> OT1/lmr/m/n on input line 22.
LaTeX Font Info:    Overwriting symbol font `letters' in version `normal'
(Font)                  OML/cmm/m/it --> OML/lmm/m/it on input line 23.
LaTeX Font Info:    Overwriting symbol font `symbols' in version `normal'
(Font)                  OMS/cmsy/m/n --> OMS/lmsy/m/n on input line 24.
LaTeX Font Info:    Overwriting symbol font `largesymbols' in version `normal'
(Font)                  OMX/cmex/m/n --> OMX/lmex/m/n on input line 25.
LaTeX Font Info:    Overwriting symbol font `operators' in version `bold'
(Font)                  OT1/cmr/bx/n --> OT1/lmr/bx/n on input line 26.
LaTeX Font Info:    Overwriting symbol font `letters' in version `bold'
(Font)                  OML/cmm/b/it --> OML/lmm/b/it on input line 27.
LaTeX Font Info:    Overwriting symbol font `symbols' in version `bold'
(Font)                  OMS/cmsy/b/n --> OMS/lmsy/b/n on input line 28.
LaTeX Font Info:    Overwriting symbol font `largesymbols' in version `bold'
(Font)                  OMX/cmex/m/n --> OMX/lmex/m/n on input line 29.
LaTeX Font Info:    Overwriting math alphabet `\mathbf' in version `normal'
(Font)                  OT1/cmr/bx/n --> OT1/lmr/bx/n on input line 31.
LaTeX Font Info:    Overwriting math alphabet `\mathsf' in version `normal'
(Font)                  OT1/cmss/m/n --> OT1/lmss/m/n on input line 32.
LaTeX Font Info:    Overwriting math alphabet `\mathit' in version `normal'
(Font)                  OT1/cmr/m/it --> OT1/lmr/m/it on input line 33.
LaTeX Font Info:    Overwriting math alphabet `\mathtt' in version `normal'
(Font)                  OT1/cmtt/m/n --> OT1/lmtt/m/n on input line 34.
LaTeX Font Info:    Overwriting math alphabet `\mathbf' in version `bold'
(Font)                  OT1/cmr/bx/n --> OT1/lmr/bx/n on input line 35.
LaTeX Font Info:    Overwriting math alphabet `\mathsf' in version `bold'
(Font)                  OT1/cmss/bx/n --> OT1/lmss/bx/n on input line 36.
LaTeX Font Info:    Overwriting math alphabet `\mathit' in version `bold'
(Font)                  OT1/cmr/bx/it --> OT1/lmr/bx/it on input line 37.
LaTeX Font Info:    Overwriting math alphabet `\mathtt' in version `bold'
(Font)                  OT1/cmtt/m/n --> OT1/lmtt/m/n on input line 38.
)
(/usr/share/texlive/texmf-dist/tex/latex/hyperref/hyperref.sty
Package: hyperref 2021-06-07 v7.00m Hypertext links for LaTeX

(/usr/share/texlive/texmf-dist/tex/generic/ltxcmds/ltxcmds.sty
Package: ltxcmds 2020-05-10 v1.25 LaTeX kernel commands for general use (HO)
)
(/usr/share/texlive/texmf-dist/tex/generic/iftex/iftex.sty
Package: iftex 2020/03/06 v1.0d TeX engine tests
)
(/usr/share/texlive/texmf-dist/tex/generic/pdftexcmds/pdftexcmds.sty
Package: pdftexcmds 2020-06-27 v0.33 Utility functions of pdfTeX for LuaTeX (HO
)

(/usr/share/texlive/texmf-dist/tex/generic/infwarerr/infwarerr.sty
Package: infwarerr 2019/12/03 v1.5 Providing info/warning/error messages (HO)
)
Package pdftexcmds Info: \pdf@primitive is available.
Package pdftexcmds Info: \pdf@ifprimitive is available.
Package pdftexcmds Info: \pdfdraftmode found.
)
(/usr/share/texlive/texmf-dist/tex/latex/graphics/keyval.sty
Package: keyval 2014/10/28 v1.15 key=value parser (DPC)
\KV@toks@=\toks16
)
(/usr/share/texlive/texmf-dist/tex/generic/kvsetkeys/kvsetkeys.sty
Package: kvsetkeys 2019/12/15 v1.18 Key value parser (HO)
)
(/usr/share/texlive/texmf-dist/tex/generic/kvdefinekeys/kvdefinekeys.sty
Package: kvdefinekeys 2019-12-19 v1.6 Define keys (HO)
)
(/usr/share/texlive/texmf-dist/tex/generic/pdfescape/pdfescape.sty
Package: pdfescape 2019/12/09 v1.15 Implements pdfTeX's escape features (HO)
)
(/usr/share/texlive/texmf-dist/tex/latex/hycolor/hycolor.sty
Package: hycolor 2020-01-27 v1.10 Color options for hyperref/bookmark (HO)
)
(/usr/share/texlive/texmf-dist/tex/latex/letltxmacro/letltxmacro.sty
Package: letltxmacro 2019/12/03 v1.6 Let assignment for LaTeX macros (HO)
)
(/usr/share/texlive/texmf-dist/tex/latex/auxhook/auxhook.sty
Package: auxhook 2019-12-17 v1.6 Hooks for auxiliary files (HO)
)
(/usr/share/texlive/texmf-dist/tex/latex/kvoptions/kvoptions.sty
Package: kvoptions 2020-10-07 v3.14 Key value format for package options (HO)
)
\@linkdim=\dimen139
\Hy@linkcounter=\count194
\Hy@pagecounter=\count195

(/usr/share/texlive/texmf-dist/tex/latex/hyperref/pd1enc.def
File: pd1enc.def 2021-06-07 v7.00m Hyperref: PDFDocEncoding definition (HO)
Now handling font encoding PD1 ...
... no UTF-8 mapping file for font encoding PD1
)
(/usr/share/texlive/texmf-dist/tex/latex/hyperref/hyperref-langpatches.def
File: hyperref-langpatches.def 2021-06-07 v7.00m Hyperref: patches for babel la
nguages
)
(/usr/share/texlive/texmf-dist/tex/generic/intcalc/intcalc.sty
Package: intcalc 2019/12/15 v1.3 Expandable calculations with integers (HO)
)
(/usr/share/texlive/texmf-dist/tex/generic/etexcmds/etexcmds.sty
Package: etexcmds 2019/12/15 v1.7 Avoid name clashes with e-TeX commands (HO)
)
\Hy@SavedSpaceFactor=\count196

(/usr/share/texlive/texmf-dist/tex/latex/hyperref/puenc.def
File: puenc.def 2021-06-07 v7.00m Hyperref: PDF Unicode definition (HO)
Now handling font encoding PU ...
... no UTF-8 mapping file for font encoding PU
)
Package hyperref Info: Hyper figures OFF on input line 4192.
Package hyperref Info: Link nesting OFF on input line 4197.
Package hyperref Info: Hyper index ON on input line 4200.
Package hyperref Info: Plain pages OFF on input line 4207.
Package hyperref Info: Backreferencing OFF on input line 4212.
Package hyperref Info: Implicit mode ON; LaTeX internals redefined.
Package hyperref Info: Bookmarks ON on input line 4445.
\c@Hy@tempcnt=\count197

(/usr/share/texlive/texmf-dist/tex/latex/url/url.sty
\Urlmuskip=\muskip16
Package: url 2013/09/16  ver 3.4  Verb mode for urls, etc.
)
LaTeX Info: Redefining \url on input line 4804.
\XeTeXLinkMargin=\dimen140

(/usr/share/texlive/texmf-dist/tex/generic/bitset/bitset.sty
Package: bitset 2019/12/09 v1.3 Handle bit-vector datatype (HO)

(/usr/share/texlive/texmf-dist/tex/generic/bigintcalc/bigintcalc.sty
Package: bigintcalc 2019/12/15 v1.5 Expandable calculations on big integers (HO
)
))
\Fld@menulength=\count198
\Field@Width=\dimen141
\Fld@charsize=\dimen142
Package hyperref Info: Hyper figures OFF on input line 6076.
Package hyperref Info: Link nesting OFF on input line 6081.
Package hyperref Info: Hyper index ON on input line 6084.
Package hyperref Info: backreferencing OFF on input line 6091.
Package hyperref Info: Link coloring OFF on input line 6096.
Package hyperref Info: Link coloring with OCG OFF on input line 6101.
Package hyperref Info: PDF/A mode OFF on input line 6106.
LaTeX Info: Redefining \ref on input line 6146.
LaTeX Info: Redefining \pageref on input line 6150.

(/usr/share/texlive/texmf-dist/tex/latex/base/atbegshi-ltx.sty
Package: atbegshi-ltx 2021/01/10 v1.0c Emulation of the original atbegshi
package with kernel methods
)
\Hy@abspage=\count199
\c@Item=\count266
\c@Hfootnote=\count267
)
Package hyperref Info: Driver (autodetected): hpdftex.

(/usr/share/texlive/texmf-dist/tex/latex/hyperref/hpdftex.def
File: hpdftex.def 2021-06-07 v7.00m Hyperref driver for pdfTeX

(/usr/share/texlive/texmf-dist/tex/latex/base/atveryend-ltx.sty
Package: atveryend-ltx 2020/08/19 v1.0a Emulation of the original atveryend pac
kage
with kernel methods
)
\Fld@listcount=\count268
\c@bookmark@seq@number=\count269

(/usr/share/texlive/texmf-dist/tex/latex/rerunfilecheck/rerunfilecheck.sty
Package: rerunfilecheck 2019/12/05 v1.9 Rerun checks for auxiliary files (HO)

(/usr/share/texlive/texmf-dist/tex/generic/uniquecounter/uniquecounter.sty
Package: uniquecounter 2019/12/15 v1.4 Provide unlimited unique counter (HO)
)
Package uniquecounter Info: New unique counter `rerunfilecheck' on input line 2
86.
)
\Hy@SectionHShift=\skip49
)
(/usr/share/texlive/texmf-dist/tex/latex/amsmath/amsmath.sty
Package: amsmath 2021/10/15 v2.17l AMS math features
\@mathmargin=\skip50

For additional information on amsmath, use the `?' option.
(/usr/share/texlive/texmf-dist/tex/latex/amsmath/amstext.sty
Package: amstext 2021/08/26 v2.01 AMS text

(/usr/share/texlive/texmf-dist/tex/latex/amsmath/amsgen.sty
File: amsgen.sty 1999/11/30 v2.0 generic functions
\@emptytoks=\toks17
\ex@=\dimen143
))
(/usr/share/texlive/texmf-dist/tex/latex/amsmath/amsbsy.sty
Package: amsbsy 1999/11/29 v1.2d Bold Symbols
\pmbraise@=\dimen144
)
(/usr/share/texlive/texmf-dist/tex/latex/amsmath/amsopn.sty
Package: amsopn 2021/08/26 v2.02 operator names
)
\inf@bad=\count270
LaTeX Info: Redefining \frac on input line 234.
\uproot@=\count271
\leftroot@=\count272
LaTeX Info: Redefining \overline on input line 399.
\classnum@=\count273
\DOTSCASE@=\count274
LaTeX Info: Redefining \ldots on input line 496.
LaTeX Info: Redefining \dots on input line 499.
LaTeX Info: Redefining \cdots on input line 620.
\Mathstrutbox@=\box50
\strutbox@=\box51
\big@size=\dimen145
LaTeX Font Info:    Redeclaring font encoding OML on input line 743.
LaTeX Font Info:    Redeclaring font encoding OMS on input line 744.
\macc@depth=\count275
\c@MaxMatrixCols=\count276
\dotsspace@=\muskip17
\c@parentequation=\count277
\dspbrk@lvl=\count278
\tag@help=\toks18
\row@=\count279
\column@=\count280
\maxfields@=\count281
\andhelp@=\toks19
\eqnshift@=\dimen146
\alignsep@=\dimen147
\tagshift@=\dimen148
\tagwidth@=\dimen149
\totwidth@=\dimen150
\lineht@=\dimen151
\@envbody=\toks20
\multlinegap=\skip51
\multlinetaggap=\skip52
\mathdisplay@stack=\toks21
LaTeX Info: Redefining \[ on input line 2938.
LaTeX Info: Redefining \] on input line 2939.
)
(/usr/share/texlive/texmf-dist/tex/latex/amsfonts/amssymb.sty
Package: amssymb 2013/01/14 v3.01 AMS font symbols

(/usr/share/texlive/texmf-dist/tex/latex/amsfonts/amsfonts.sty
Package: amsfonts 2013/01/14 v3.01 Basic AMSFonts support
\symAMSa=\mathgroup4
\symAMSb=\mathgroup5
LaTeX Font Info:    Redeclaring math symbol \hbar on input line 98.
LaTeX Font Info:    Overwriting math alphabet `\mathfrak' in version `bold'
(Font)                  U/euf/m/n --> U/euf/b/n on input line 106.
))
(/usr/share/texlive/texmf-dist/tex/latex/jknapltx/mathrsfs.sty
Package: mathrsfs 1996/01/01 Math RSFS package v1.0 (jk)
\symrsfs=\mathgroup6
)
(/usr/share/texlive/texmf-dist/tex/latex/siunitx/siunitx.sty
Package: siunitx 2022-02-02 v3.0.46 A comprehensive (SI) units package
\l__siunitx_angle_tmp_dim=\dimen152
\l__siunitx_angle_marker_box=\box52
\l__siunitx_angle_unit_box=\box53
\l__siunitx_compound_count_int=\count282

(/usr/share/texlive/texmf-dist/tex/latex/translations/translations.sty
Package: translations 2022/01/04 v1.11 internationalization of LaTeX2e packages
 (CN)

(/usr/share/texlive/texmf-dist/tex/latex/etoolbox/etoolbox.sty
Package: etoolbox 2020/10/05 v2.5k e-TeX tools for LaTeX (JAW)
\etb@tempcnta=\count283
))
\l__siunitx_number_exponent_fixed_int=\count284
\l__siunitx_number_min_decimal_int=\count285
\l__siunitx_number_min_integer_int=\count286
\l__siunitx_number_round_precision_int=\count287
\l__siunitx_number_group_minimum_int=\count288
\l__siunitx_table_tmp_box=\box54
\l__siunitx_table_tmp_dim=\dimen153
\l__siunitx_table_column_width_dim=\dimen154
\l__siunitx_table_integer_box=\box55
\l__siunitx_table_decimal_box=\box56
\l__siunitx_table_before_box=\box57
\l__siunitx_table_after_box=\box58
\l__siunitx_table_before_dim=\dimen155
\l__siunitx_table_carry_dim=\dimen156
\l__siunitx_unit_tmp_int=\count289
\l__siunitx_unit_position_int=\count290
\l__siunitx_unit_total_int=\count291

(/usr/share/texlive/texmf-dist/tex/latex/l3packages/l3keys2e/l3keys2e.sty
(/usr/share/texlive/texmf-dist/tex/latex/l3kernel/expl3.sty
Package: expl3 2022-01-21 L3 programming layer (loader) 

(/usr/share/texlive/texmf-dist/tex/latex/l3backend/l3backend-pdftex.def
File: l3backend-pdftex.def 2022-01-12 L3 backend support: PDF output (pdfTeX)
\l__color_backend_stack_int=\count292
\l__pdf_internal_box=\box59
))
Package: l3keys2e 2022-01-12 LaTeX2e option processing using LaTeX3 keys
)
(/usr/share/texlive/texmf-dist/tex/latex/tools/array.sty
Package: array 2021/10/04 v2.5f Tabular extension package (FMi)
\col@sep=\dimen157
\ar@mcellbox=\box60
\extrarowheight=\dimen158
\NC@list=\toks22
\extratabsurround=\skip53
\backup@length=\skip54
\ar@cellbox=\box61
))
(/usr/share/texlive/texmf-dist/tex/latex/algorithms/algorithm.sty
Package: algorithm 2009/08/24 v0.1 Document Style `algorithm' - floating enviro
nment

(/usr/share/texlive/texmf-dist/tex/latex/float/float.sty
Package: float 2001/11/08 v1.3d Float enhancements (AL)
\c@float@type=\count293
\float@exts=\toks23
\float@box=\box62
\@float@everytoks=\toks24
\@floatcapt=\box63
)
(/usr/share/texlive/texmf-dist/tex/latex/base/ifthen.sty
Package: ifthen 2020/11/24 v1.1c Standard LaTeX ifthen package (DPC)
)
\@float@every@algorithm=\toks25
\c@algorithm=\count294
)
(/usr/share/texlive/texmf-dist/tex/latex/algorithmicx/algpseudocode.sty
Package: algpseudocode 

(/usr/share/texlive/texmf-dist/tex/latex/algorithmicx/algorithmicx.sty
Package: algorithmicx 2005/04/27 v1.2 Algorithmicx

Document Style algorithmicx 1.2 - a greatly improved `algorithmic' style
\c@ALG@line=\count295
\c@ALG@rem=\count296
\c@ALG@nested=\count297
\ALG@tlm=\skip55
\ALG@thistlm=\skip56
\c@ALG@Lnr=\count298
\c@ALG@blocknr=\count299
\c@ALG@storecount=\count300
\c@ALG@tmpcounter=\count301
\ALG@tmplength=\skip57
)
Document Style - pseudocode environments for use with the `algorithmicx' style
) (/usr/share/texlive/texmf-dist/tex/latex/graphics/graphicx.sty
Package: graphicx 2021/09/16 v1.2d Enhanced LaTeX Graphics (DPC,SPQR)

(/usr/share/texlive/texmf-dist/tex/latex/graphics/graphics.sty
Package: graphics 2021/03/04 v1.4d Standard LaTeX Graphics (DPC,SPQR)

(/usr/share/texlive/texmf-dist/tex/latex/graphics/trig.sty
Package: trig 2021/08/11 v1.11 sin cos tan (DPC)
)
(/usr/share/texlive/texmf-dist/tex/latex/graphics-cfg/graphics.cfg
File: graphics.cfg 2016/06/04 v1.11 sample graphics configuration
)
Package graphics Info: Driver file: pdftex.def on input line 107.

(/usr/share/texlive/texmf-dist/tex/latex/graphics-def/pdftex.def
File: pdftex.def 2020/10/05 v1.2a Graphics/color driver for pdftex
))
\Gin@req@height=\dimen159
\Gin@req@width=\dimen160
)
(/usr/share/texlive/texmf-dist/tex/latex/caption/caption.sty
Package: caption 2020/10/26 v3.5g Customizing captions (AR)

(/usr/share/texlive/texmf-dist/tex/latex/caption/caption3.sty
Package: caption3 2020/10/21 v2.2e caption3 kernel (AR)
\captionmargin=\dimen161
\captionmargin@=\dimen162
\captionwidth=\dimen163
\caption@tempdima=\dimen164
\caption@indent=\dimen165
\caption@parindent=\dimen166
\caption@hangindent=\dimen167
Package caption Info: Standard document class detected.
)
\c@caption@flags=\count302
\c@continuedfloat=\count303
Package caption Info: float package is loaded.
Package caption Info: hyperref package is loaded.
)
(/usr/share/texlive/texmf-dist/tex/latex/caption/subcaption.sty
Package: subcaption 2020/10/07 v1.3j Sub-captions (AR)
\c@subfigure=\count304
\c@subtable=\count305
)
(/usr/share/texlive/texmf-dist/tex/latex/footmisc/footmisc.sty
Package: footmisc 2011/06/06 v5.5b a miscellany of footnote facilities
\FN@temptoken=\toks26
\footnotemargin=\dimen168
\c@pp@next@reset=\count306
Package footmisc Info: Declaring symbol style bringhurst on input line 855.
Package footmisc Info: Declaring symbol style chicago on input line 863.
Package footmisc Info: Declaring symbol style wiley on input line 872.
Package footmisc Info: Declaring symbol style lamport-robust on input line 883.

Package footmisc Info: Declaring symbol style lamport* on input line 903.
Package footmisc Info: Declaring symbol style lamport*-robust on input line 924
.
)
(/usr/share/texlive/texmf-dist/tex/latex/pdfpages/pdfpages.sty
Package: pdfpages 2022/01/29 v0.5u Insert pages of external PDF documents (AM)

(/usr/share/texlive/texmf-dist/tex/latex/tools/calc.sty
Package: calc 2017/05/25 v4.3 Infix arithmetic (KKT,FJ)
\calc@Acount=\count307
\calc@Bcount=\count308
\calc@Adimen=\dimen169
\calc@Bdimen=\dimen170
\calc@Askip=\skip58
\calc@Bskip=\skip59
LaTeX Info: Redefining \setlength on input line 80.
LaTeX Info: Redefining \addtolength on input line 81.
\calc@Ccount=\count309
\calc@Cskip=\skip60
)
(/usr/share/texlive/texmf-dist/tex/latex/eso-pic/eso-pic.sty
Package: eso-pic 2020/10/14 v3.0a eso-pic (RN)
\ESO@tempdima=\dimen171
\ESO@tempdimb=\dimen172

(/usr/share/texlive/texmf-dist/tex/latex/xcolor/xcolor.sty
Package: xcolor 2021/10/31 v2.13 LaTeX color extensions (UK)

(/usr/share/texlive/texmf-dist/tex/latex/graphics-cfg/color.cfg
File: color.cfg 2016/01/02 v1.6 sample color configuration
)
Package xcolor Info: Driver file: pdftex.def on input line 227.
Package xcolor Info: Model `cmy' substituted by `cmy0' on input line 1352.
Package xcolor Info: Model `hsb' substituted by `rgb' on input line 1356.
Package xcolor Info: Model `RGB' extended on input line 1368.
Package xcolor Info: Model `HTML' substituted by `rgb' on input line 1370.
Package xcolor Info: Model `Hsb' substituted by `hsb' on input line 1371.
Package xcolor Info: Model `tHsb' substituted by `hsb' on input line 1372.
Package xcolor Info: Model `HSB' substituted by `hsb' on input line 1373.
Package xcolor Info: Model `Gray' substituted by `gray' on input line 1374.
Package xcolor Info: Model `wave' substituted by `hsb' on input line 1375.
))
\AM@pagewidth=\dimen173
\AM@pageheight=\dimen174
\AM@fboxrule=\dimen175

(/usr/share/texlive/texmf-dist/tex/latex/pdfpages/pppdftex.def
File: pppdftex.def 2022/01/29 v0.5u Pdfpages driver for pdfTeX (AM)
)
\pdfpages@includegraphics@status=\count310
\AM@pagebox=\box64
\AM@global@opts=\toks27
\AM@pagecnt=\count311
\AM@toc@title=\toks28
\c@AM@survey=\count312
\AM@templatesizebox=\box65
)
(/usr/share/texlive/texmf-dist/tex/latex/base/textcomp.sty
Package: textcomp 2020/02/02 v2.0n Standard LaTeX package
)
(/usr/share/texlive/texmf-dist/tex/latex/pdflscape/pdflscape.sty
Package: pdflscape 2019/12/05 v0.12 Display of landscape pages in PDF (HO)

(/usr/share/texlive/texmf-dist/tex/latex/graphics/lscape.sty
Package: lscape 2020/05/28 v3.02 Landscape Pages (DPC)
)
Package pdflscape Info: Auto-detected driver: pdftex on input line 81.
)
(/usr/share/texlive/texmf-dist/tex/latex/titling/titling.sty
Package: titling 2009/09/04 v2.1d maketitle typesetting
\thanksmarkwidth=\skip61
\thanksmargin=\skip62
\droptitle=\skip63
)
(/usr/share/texlive/texmf-dist/tex/latex/pgf/frontendlayer/tikz.sty
(/usr/share/texlive/texmf-dist/tex/latex/pgf/basiclayer/pgf.sty
(/usr/share/texlive/texmf-dist/tex/latex/pgf/utilities/pgfrcs.sty
(/usr/share/texlive/texmf-dist/tex/generic/pgf/utilities/pgfutil-common.tex
\pgfutil@everybye=\toks29
\pgfutil@tempdima=\dimen176
\pgfutil@tempdimb=\dimen177

(/usr/share/texlive/texmf-dist/tex/generic/pgf/utilities/pgfutil-common-lists.t
ex)) (/usr/share/texlive/texmf-dist/tex/generic/pgf/utilities/pgfutil-latex.def
\pgfutil@abb=\box66
) (/usr/share/texlive/texmf-dist/tex/generic/pgf/utilities/pgfrcs.code.tex
(/usr/share/texlive/texmf-dist/tex/generic/pgf/pgf.revision.tex)
Package: pgfrcs 2021/05/15 v3.1.9a (3.1.9a)
))
Package: pgf 2021/05/15 v3.1.9a (3.1.9a)

(/usr/share/texlive/texmf-dist/tex/latex/pgf/basiclayer/pgfcore.sty
(/usr/share/texlive/texmf-dist/tex/latex/pgf/systemlayer/pgfsys.sty
(/usr/share/texlive/texmf-dist/tex/generic/pgf/systemlayer/pgfsys.code.tex
Package: pgfsys 2021/05/15 v3.1.9a (3.1.9a)

(/usr/share/texlive/texmf-dist/tex/generic/pgf/utilities/pgfkeys.code.tex
\pgfkeys@pathtoks=\toks30
\pgfkeys@temptoks=\toks31

(/usr/share/texlive/texmf-dist/tex/generic/pgf/utilities/pgfkeysfiltered.code.t
ex
\pgfkeys@tmptoks=\toks32
))
\pgf@x=\dimen178
\pgf@y=\dimen179
\pgf@xa=\dimen180
\pgf@ya=\dimen181
\pgf@xb=\dimen182
\pgf@yb=\dimen183
\pgf@xc=\dimen184
\pgf@yc=\dimen185
\pgf@xd=\dimen186
\pgf@yd=\dimen187
\w@pgf@writea=\write3
\r@pgf@reada=\read2
\c@pgf@counta=\count313
\c@pgf@countb=\count314
\c@pgf@countc=\count315
\c@pgf@countd=\count316
\t@pgf@toka=\toks33
\t@pgf@tokb=\toks34
\t@pgf@tokc=\toks35
\pgf@sys@id@count=\count317
 (/usr/share/texlive/texmf-dist/tex/generic/pgf/systemlayer/pgf.cfg
File: pgf.cfg 2021/05/15 v3.1.9a (3.1.9a)
)
Driver file for pgf: pgfsys-pdftex.def

(/usr/share/texlive/texmf-dist/tex/generic/pgf/systemlayer/pgfsys-pdftex.def
File: pgfsys-pdftex.def 2021/05/15 v3.1.9a (3.1.9a)

(/usr/share/texlive/texmf-dist/tex/generic/pgf/systemlayer/pgfsys-common-pdf.de
f
File: pgfsys-common-pdf.def 2021/05/15 v3.1.9a (3.1.9a)
)))
(/usr/share/texlive/texmf-dist/tex/generic/pgf/systemlayer/pgfsyssoftpath.code.
tex
File: pgfsyssoftpath.code.tex 2021/05/15 v3.1.9a (3.1.9a)
\pgfsyssoftpath@smallbuffer@items=\count318
\pgfsyssoftpath@bigbuffer@items=\count319
)
(/usr/share/texlive/texmf-dist/tex/generic/pgf/systemlayer/pgfsysprotocol.code.
tex
File: pgfsysprotocol.code.tex 2021/05/15 v3.1.9a (3.1.9a)
))
(/usr/share/texlive/texmf-dist/tex/generic/pgf/basiclayer/pgfcore.code.tex
Package: pgfcore 2021/05/15 v3.1.9a (3.1.9a)

(/usr/share/texlive/texmf-dist/tex/generic/pgf/math/pgfmath.code.tex
(/usr/share/texlive/texmf-dist/tex/generic/pgf/math/pgfmathcalc.code.tex
(/usr/share/texlive/texmf-dist/tex/generic/pgf/math/pgfmathutil.code.tex)
(/usr/share/texlive/texmf-dist/tex/generic/pgf/math/pgfmathparser.code.tex
\pgfmath@dimen=\dimen188
\pgfmath@count=\count320
\pgfmath@box=\box67
\pgfmath@toks=\toks36
\pgfmath@stack@operand=\toks37
\pgfmath@stack@operation=\toks38
)
(/usr/share/texlive/texmf-dist/tex/generic/pgf/math/pgfmathfunctions.code.tex
(/usr/share/texlive/texmf-dist/tex/generic/pgf/math/pgfmathfunctions.basic.code
.tex)
(/usr/share/texlive/texmf-dist/tex/generic/pgf/math/pgfmathfunctions.trigonomet
ric.code.tex)
(/usr/share/texlive/texmf-dist/tex/generic/pgf/math/pgfmathfunctions.random.cod
e.tex)
(/usr/share/texlive/texmf-dist/tex/generic/pgf/math/pgfmathfunctions.comparison
.code.tex)
(/usr/share/texlive/texmf-dist/tex/generic/pgf/math/pgfmathfunctions.base.code.
tex)
(/usr/share/texlive/texmf-dist/tex/generic/pgf/math/pgfmathfunctions.round.code
.tex)
(/usr/share/texlive/texmf-dist/tex/generic/pgf/math/pgfmathfunctions.misc.code.
tex)
(/usr/share/texlive/texmf-dist/tex/generic/pgf/math/pgfmathfunctions.integerari
thmetics.code.tex)))
(/usr/share/texlive/texmf-dist/tex/generic/pgf/math/pgfmathfloat.code.tex
\c@pgfmathroundto@lastzeros=\count321
))
(/usr/share/texlive/texmf-dist/tex/generic/pgf/math/pgfint.code.tex)
(/usr/share/texlive/texmf-dist/tex/generic/pgf/basiclayer/pgfcorepoints.code.te
x
File: pgfcorepoints.code.tex 2021/05/15 v3.1.9a (3.1.9a)
\pgf@picminx=\dimen189
\pgf@picmaxx=\dimen190
\pgf@picminy=\dimen191
\pgf@picmaxy=\dimen192
\pgf@pathminx=\dimen193
\pgf@pathmaxx=\dimen194
\pgf@pathminy=\dimen195
\pgf@pathmaxy=\dimen196
\pgf@xx=\dimen197
\pgf@xy=\dimen198
\pgf@yx=\dimen199
\pgf@yy=\dimen256
\pgf@zx=\dimen257
\pgf@zy=\dimen258
)
(/usr/share/texlive/texmf-dist/tex/generic/pgf/basiclayer/pgfcorepathconstruct.
code.tex
File: pgfcorepathconstruct.code.tex 2021/05/15 v3.1.9a (3.1.9a)
\pgf@path@lastx=\dimen259
\pgf@path@lasty=\dimen260
)
(/usr/share/texlive/texmf-dist/tex/generic/pgf/basiclayer/pgfcorepathusage.code
.tex
File: pgfcorepathusage.code.tex 2021/05/15 v3.1.9a (3.1.9a)
\pgf@shorten@end@additional=\dimen261
\pgf@shorten@start@additional=\dimen262
)
(/usr/share/texlive/texmf-dist/tex/generic/pgf/basiclayer/pgfcorescopes.code.te
x
File: pgfcorescopes.code.tex 2021/05/15 v3.1.9a (3.1.9a)
\pgfpic=\box68
\pgf@hbox=\box69
\pgf@layerbox@main=\box70
\pgf@picture@serial@count=\count322
)
(/usr/share/texlive/texmf-dist/tex/generic/pgf/basiclayer/pgfcoregraphicstate.c
ode.tex
File: pgfcoregraphicstate.code.tex 2021/05/15 v3.1.9a (3.1.9a)
\pgflinewidth=\dimen263
)
(/usr/share/texlive/texmf-dist/tex/generic/pgf/basiclayer/pgfcoretransformation
s.code.tex
File: pgfcoretransformations.code.tex 2021/05/15 v3.1.9a (3.1.9a)
\pgf@pt@x=\dimen264
\pgf@pt@y=\dimen265
\pgf@pt@temp=\dimen266
)
(/usr/share/texlive/texmf-dist/tex/generic/pgf/basiclayer/pgfcorequick.code.tex
File: pgfcorequick.code.tex 2021/05/15 v3.1.9a (3.1.9a)
)
(/usr/share/texlive/texmf-dist/tex/generic/pgf/basiclayer/pgfcoreobjects.code.t
ex
File: pgfcoreobjects.code.tex 2021/05/15 v3.1.9a (3.1.9a)
)
(/usr/share/texlive/texmf-dist/tex/generic/pgf/basiclayer/pgfcorepathprocessing
.code.tex
File: pgfcorepathprocessing.code.tex 2021/05/15 v3.1.9a (3.1.9a)
)
(/usr/share/texlive/texmf-dist/tex/generic/pgf/basiclayer/pgfcorearrows.code.te
x
File: pgfcorearrows.code.tex 2021/05/15 v3.1.9a (3.1.9a)
\pgfarrowsep=\dimen267
)
(/usr/share/texlive/texmf-dist/tex/generic/pgf/basiclayer/pgfcoreshade.code.tex
File: pgfcoreshade.code.tex 2021/05/15 v3.1.9a (3.1.9a)
\pgf@max=\dimen268
\pgf@sys@shading@range@num=\count323
\pgf@shadingcount=\count324
)
(/usr/share/texlive/texmf-dist/tex/generic/pgf/basiclayer/pgfcoreimage.code.tex
File: pgfcoreimage.code.tex 2021/05/15 v3.1.9a (3.1.9a)

(/usr/share/texlive/texmf-dist/tex/generic/pgf/basiclayer/pgfcoreexternal.code.
tex
File: pgfcoreexternal.code.tex 2021/05/15 v3.1.9a (3.1.9a)
\pgfexternal@startupbox=\box71
))
(/usr/share/texlive/texmf-dist/tex/generic/pgf/basiclayer/pgfcorelayers.code.te
x
File: pgfcorelayers.code.tex 2021/05/15 v3.1.9a (3.1.9a)
)
(/usr/share/texlive/texmf-dist/tex/generic/pgf/basiclayer/pgfcoretransparency.c
ode.tex
File: pgfcoretransparency.code.tex 2021/05/15 v3.1.9a (3.1.9a)
)
(/usr/share/texlive/texmf-dist/tex/generic/pgf/basiclayer/pgfcorepatterns.code.
tex
File: pgfcorepatterns.code.tex 2021/05/15 v3.1.9a (3.1.9a)
)
(/usr/share/texlive/texmf-dist/tex/generic/pgf/basiclayer/pgfcorerdf.code.tex
File: pgfcorerdf.code.tex 2021/05/15 v3.1.9a (3.1.9a)
)))
(/usr/share/texlive/texmf-dist/tex/generic/pgf/modules/pgfmoduleshapes.code.tex
File: pgfmoduleshapes.code.tex 2021/05/15 v3.1.9a (3.1.9a)
\pgfnodeparttextbox=\box72
) (/usr/share/texlive/texmf-dist/tex/generic/pgf/modules/pgfmoduleplot.code.tex
File: pgfmoduleplot.code.tex 2021/05/15 v3.1.9a (3.1.9a)
)
(/usr/share/texlive/texmf-dist/tex/latex/pgf/compatibility/pgfcomp-version-0-65
.sty
Package: pgfcomp-version-0-65 2021/05/15 v3.1.9a (3.1.9a)
\pgf@nodesepstart=\dimen269
\pgf@nodesepend=\dimen270
)
(/usr/share/texlive/texmf-dist/tex/latex/pgf/compatibility/pgfcomp-version-1-18
.sty
Package: pgfcomp-version-1-18 2021/05/15 v3.1.9a (3.1.9a)
)) (/usr/share/texlive/texmf-dist/tex/latex/pgf/utilities/pgffor.sty
(/usr/share/texlive/texmf-dist/tex/latex/pgf/utilities/pgfkeys.sty
(/usr/share/texlive/texmf-dist/tex/generic/pgf/utilities/pgfkeys.code.tex))
(/usr/share/texlive/texmf-dist/tex/latex/pgf/math/pgfmath.sty
(/usr/share/texlive/texmf-dist/tex/generic/pgf/math/pgfmath.code.tex))
(/usr/share/texlive/texmf-dist/tex/generic/pgf/utilities/pgffor.code.tex
Package: pgffor 2021/05/15 v3.1.9a (3.1.9a)

(/usr/share/texlive/texmf-dist/tex/generic/pgf/math/pgfmath.code.tex)
\pgffor@iter=\dimen271
\pgffor@skip=\dimen272
\pgffor@stack=\toks39
\pgffor@toks=\toks40
))
(/usr/share/texlive/texmf-dist/tex/generic/pgf/frontendlayer/tikz/tikz.code.tex
Package: tikz 2021/05/15 v3.1.9a (3.1.9a)

(/usr/share/texlive/texmf-dist/tex/generic/pgf/libraries/pgflibraryplothandlers
.code.tex
File: pgflibraryplothandlers.code.tex 2021/05/15 v3.1.9a (3.1.9a)
\pgf@plot@mark@count=\count325
\pgfplotmarksize=\dimen273
)
\tikz@lastx=\dimen274
\tikz@lasty=\dimen275
\tikz@lastxsaved=\dimen276
\tikz@lastysaved=\dimen277
\tikz@lastmovetox=\dimen278
\tikz@lastmovetoy=\dimen279
\tikzleveldistance=\dimen280
\tikzsiblingdistance=\dimen281
\tikz@figbox=\box73
\tikz@figbox@bg=\box74
\tikz@tempbox=\box75
\tikz@tempbox@bg=\box76
\tikztreelevel=\count326
\tikznumberofchildren=\count327
\tikznumberofcurrentchild=\count328
\tikz@fig@count=\count329

(/usr/share/texlive/texmf-dist/tex/generic/pgf/modules/pgfmodulematrix.code.tex
File: pgfmodulematrix.code.tex 2021/05/15 v3.1.9a (3.1.9a)
\pgfmatrixcurrentrow=\count330
\pgfmatrixcurrentcolumn=\count331
\pgf@matrix@numberofcolumns=\count332
)
\tikz@expandcount=\count333

(/usr/share/texlive/texmf-dist/tex/generic/pgf/frontendlayer/tikz/libraries/tik
zlibrarytopaths.code.tex
File: tikzlibrarytopaths.code.tex 2021/05/15 v3.1.9a (3.1.9a)
)))
(/usr/share/texlive/texmf-dist/tex/generic/pgf/frontendlayer/tikz/libraries/tik
zlibrarypositioning.code.tex
File: tikzlibrarypositioning.code.tex 2021/05/15 v3.1.9a (3.1.9a)
)
(/usr/share/texlive/texmf-dist/tex/generic/pgf/frontendlayer/tikz/libraries/tik
zlibraryshapes.geometric.code.tex
File: tikzlibraryshapes.geometric.code.tex 2021/05/15 v3.1.9a (3.1.9a)

(/usr/share/texlive/texmf-dist/tex/generic/pgf/libraries/shapes/pgflibraryshape
s.geometric.code.tex
File: pgflibraryshapes.geometric.code.tex 2021/05/15 v3.1.9a (3.1.9a)
))
(/usr/share/texlive/texmf-dist/tex/latex/listings/listings.sty
\lst@mode=\count334
\lst@gtempboxa=\box77
\lst@token=\toks41
\lst@length=\count335
\lst@currlwidth=\dimen282
\lst@column=\count336
\lst@pos=\count337
\lst@lostspace=\dimen283
\lst@width=\dimen284
\lst@newlines=\count338
\lst@lineno=\count339
\lst@maxwidth=\dimen285

(/usr/share/texlive/texmf-dist/tex/latex/listings/lstmisc.sty
File: lstmisc.sty 2020/03/24 1.8d (Carsten Heinz)
\c@lstnumber=\count340
\lst@skipnumbers=\count341
\lst@framebox=\box78
)
(/usr/share/texlive/texmf-dist/tex/latex/listings/listings.cfg
File: listings.cfg 2020/03/24 1.8d listings configuration
))
Package: listings 2020/03/24 1.8d (Carsten Heinz)

(/usr/share/texlive/texmf-dist/tex/latex/appendix/appendix.sty
Package: appendix 2020/02/08 v1.2c extra appendix facilities
\c@@pps=\count342
\c@@ppsavesec=\count343
\c@@ppsaveapp=\count344
)
Package translations Info: No language package found. I am going to use `englis
h' as default language. on input line 53.
LaTeX Font Info:    Trying to load font information for T1+lmr on input line 53
.

(/usr/share/texmf/tex/latex/lm/t1lmr.fd
File: t1lmr.fd 2009/10/30 v1.6 Font defs for Latin Modern
) (./thesis.aux)
\openout1 = `thesis.aux'.

LaTeX Font Info:    Checking defaults for OML/cmm/m/it on input line 53.
LaTeX Font Info:    ... okay on input line 53.
LaTeX Font Info:    Checking defaults for OMS/cmsy/m/n on input line 53.
LaTeX Font Info:    ... okay on input line 53.
LaTeX Font Info:    Checking defaults for OT1/cmr/m/n on input line 53.
LaTeX Font Info:    ... okay on input line 53.
LaTeX Font Info:    Checking defaults for T1/cmr/m/n on input line 53.
LaTeX Font Info:    ... okay on input line 53.
LaTeX Font Info:    Checking defaults for TS1/cmr/m/n on input line 53.
LaTeX Font Info:    ... okay on input line 53.
LaTeX Font Info:    Checking defaults for OMX/cmex/m/n on input line 53.
LaTeX Font Info:    ... okay on input line 53.
LaTeX Font Info:    Checking defaults for U/cmr/m/n on input line 53.
LaTeX Font Info:    ... okay on input line 53.
LaTeX Font Info:    Checking defaults for PD1/pdf/m/n on input line 53.
LaTeX Font Info:    ... okay on input line 53.
LaTeX Font Info:    Checking defaults for PU/pdf/m/n on input line 53.
LaTeX Font Info:    ... okay on input line 53.
Package hyperref Info: Link coloring OFF on input line 53.

(/usr/share/texlive/texmf-dist/tex/latex/hyperref/nameref.sty
Package: nameref 2021-04-02 v2.47 Cross-referencing by name of section

(/usr/share/texlive/texmf-dist/tex/latex/refcount/refcount.sty
Package: refcount 2019/12/15 v3.6 Data extraction from label references (HO)
)
(/usr/share/texlive/texmf-dist/tex/generic/gettitlestring/gettitlestring.sty
Package: gettitlestring 2019/12/15 v1.6 Cleanup title references (HO)
)
\c@section@level=\count345
)
LaTeX Info: Redefining \ref on input line 53.
LaTeX Info: Redefining \pageref on input line 53.
LaTeX Info: Redefining \nameref on input line 53.

(./thesis.out) (./thesis.out)
\@outlinefile=\write4
\openout4 = `thesis.out'.


(/usr/share/texlive/texmf-dist/tex/latex/translations/translations-basic-dictio
nary-english.trsl
File: translations-basic-dictionary-english.trsl (english translation file `tra
nslations-basic-dictionary')
)
Package translations Info: loading dictionary `translations-basic-dictionary' f
or `english'. on input line 53.

(/usr/share/texlive/texmf-dist/tex/context/base/mkii/supp-pdf.mkii
[Loading MPS to PDF converter (version 2006.09.02).]
\scratchcounter=\count346
\scratchdimen=\dimen286
\scratchbox=\box79
\nofMPsegments=\count347
\nofMParguments=\count348
\everyMPshowfont=\toks42
\MPscratchCnt=\count349
\MPscratchDim=\dimen287
\MPnumerator=\count350
\makeMPintoPDFobject=\count351
\everyMPtoPDFconversion=\toks43
) (/usr/share/texlive/texmf-dist/tex/latex/epstopdf-pkg/epstopdf-base.sty
Package: epstopdf-base 2020-01-24 v2.11 Base part for package epstopdf
Package epstopdf-base Info: Redefining graphics rule for `.eps' on input line 4
85.

(/usr/share/texlive/texmf-dist/tex/latex/latexconfig/epstopdf-sys.cfg
File: epstopdf-sys.cfg 2010/07/13 v1.3 Configuration of (r)epstopdf for TeX Liv
e
))
Package caption Info: Begin \AtBeginDocument code.
Package caption Info: listings package is loaded.
Package caption Info: End \AtBeginDocument code.
\c@lstlisting=\count352
LaTeX Font Info:    Trying to load font information for OT1+lmr on input line 5
6.

(/usr/share/texmf/tex/latex/lm/ot1lmr.fd
File: ot1lmr.fd 2009/10/30 v1.6 Font defs for Latin Modern
)
LaTeX Font Info:    Trying to load font information for OML+lmm on input line 5
6.

(/usr/share/texmf/tex/latex/lm/omllmm.fd
File: omllmm.fd 2009/10/30 v1.6 Font defs for Latin Modern
)
LaTeX Font Info:    Trying to load font information for OMS+lmsy on input line 
56.

(/usr/share/texmf/tex/latex/lm/omslmsy.fd
File: omslmsy.fd 2009/10/30 v1.6 Font defs for Latin Modern
)
LaTeX Font Info:    Trying to load font information for OMX+lmex on input line 
56.

(/usr/share/texmf/tex/latex/lm/omxlmex.fd
File: omxlmex.fd 2009/10/30 v1.6 Font defs for Latin Modern
)
LaTeX Font Info:    External font `lmex10' loaded for size
(Font)              <12> on input line 56.
LaTeX Font Info:    External font `lmex10' loaded for size
(Font)              <8> on input line 56.
LaTeX Font Info:    External font `lmex10' loaded for size
(Font)              <6> on input line 56.
LaTeX Font Info:    Trying to load font information for U+msa on input line 56.


(/usr/share/texlive/texmf-dist/tex/latex/amsfonts/umsa.fd
File: umsa.fd 2013/01/14 v3.01 AMS symbols A
)
LaTeX Font Info:    Trying to load font information for U+msb on input line 56.


(/usr/share/texlive/texmf-dist/tex/latex/amsfonts/umsb.fd
File: umsb.fd 2013/01/14 v3.01 AMS symbols B
)
LaTeX Font Info:    Trying to load font information for U+rsfs on input line 56
.

(/usr/share/texlive/texmf-dist/tex/latex/jknapltx/ursfs.fd
File: ursfs.fd 1998/03/24 rsfs font definition file (jk)
)
<./photo_array.jpg, id=372, 4625.28pt x 3468.96pt>
File: ./photo_array.jpg Graphic file (type jpg)
<use ./photo_array.jpg>
Package pdftex.def Info: ./photo_array.jpg  used on input line 59.
(pdftex.def)             Requested size: 258.75pt x 194.0487pt.
 [1

{/var/lib/texmf/fonts/map/pdftex/updmap/pdftex.map} <./photo_array.jpg>]
LaTeX Font Info:    Trying to load font information for TS1+lmr on input line 7
6.

(/usr/share/texmf/tex/latex/lm/ts1lmr.fd
File: ts1lmr.fd 2009/10/30 v1.6 Font defs for Latin Modern
) [2] (./thesis.toc
LaTeX Font Info:    External font `lmex10' loaded for size
(Font)              <10> on input line 2.
LaTeX Font Info:    External font `lmex10' loaded for size
(Font)              <7> on input line 2.
LaTeX Font Info:    External font `lmex10' loaded for size
(Font)              <5> on input line 2.
 [3

] [4])
\tf@toc=\write5
\openout5 = `thesis.toc'.

 [5]
Chapter 1.

Overfull \hbox (1.09743pt too wide) in paragraph at lines 92--93
\T1/lmr/m/n/10 NUbots [][][] is a mul-ti-dis-ci-plinary team un-der the Uni-ver
-sity of New-cas-tle's robotics
 []

<./NUbot-sitting-down.jpg, id=501, 1505.625pt x 1505.625pt>
File: ./NUbot-sitting-down.jpg Graphic file (type jpg)
<use ./NUbot-sitting-down.jpg>
Package pdftex.def Info: ./NUbot-sitting-down.jpg  used on input line 95.
(pdftex.def)             Requested size: 310.4979pt x 310.49304pt.
[6

] [7 <./NUbot-sitting-down.jpg>] [8] [9]
Chapter 2.
[10

]
Overfull \hbox (14.10892pt too wide) in paragraph at lines 162--163
\T1/lmr/m/n/10 A sim-ple yet proven way to es-ti-mate the DOA of a sound-source
 us-ing a microphone-
 []

[11]
LaTeX Font Info:    Trying to load font information for U+euf on input line 168
.
 (/usr/share/texlive/texmf-dist/tex/latex/amsfonts/ueuf.fd
File: ueuf.fd 2013/01/14 v3.01 Euler Fraktur
)
Overfull \hbox (5.33235pt too wide) in paragraph at lines 172--173
[]\T1/lmr/m/n/10 An ad-vanced form of this TDOA es-ti-ma-tion is the gen-er-ali
sed cross-correlation
 []


Overfull \hbox (3.8596pt too wide) in paragraph at lines 193--194
[]\T1/lmr/m/n/10 The for-mer ex-pres-sion is the most ba-sic ap-proach for a si
m-ple two-dimensional
 []

[12] [13]
<./valin_2003/robot.png, id=591, 375.4025pt x 328.22626pt>
File: ./valin_2003/robot.png Graphic file (type png)
<use ./valin_2003/robot.png>
Package pdftex.def Info: ./valin_2003/robot.png  used on input line 230.
(pdftex.def)             Requested size: 258.75pt x 226.24597pt.
 [14]
<./valin_2003/plot.png, id=603, 295.60437pt x 228.855pt>
File: ./valin_2003/plot.png Graphic file (type png)
<use ./valin_2003/plot.png>
Package pdftex.def Info: ./valin_2003/plot.png  used on input line 238.
(pdftex.def)             Requested size: 258.75pt x 200.32794pt.
 [15 <./valin_2003/robot.png (PNG copy)> <./valin_2003/plot.png>]
<./chen_2019/array.jpg, id=615, 662.475pt x 589.20125pt>
File: ./chen_2019/array.jpg Graphic file (type jpg)
<use ./chen_2019/array.jpg>
Package pdftex.def Info: ./chen_2019/array.jpg  used on input line 252.
(pdftex.def)             Requested size: 258.75pt x 230.1292pt.
[16]
<./chen_2019/distance_SNR.jpg, id=626, 662.475pt x 607.26875pt>
File: ./chen_2019/distance_SNR.jpg Graphic file (type jpg)
<use ./chen_2019/distance_SNR.jpg>
Package pdftex.def Info: ./chen_2019/distance_SNR.jpg  used on input line 260.
(pdftex.def)             Requested size: 258.75pt x 237.18597pt.
 [17 <./chen_2019/array.jpg> <./chen_2019/distance_SNR.jpg>]
<./manamperi_2022/array.png, id=636, 416.05438pt x 390.45876pt>
File: ./manamperi_2022/array.png Graphic file (type png)
<use ./manamperi_2022/array.png>
Package pdftex.def Info: ./manamperi_2022/array.png  used on input line 274.
(pdftex.def)             Requested size: 258.75pt x 242.84453pt.
<./manamperi_2022/map_n30.png, id=639, 426.59375pt x 331.2375pt>
File: ./manamperi_2022/map_n30.png Graphic file (type png)
<use ./manamperi_2022/map_n30.png>
Package pdftex.def Info: ./manamperi_2022/map_n30.png  used on input line 282.
(pdftex.def)             Requested size: 258.75pt x 200.92241pt.
 [18 <./manamperi_2022/array.png>] [19 <./manamperi_2022/map_n30.png>] [20]
Overfull \hbox (4.3893pt too wide) in paragraph at lines 345--347
\T1/lmr/m/n/10 given a frame $\OML/lmm/m/it/10 T$ \T1/lmr/m/n/10 sam-ples long.
 This can be rewrit-ten in terms of cross-correlations: 
 []

[21]
<./valin_2007/grid.jpg, id=701, 54.49158pt x 17.3448pt>
File: ./valin_2007/grid.jpg Graphic file (type jpg)
<use ./valin_2007/grid.jpg>
Package pdftex.def Info: ./valin_2007/grid.jpg  used on input line 370.
(pdftex.def)             Requested size: 258.75pt x 82.39493pt.
 [22]
<./valin_2007/array.jpg, id=715, 54.34705pt x 57.96054pt>
File: ./valin_2007/array.jpg Graphic file (type jpg)
<use ./valin_2007/array.jpg>
Package pdftex.def Info: ./valin_2007/array.jpg  used on input line 386.
(pdftex.def)             Requested size: 258.75pt x 275.96983pt.
 [23 <./valin_2007/grid.jpg>]
<./valin_2007/track.jpg, id=725, 87.59125pt x 30.3534pt>
File: ./valin_2007/track.jpg Graphic file (type jpg)
<use ./valin_2007/track.jpg>
Package pdftex.def Info: ./valin_2007/track.jpg  used on input line 394.
(pdftex.def)             Requested size: 258.75pt x 89.69452pt.
 [24 <./valin_2007/array.jpg> <./valin_2007/track.jpg>]
<./badali_2009/array.png, id=740, 138.5175pt x 138.5175pt>
File: ./badali_2009/array.png Graphic file (type png)
<use ./badali_2009/array.png>
Package pdftex.def Info: ./badali_2009/array.png  used on input line 408.
(pdftex.def)             Requested size: 258.75pt x 258.7812pt.
 [25]
<./badali_2009/error_SNR.png, id=750, 483.30562pt x 205.26688pt>
File: ./badali_2009/error_SNR.png Graphic file (type png)
<use ./badali_2009/error_SNR.png>
Package pdftex.def Info: ./badali_2009/error_SNR.png  used on input line 416.
(pdftex.def)             Requested size: 258.75pt x 109.89967pt.
 [26 <./badali_2009/array.png> <./badali_2009/error_SNR.png>]
<./salvati_2019/RMSE_SNR.png, id=764, 432.11438pt x 187.19937pt>
File: ./salvati_2019/RMSE_SNR.png Graphic file (type png)
<use ./salvati_2019/RMSE_SNR.png>
Package pdftex.def Info: ./salvati_2019/RMSE_SNR.png  used on input line 430.
(pdftex.def)             Requested size: 258.75pt x 112.09769pt.
<./salvati_2019/RMSE_SNR_two.png, id=767, 432.61626pt x 191.21437pt>
File: ./salvati_2019/RMSE_SNR_two.png Graphic file (type png)
<use ./salvati_2019/RMSE_SNR_two.png>
Package pdftex.def Info: ./salvati_2019/RMSE_SNR_two.png  used on input line 43
8.
(pdftex.def)             Requested size: 258.75pt x 114.37062pt.
 [27 <./salvati_2019/RMSE_SNR.png> <./salvati_2019/RMSE_SNR_two.png>]
<./basiri_2016/array.png, id=784, 410.03188pt x 150.5625pt>
File: ./basiri_2016/array.png Graphic file (type png)
<use ./basiri_2016/array.png>
Package pdftex.def Info: ./basiri_2016/array.png  used on input line 452.
(pdftex.def)             Requested size: 258.75pt x 95.01797pt.
<./basiri_2016/histogram.png, id=787, 429.10312pt x 148.05313pt>
File: ./basiri_2016/histogram.png Graphic file (type png)
<use ./basiri_2016/histogram.png>
Package pdftex.def Info: ./basiri_2016/histogram.png  used on input line 460.
(pdftex.def)             Requested size: 258.75pt x 89.27759pt.
 [28 <./basiri_2016/array.png> <./basiri_2016/histogram.png>]
Overfull \hbox (3.94327pt too wide) in paragraph at lines 486--487
[]\T1/lmr/m/n/10 The most ba-sic form of MU-SIC, known as stan-dard eigen-value
-decomposition
 []

[29]
<./ishi_2009/array.png, id=823, 309.155pt x 129.98563pt>
File: ./ishi_2009/array.png Graphic file (type png)
<use ./ishi_2009/array.png>
Package pdftex.def Info: ./ishi_2009/array.png  used on input line 514.
(pdftex.def)             Requested size: 258.75pt x 108.80238pt.
 [30]
<./nakamura_2012/rate_SNR.png, id=841, 426.59375pt x 99.87312pt>
File: ./nakamura_2012/rate_SNR.png Graphic file (type png)
<use ./nakamura_2012/rate_SNR.png>
Package pdftex.def Info: ./nakamura_2012/rate_SNR.png  used on input line 529.
(pdftex.def)             Requested size: 258.75pt x 60.58115pt.
 [31 <./ishi_2009/array.png>] [32 <./nakamura_2012/rate_SNR.png>]
Chapter 3.
LaTeX Font Info:    Trying to load font information for T1+lmtt on input line 5
49.
(/usr/share/texmf/tex/latex/lm/t1lmtt.fd
File: t1lmtt.fd 2009/10/30 v1.6 Font defs for Latin Modern
) [33

] [34]
Package hyperref Info: bookmark level for unknown algorithm defaults to 0 on in
put line 600.
 [35]
<../Python/pyramid_robot/noise/rir.png, id=892, 462.528pt x 346.896pt>
File: ../Python/pyramid_robot/noise/rir.png Graphic file (type png)
<use ../Python/pyramid_robot/noise/rir.png>
Package pdftex.def Info: ../Python/pyramid_robot/noise/rir.png  used on input l
ine 680.
(pdftex.def)             Requested size: 310.4979pt x 232.8849pt.
 [36]
<../Python/pyramid_robot/room_3d.png, id=904, 462.528pt x 346.896pt>
File: ../Python/pyramid_robot/room_3d.png Graphic file (type png)
<use ../Python/pyramid_robot/room_3d.png>
Package pdftex.def Info: ../Python/pyramid_robot/room_3d.png  used on input lin
e 696.
(pdftex.def)             Requested size: 310.4979pt x 232.8849pt.
 [37 <../Python/pyramid_robot/noise/rir.png>]
<../Python/pyramid_robot/room_2d.png, id=915, 462.528pt x 346.896pt>
File: ../Python/pyramid_robot/room_2d.png Graphic file (type png)
<use ../Python/pyramid_robot/room_2d.png>
Package pdftex.def Info: ../Python/pyramid_robot/room_2d.png  used on input lin
e 704.
(pdftex.def)             Requested size: 310.4979pt x 232.8849pt.
 [38 <../Python/pyramid_robot/room_3d.png>]
<../Python/pyramid_robot/noise/distance.png, id=924, 462.41508pt x 346.81131pt>

File: ../Python/pyramid_robot/noise/distance.png Graphic file (type png)
<use ../Python/pyramid_robot/noise/distance.png>
Package pdftex.def Info: ../Python/pyramid_robot/noise/distance.png  used on in
put line 716.
(pdftex.def)             Requested size: 310.4979pt x 232.87567pt.
 [39 <../Python/pyramid_robot/room_2d.png>]
<../Python/pyramid_robot/noise/azimuth.png, id=934, 462.41508pt x 346.81131pt>
File: ../Python/pyramid_robot/noise/azimuth.png Graphic file (type png)
<use ../Python/pyramid_robot/noise/azimuth.png>
Package pdftex.def Info: ../Python/pyramid_robot/noise/azimuth.png  used on inp
ut line 724.
(pdftex.def)             Requested size: 310.4979pt x 232.87567pt.
 [40 <../Python/pyramid_robot/noise/distance.png>]
<../Python/pyramid_robot/noise/elevation.png, id=940, 462.41508pt x 346.81131pt
>
File: ../Python/pyramid_robot/noise/elevation.png Graphic file (type png)
<use ../Python/pyramid_robot/noise/elevation.png>
Package pdftex.def Info: ../Python/pyramid_robot/noise/elevation.png  used on i
nput line 732.
(pdftex.def)             Requested size: 310.4979pt x 232.87567pt.
 [41 <../Python/pyramid_robot/noise/azimuth.png>] [42 <../Python/pyramid_robot/
noise/elevation.png>]
<../Python/srp_phat/grid.png, id=965, 1040.688pt x 621.522pt>
File: ../Python/srp_phat/grid.png Graphic file (type png)
<use ../Python/srp_phat/grid.png>
Package pdftex.def Info: ../Python/srp_phat/grid.png  used on input line 774.
(pdftex.def)             Requested size: 310.4979pt x 185.4338pt.
 [43] [44 <../Python/srp_phat/grid.png>]
<../Python/srp_phat/room_3d.png, id=988, 462.528pt x 346.896pt>
File: ../Python/srp_phat/room_3d.png Graphic file (type png)
<use ../Python/srp_phat/room_3d.png>
Package pdftex.def Info: ../Python/srp_phat/room_3d.png  used on input line 798
.
(pdftex.def)             Requested size: 310.4979pt x 232.8849pt.
<../Python/srp_phat/room_2d.png, id=989, 462.528pt x 346.896pt>
File: ../Python/srp_phat/room_2d.png Graphic file (type png)
<use ../Python/srp_phat/room_2d.png>
Package pdftex.def Info: ../Python/srp_phat/room_2d.png  used on input line 806
.
(pdftex.def)             Requested size: 310.4979pt x 232.8849pt.
 [45 <../Python/srp_phat/room_3d.png>]
<../Python/srp_phat/noise/clap/plots.png, id=1000, 578.16pt x 361.35pt>
File: ../Python/srp_phat/noise/clap/plots.png Graphic file (type png)
<use ../Python/srp_phat/noise/clap/plots.png>
Package pdftex.def Info: ../Python/srp_phat/noise/clap/plots.png  used on input
 line 816.
(pdftex.def)             Requested size: 310.4979pt x 194.06194pt.
 [46 <../Python/srp_phat/room_2d.png>]
<../Python/srp_phat/noise/whistle/plots.png, id=1008, 578.16pt x 361.35pt>
File: ../Python/srp_phat/noise/whistle/plots.png Graphic file (type png)
<use ../Python/srp_phat/noise/whistle/plots.png>
Package pdftex.def Info: ../Python/srp_phat/noise/whistle/plots.png  used on in
put line 824.
(pdftex.def)             Requested size: 310.4979pt x 194.06194pt.
 [47 <../Python/srp_phat/noise/clap/plots.png> <../Python/srp_phat/noise/whistl
e/plots.png>]
<../Python/srp_phat/noise/clap/map.png, id=1019, 462.528pt x 346.896pt>
File: ../Python/srp_phat/noise/clap/map.png Graphic file (type png)
<use ../Python/srp_phat/noise/clap/map.png>
Package pdftex.def Info: ../Python/srp_phat/noise/clap/map.png  used on input l
ine 840.
(pdftex.def)             Requested size: 310.4979pt x 232.8849pt.
<../Python/srp_phat/noise/whistle/map.png, id=1020, 462.528pt x 346.896pt>
File: ../Python/srp_phat/noise/whistle/map.png Graphic file (type png)
<use ../Python/srp_phat/noise/whistle/map.png>
Package pdftex.def Info: ../Python/srp_phat/noise/whistle/map.png  used on inpu
t line 848.
(pdftex.def)             Requested size: 310.4979pt x 232.8849pt.

[48 <../Python/srp_phat/noise/clap/map.png>] [49 <../Python/srp_phat/noise/whis
tle/map.png>] [50]
<../Python/main_method/frequency/clap/plots.png, id=1055, 578.16pt x 361.35pt>
File: ../Python/main_method/frequency/clap/plots.png Graphic file (type png)
<use ../Python/main_method/frequency/clap/plots.png>
Package pdftex.def Info: ../Python/main_method/frequency/clap/plots.png  used o
n input line 892.
(pdftex.def)             Requested size: 310.4979pt x 194.06194pt.
<../Python/main_method/frequency/clap/map.png, id=1057, 462.48566pt x 346.88188
pt>
File: ../Python/main_method/frequency/clap/map.png Graphic file (type png)
<use ../Python/main_method/frequency/clap/map.png>
Package pdftex.def Info: ../Python/main_method/frequency/clap/map.png  used on 
input line 902.
(pdftex.def)             Requested size: 310.4979pt x 232.8913pt.
 [51 <../Python/main_method/frequency/clap/plots.png>]
<../Python/main_method/length/clap/plots.png, id=1067, 578.16pt x 361.35pt>
File: ../Python/main_method/length/clap/plots.png Graphic file (type png)
<use ../Python/main_method/length/clap/plots.png>
Package pdftex.def Info: ../Python/main_method/length/clap/plots.png  used on i
nput line 916.
(pdftex.def)             Requested size: 310.4979pt x 194.06194pt.

[52 <../Python/main_method/frequency/clap/map.png>]
<../Python/main_method/length/clap/map.png, id=1075, 462.48566pt x 346.88188pt>

File: ../Python/main_method/length/clap/map.png Graphic file (type png)
<use ../Python/main_method/length/clap/map.png>
Package pdftex.def Info: ../Python/main_method/length/clap/map.png  used on inp
ut line 926.
(pdftex.def)             Requested size: 310.4979pt x 232.8913pt.
 [53 <../Python/main_method/length/clap/plots.png>] [54 <../Python/main_method/
length/clap/map.png>]
[55]
Chapter 4.
[56

] [57]
<./photo_head.jpg, id=1120, 3468.96pt x 3000.20876pt>
File: ./photo_head.jpg Graphic file (type jpg)
<use ./photo_head.jpg>
Package pdftex.def Info: ./photo_head.jpg  used on input line 1029.
(pdftex.def)             Requested size: 310.4979pt x 268.54219pt.
 [58] [59 <./photo_head.jpg>]
Chapter 5.
[60

]
<../Python/main_method/noise/clap/plots.png, id=1142, 578.16pt x 361.35pt>
File: ../Python/main_method/noise/clap/plots.png Graphic file (type png)
<use ../Python/main_method/noise/clap/plots.png>
Package pdftex.def Info: ../Python/main_method/noise/clap/plots.png  used on in
put line 1061.
(pdftex.def)             Requested size: 310.4979pt x 194.06194pt.
<../Python/main_method/noise/whistle/plots.png, id=1143, 578.16pt x 361.35pt>
File: ../Python/main_method/noise/whistle/plots.png Graphic file (type png)
<use ../Python/main_method/noise/whistle/plots.png>
Package pdftex.def Info: ../Python/main_method/noise/whistle/plots.png  used on
 input line 1069.
(pdftex.def)             Requested size: 310.4979pt x 194.06194pt.
 [61 <../Python/main_method/noise/clap/plots.png>]
<../Python/main_method/noise/clap/map.png, id=1154, 462.48566pt x 346.88188pt>
File: ../Python/main_method/noise/clap/map.png Graphic file (type png)
<use ../Python/main_method/noise/clap/map.png>
Package pdftex.def Info: ../Python/main_method/noise/clap/map.png  used on inpu
t line 1079.
(pdftex.def)             Requested size: 310.4979pt x 232.8913pt.
 [62 <../Python/main_method/noise/whistle/plots.png>]
<../Python/main_method/noise/whistle/map.png, id=1162, 462.48566pt x 346.88188p
t>
File: ../Python/main_method/noise/whistle/map.png Graphic file (type png)
<use ../Python/main_method/noise/whistle/map.png>
Package pdftex.def Info: ../Python/main_method/noise/whistle/map.png  used on i
nput line 1087.
(pdftex.def)             Requested size: 310.4979pt x 232.8913pt.
 [63 <../Python/main_method/noise/clap/map.png>]
<../Python/main_method/distance/plots.png, id=1169, 578.16pt x 361.35pt>
File: ../Python/main_method/distance/plots.png Graphic file (type png)
<use ../Python/main_method/distance/plots.png>
Package pdftex.def Info: ../Python/main_method/distance/plots.png  used on inpu
t line 1101.
(pdftex.def)             Requested size: 310.4979pt x 194.06194pt.

[64 <../Python/main_method/noise/whistle/map.png>] [65 <../Python/main_method/d
istance/plots.png>]
<../Python/main_method/delay/head/plots.png, id=1185, 578.16pt x 361.35pt>
File: ../Python/main_method/delay/head/plots.png Graphic file (type png)
<use ../Python/main_method/delay/head/plots.png>
Package pdftex.def Info: ../Python/main_method/delay/head/plots.png  used on in
put line 1157.
(pdftex.def)             Requested size: 310.4979pt x 194.06194pt.
 [66]
<../Python/main_method/delay/head/map.png, id=1196, 462.48566pt x 346.88188pt>
File: ../Python/main_method/delay/head/map.png Graphic file (type png)
<use ../Python/main_method/delay/head/map.png>
Package pdftex.def Info: ../Python/main_method/delay/head/map.png  used on inpu
t line 1167.
(pdftex.def)             Requested size: 310.4979pt x 232.8913pt.
 [67 <../Python/main_method/delay/head/plots.png>]
[68 <../Python/main_method/delay/head/map.png>]
Chapter 6.
[69

] [70]
Overfull \hbox (13.35803pt too wide) in paragraph at lines 1246--1247
\T1/lmr/m/n/10 PDM mi-cro-phones have ad-di-tional cir-cuitry made up of an ADC
 and modulator[[]].
 []

[71] [72]
Overfull \hbox (13.99985pt too wide) in paragraph at lines 1270--1271
\T1/lmr/m/n/10 Many mi-cro-phones were con-sid-ered, but one that stood out was
 the SPH1642HT5H-
 []

[73] [74]
<./design_overall.png, id=1287, 1748.5325pt x 764.8575pt>
File: ./design_overall.png Graphic file (type png)
<use ./design_overall.png>
Package pdftex.def Info: ./design_overall.png  used on input line 1336.
(pdftex.def)             Requested size: 310.4979pt x 135.81274pt.
 [75 <./design_overall.png>]
<../Python/report/spectrum.png, id=1302, 462.48566pt x 346.88188pt>
File: ../Python/report/spectrum.png Graphic file (type png)
<use ../Python/report/spectrum.png>
Package pdftex.def Info: ../Python/report/spectrum.png  used on input line 1379
.
(pdftex.def)             Requested size: 310.4979pt x 232.8913pt.
 [76 <../Python/report/spectrum.png>]
<../Python/report/gains.png, id=1313, 462.528pt x 346.896pt>
File: ../Python/report/gains.png Graphic file (type png)
<use ../Python/report/gains.png>
Package pdftex.def Info: ../Python/report/gains.png  used on input line 1397.
(pdftex.def)             Requested size: 310.4979pt x 232.8849pt.

[77 <../Python/report/gains.png>]
<./pcb/mother/top.png, id=1327, 930.47626pt x 737.75626pt>
File: ./pcb/mother/top.png Graphic file (type png)
<use ./pcb/mother/top.png>
Package pdftex.def Info: ./pcb/mother/top.png  used on input line 1447.
(pdftex.def)             Requested size: 155.24895pt x 123.08665pt.
<./pcb/mother/first_inner.png, id=1328, 917.4275pt x 718.685pt>
File: ./pcb/mother/first_inner.png Graphic file (type png)
<use ./pcb/mother/first_inner.png>
Package pdftex.def Info: ./pcb/mother/first_inner.png  used on input line 1454.

(pdftex.def)             Requested size: 155.24895pt x 121.61555pt.
<./pcb/mother/second_inner.png, id=1329, 922.44624pt x 721.69624pt>
File: ./pcb/mother/second_inner.png Graphic file (type png)
<use ./pcb/mother/second_inner.png>
Package pdftex.def Info: ./pcb/mother/second_inner.png  used on input line 1461
.
(pdftex.def)             Requested size: 155.24895pt x 121.45337pt.
<./pcb/mother/bottom.png, id=1330, 921.4425pt x 728.7225pt>
File: ./pcb/mother/bottom.png Graphic file (type png)
<use ./pcb/mother/bottom.png>
Package pdftex.def Info: ./pcb/mother/bottom.png  used on input line 1468.
(pdftex.def)             Requested size: 155.24895pt x 122.76924pt.

Overfull \hbox (2.22221pt too wide) in paragraph at lines 1446--1474
[]$[]$ $[]$
 []


Overfull \hbox (2.22221pt too wide) in paragraph at lines 1446--1474
[]$ $[]$ 
 []

[78]
<./pcb/daughter/top.png, id=1338, 451.6875pt x 819.06pt>
File: ./pcb/daughter/top.png Graphic file (type png)
<use ./pcb/daughter/top.png>
Package pdftex.def Info: ./pcb/daughter/top.png  used on input line 1505.
(pdftex.def)             Requested size: 155.24895pt x 281.52618pt.
<./pcb/daughter/bottom.png, id=1339, 473.77pt x 815.045pt>
File: ./pcb/daughter/bottom.png Graphic file (type png)
<use ./pcb/daughter/bottom.png>
Package pdftex.def Info: ./pcb/daughter/bottom.png  used on input line 1512.
(pdftex.def)             Requested size: 155.24895pt x 267.07532pt.

Overfull \hbox (2.22221pt too wide) in paragraph at lines 1504--1518
[]$[]$ $[]$ 
 []

[79 <./pcb/mother/top.png> <./pcb/mother/first_inner.png> <./pcb/mother/second_
inner.png> <./pcb/mother/bottom.png>] [80 <./pcb/daughter/top.png> <./pcb/daugh
ter/bottom.png>]
Chapter 7.
[81

] [82]
<../Python/filter/frequency.png, id=1367, 462.48566pt x 346.88188pt>
File: ../Python/filter/frequency.png Graphic file (type png)
<use ../Python/filter/frequency.png>
Package pdftex.def Info: ../Python/filter/frequency.png  used on input line 166
4.
(pdftex.def)             Requested size: 310.4979pt x 232.8913pt.
 [83 <../Python/filter/frequency.png>] [84]
Chapter 8.
<./results_timing.png, id=1385, 1215.54124pt x 625.33624pt>
File: ./results_timing.png Graphic file (type png)
<use ./results_timing.png>
Package pdftex.def Info: ./results_timing.png  used on input line 1733.
(pdftex.def)             Requested size: 310.4979pt x 159.73058pt.
[85

]
<../Python/main_method/physical/fft.png, id=1394, 462.48566pt x 346.88188pt>
File: ../Python/main_method/physical/fft.png Graphic file (type png)
<use ../Python/main_method/physical/fft.png>
Package pdftex.def Info: ../Python/main_method/physical/fft.png  used on input 
line 1751.
(pdftex.def)             Requested size: 310.4979pt x 232.8913pt.
 [86 <./results_timing.png>]
<../Python/main_method/physical/map.png, id=1403, 462.48566pt x 346.88188pt>
File: ../Python/main_method/physical/map.png Graphic file (type png)
<use ../Python/main_method/physical/map.png>
Package pdftex.def Info: ../Python/main_method/physical/map.png  used on input 
line 1763.
(pdftex.def)             Requested size: 310.4979pt x 232.8913pt.
 [87 <../Python/main_method/physical/fft.png>]
[88 <../Python/main_method/physical/map.png>]
Chapter 9.
[89

] [90]
Chapter 10.
[91

]
Chapter 11.

Overfull \hbox (0.58315pt too wide) in paragraph at lines 1839--1840
\T1/lmr/m/n/10 In the short term be-fore the demonstration-day, fur-ther tun-in
g and trou-bleshoot-
 []

[92

] (./thesis.bbl [93] [94

] [95]
Underfull \hbox (badness 1448) in paragraph at lines 179--185
[]\T1/lmr/m/n/10 Wageesha Man-am-peri, Thushara D. Ab-haya-pala, Ji-hui Zhang, 
and
 []


Underfull \hbox (badness 4156) in paragraph at lines 187--191
[]\T1/lmr/m/n/10 Mark McK-e-own.  FFT Im-ple-men-ta-tion on the TMS320VC5505,
 []


Underfull \hbox (badness 1953) in paragraph at lines 207--212
\T1/lmr/m/n/10 Super-Resolution Sound Source Lo-cal-iza-tion for Robots.  In \T
1/lmr/m/it/10 2012
 []

[96]) [97] [98


]
Appendix A.
<schematics.pdf, id=1464, 845.04686pt x 597.50786pt>
File: schematics.pdf Graphic file (type pdf)
<use schematics.pdf>
Package pdftex.def Info: schematics.pdf  used on input line 1850.
(pdftex.def)             Requested size: 845.0448pt x 597.5064pt.
File: schematics.pdf Graphic file (type pdf)
<use schematics.pdf>
Package pdftex.def Info: schematics.pdf  used on input line 1850.
(pdftex.def)             Requested size: 845.0448pt x 597.5064pt.
<schematics.pdf, id=1467, page=1, 845.04686pt x 597.50786pt>
File: schematics.pdf Graphic file (type pdf)
<use schematics.pdf, page 1>
Package pdftex.def Info: schematics.pdf , page1 used on input line 1850.
(pdftex.def)             Requested size: 845.0448pt x 597.5064pt.
File: schematics.pdf Graphic file (type pdf)
<use schematics.pdf, page 1>
Package pdftex.def Info: schematics.pdf , page1 used on input line 1850.
(pdftex.def)             Requested size: 845.0448pt x 597.5064pt.
[99

]
File: schematics.pdf Graphic file (type pdf)
<use schematics.pdf, page 1>
Package pdftex.def Info: schematics.pdf , page1 used on input line 1850.
(pdftex.def)             Requested size: 845.0448pt x 597.5064pt.
File: schematics.pdf Graphic file (type pdf)
<use schematics.pdf, page 1>
Package pdftex.def Info: schematics.pdf , page1 used on input line 1850.
(pdftex.def)             Requested size: 845.0448pt x 597.5064pt.
File: schematics.pdf Graphic file (type pdf)
<use schematics.pdf, page 1>
Package pdftex.def Info: schematics.pdf , page1 used on input line 1850.
(pdftex.def)             Requested size: 845.0448pt x 597.5064pt.
 [100 <./schematics.pdf>]
<schematics.pdf, id=1511, page=2, 845.04686pt x 597.50786pt>
File: schematics.pdf Graphic file (type pdf)
<use schematics.pdf, page 2>
Package pdftex.def Info: schematics.pdf , page2 used on input line 1850.
(pdftex.def)             Requested size: 845.0448pt x 597.5064pt.
File: schematics.pdf Graphic file (type pdf)
<use schematics.pdf, page 2>
Package pdftex.def Info: schematics.pdf , page2 used on input line 1850.
(pdftex.def)             Requested size: 845.0448pt x 597.5064pt.
File: schematics.pdf Graphic file (type pdf)
<use schematics.pdf, page 2>
Package pdftex.def Info: schematics.pdf , page2 used on input line 1850.
(pdftex.def)             Requested size: 845.0448pt x 597.5064pt.
 [101 <./schematics.pdf>]
<schematics.pdf, id=1549, page=3, 845.04686pt x 597.50786pt>
File: schematics.pdf Graphic file (type pdf)
<use schematics.pdf, page 3>
Package pdftex.def Info: schematics.pdf , page3 used on input line 1850.
(pdftex.def)             Requested size: 845.0448pt x 597.5064pt.
File: schematics.pdf Graphic file (type pdf)
<use schematics.pdf, page 3>
Package pdftex.def Info: schematics.pdf , page3 used on input line 1850.
(pdftex.def)             Requested size: 845.0448pt x 597.5064pt.
File: schematics.pdf Graphic file (type pdf)
<use schematics.pdf, page 3>
Package pdftex.def Info: schematics.pdf , page3 used on input line 1850.
(pdftex.def)             Requested size: 845.0448pt x 597.5064pt.
 [102 <./schematics.pdf>]
<schematics.pdf, id=1650, page=4, 845.04686pt x 597.50786pt>
File: schematics.pdf Graphic file (type pdf)
<use schematics.pdf, page 4>
Package pdftex.def Info: schematics.pdf , page4 used on input line 1850.
(pdftex.def)             Requested size: 845.0448pt x 597.5064pt.
File: schematics.pdf Graphic file (type pdf)
<use schematics.pdf, page 4>
Package pdftex.def Info: schematics.pdf , page4 used on input line 1850.
(pdftex.def)             Requested size: 845.0448pt x 597.5064pt.
File: schematics.pdf Graphic file (type pdf)
<use schematics.pdf, page 4>
Package pdftex.def Info: schematics.pdf , page4 used on input line 1850.
(pdftex.def)             Requested size: 845.0448pt x 597.5064pt.
[103 <./schematics.pdf>] (./thesis.aux)
Package rerunfilecheck Info: File `thesis.out' has not changed.
(rerunfilecheck)             Checksum: 3288B2EB83015E7E43E5973266FA5BC3;13258.
 ) 
Here is how much of TeX's memory you used:
 30304 strings out of 478287
 603732 string characters out of 5849289
 820845 words of memory out of 5000000
 47557 multiletter control sequences out of 15000+600000
 556494 words of font info for 95 fonts, out of 8000000 for 9000
 1141 hyphenation exceptions out of 8191
 84i,19n,80p,1300b,939s stack positions out of 5000i,500n,10000p,200000b,80000s
pdfTeX warning (dest): name{Hfootnote.13} has been referenced but does not ex
ist, replaced by a fixed one

pdfTeX warning (dest): name{Hfootnote.12} has been referenced but does not exis
t, replaced by a fixed one

pdfTeX warning (dest): name{Hfootnote.11} has been referenced but does not exis
t, replaced by a fixed one

pdfTeX warning (dest): name{Hfootnote.10} has been referenced but does not exis
t, replaced by a fixed one

pdfTeX warning (dest): name{Hfootnote.9} has been referenced but does not exist
, replaced by a fixed one

pdfTeX warning (dest): name{Hfootnote.8} has been referenced but does not exist
, replaced by a fixed one

pdfTeX warning (dest): name{Hfootnote.7} has been referenced but does not exist
, replaced by a fixed one

pdfTeX warning (dest): name{Hfootnote.6} has been referenced but does not exist
, replaced by a fixed one

pdfTeX warning (dest): name{Hfootnote.5} has been referenced but does not exist
, replaced by a fixed one

pdfTeX warning (dest): name{Hfootnote.4} has been referenced but does not exist
, replaced by a fixed one

pdfTeX warning (dest): name{Hfootnote.3} has been referenced but does not exist
, replaced by a fixed one

pdfTeX warning (dest): name{Hfootnote.2} has been referenced but does not exist
, replaced by a fixed one

pdfTeX warning (dest): name{Hfootnote.1} has been referenced but does not exist
, replaced by a fixed one

{/usr/share/texmf/fonts/enc/dvips/lm/lm-rm.enc}{/usr/share/texmf/fonts/enc/dvip
s/lm/lm-ec.enc}{/usr/share/texmf/fonts/enc/dvips/lm/lm-mathsy.enc}{/usr/share/t
exmf/fonts/enc/dvips/lm/lm-mathit.enc}{/usr/share/texmf/fonts/enc/dvips/lm/lm-m
athex.enc}{/usr/share/texmf/fonts/enc/dvips/lm/lm-ts1.enc}</usr/share/texlive/t
exmf-dist/fonts/type1/public/amsfonts/euler/eufm10.pfb></usr/share/texmf/fonts/
type1/public/lm/lmbx10.pfb></usr/share/texmf/fonts/type1/public/lm/lmbx12.pfb><
/usr/share/texmf/fonts/type1/public/lm/lmbx7.pfb></usr/share/texmf/fonts/type1/
public/lm/lmbx9.pfb></usr/share/texmf/fonts/type1/public/lm/lmex10.pfb></usr/sh
are/texmf/fonts/type1/public/lm/lmmi10.pfb></usr/share/texmf/fonts/type1/public
/lm/lmmi5.pfb></usr/share/texmf/fonts/type1/public/lm/lmmi7.pfb></usr/share/tex
mf/fonts/type1/public/lm/lmr10.pfb></usr/share/texmf/fonts/type1/public/lm/lmr1
2.pfb></usr/share/texmf/fonts/type1/public/lm/lmr17.pfb></usr/share/texmf/fonts
/type1/public/lm/lmr5.pfb></usr/share/texmf/fonts/type1/public/lm/lmr6.pfb></us
r/share/texmf/fonts/type1/public/lm/lmr7.pfb></usr/share/texmf/fonts/type1/publ
ic/lm/lmr8.pfb></usr/share/texmf/fonts/type1/public/lm/lmr9.pfb></usr/share/tex
mf/fonts/type1/public/lm/lmri10.pfb></usr/share/texmf/fonts/type1/public/lm/lms
y10.pfb></usr/share/texmf/fonts/type1/public/lm/lmsy5.pfb></usr/share/texmf/fon
ts/type1/public/lm/lmsy7.pfb></usr/share/texmf/fonts/type1/public/lm/lmtt10.pfb
></usr/share/texlive/texmf-dist/fonts/type1/public/amsfonts/symbols/msbm10.pfb>
Output written on thesis.pdf (103 pages, 21784979 bytes).
PDF statistics:
 1923 PDF objects out of 2073 (max. 8388607)
 1529 compressed objects within 16 object streams
 378 named destinations out of 1000 (max. 500000)
 1061 words of extra memory for PDF output out of 10000 (max. 10000000)

