2023-09-05 10:11:17,646 [INFO] Activator:176 - 


2023-09-05 10:11:17,649 [INFO] Activator:177 - !SESSION log4j initialized
2023-09-05 10:11:20,216 [INFO] LogOutputStream:77 - [STDOUT_REDIRECT] 
2023-09-05 10:11:20,670 [INFO] ApplicationProperties:184 - Using Application install path: /opt/st/stm32cubeide_1.13.0/plugins/com.st.stm32cube.common.mx_6.9.0.202307051724
2023-09-05 10:11:20,683 [INFO] DbMcusXml:78 - Set database path to: /opt/st/stm32cubeide_1.13.0/plugins/com.st.stm32cube.common.mx_6.9.0.202307051724//db//mcu/
2023-09-05 10:11:20,684 [INFO] ApiDb:274 - Set plugin database path to: /opt/st/stm32cubeide_1.13.0/plugins/com.st.stm32cube.common.mx_6.9.0.202307051724//db//plugins/boardmanager/
2023-09-05 10:11:20,684 [WARN] ApiDb:259 - Overriding images path with different value:  => /opt/st/stm32cubeide_1.13.0/plugins/com.st.stm32cube.common.mx_6.9.0.202307051724//db//plugins/mcufinder/images/
2023-09-05 10:11:20,691 [INFO] ApiDb:250 - Set database path to: /home/clayton/.stmcufinder/plugins/mcufinder//mcu/
2023-09-05 10:11:20,692 [INFO] DbMcusAds:125 - Set database path to: /home/clayton/.stmcufinder/plugins/mcufinder//mcu/
2023-09-05 10:11:20,693 [INFO] CrossReferenceDbSqlite:203 - Set database path to: /home/clayton/.stmcufinder/plugins/mcufinder//mcu/cs/
2023-09-05 10:11:20,765 [INFO] RulesReader:64 - Compatibility file has been processed (293 Rules)
2023-09-05 10:11:20,817 [INFO] DbMcusXml:78 - Set database path to: /opt/st/stm32cubeide_1.13.0/plugins/com.st.stm32cube.common.mx_6.9.0.202307051724//db//mcu/
2023-09-05 10:11:20,817 [INFO] ApiDb:274 - Set plugin database path to: /opt/st/stm32cubeide_1.13.0/plugins/com.st.stm32cube.common.mx_6.9.0.202307051724//db//plugins/boardmanager/
2023-09-05 10:11:20,818 [INFO] ApiDb:261 - Set plugin images path to: /opt/st/stm32cubeide_1.13.0/plugins/com.st.stm32cube.common.mx_6.9.0.202307051724//db//plugins/mcufinder/images/
2023-09-05 10:11:20,818 [WARN] DbFile:41 - Overriding database path with different value: /home/clayton/.stmcufinder/plugins/mcufinder/ => /home/clayton/.stmcufinder/plugins/mcufinder
2023-09-05 10:11:20,818 [INFO] ApiDb:250 - Set database path to: /home/clayton/.stmcufinder/plugins/mcufinder//mcu/
2023-09-05 10:11:20,818 [WARN] DbFile:41 - Overriding database path with different value: /home/clayton/.stmcufinder/plugins/mcufinder/ => /home/clayton/.stmcufinder/plugins/mcufinder
2023-09-05 10:11:20,818 [INFO] DbMcusAds:125 - Set database path to: /home/clayton/.stmcufinder/plugins/mcufinder//mcu/
2023-09-05 10:11:20,818 [WARN] DbFile:41 - Overriding database path with different value: /home/clayton/.stmcufinder/plugins/mcufinder/ => /home/clayton/.stmcufinder/plugins/mcufinder
2023-09-05 10:11:20,818 [WARN] DbFile:41 - Overriding database path with different value: /home/clayton/.stmcufinder/plugins/mcufinder/ => /home/clayton/.stmcufinder/plugins/mcufinder
2023-09-05 10:11:20,818 [INFO] CrossReferenceDbSqlite:203 - Set database path to: /home/clayton/.stmcufinder/plugins/mcufinder//mcu/cs/
2023-09-05 10:11:20,870 [INFO] MainPanel:262 - HeapMemory: 268435456
2023-09-05 10:11:20,931 [INFO] DbMcusXml:78 - Set database path to: /opt/st/stm32cubeide_1.13.0/plugins/com.st.stm32cube.common.mx_6.9.0.202307051724//db//mcu/
2023-09-05 10:11:20,931 [INFO] ApiDb:274 - Set plugin database path to: /opt/st/stm32cubeide_1.13.0/plugins/com.st.stm32cube.common.mx_6.9.0.202307051724//db//plugins/boardmanager/
2023-09-05 10:11:20,931 [INFO] ApiDb:261 - Set plugin images path to: /opt/st/stm32cubeide_1.13.0/plugins/com.st.stm32cube.common.mx_6.9.0.202307051724//db//plugins/mcufinder/images/
2023-09-05 10:11:20,932 [WARN] DbFile:41 - Overriding database path with different value: /home/clayton/.stmcufinder/plugins/mcufinder/ => /home/clayton/.stmcufinder/plugins/mcufinder
2023-09-05 10:11:20,932 [INFO] ApiDb:250 - Set database path to: /home/clayton/.stmcufinder/plugins/mcufinder//mcu/
2023-09-05 10:11:20,932 [WARN] DbFile:41 - Overriding database path with different value: /home/clayton/.stmcufinder/plugins/mcufinder/ => /home/clayton/.stmcufinder/plugins/mcufinder
2023-09-05 10:11:20,932 [INFO] DbMcusAds:125 - Set database path to: /home/clayton/.stmcufinder/plugins/mcufinder//mcu/
2023-09-05 10:11:20,932 [WARN] DbFile:41 - Overriding database path with different value: /home/clayton/.stmcufinder/plugins/mcufinder/ => /home/clayton/.stmcufinder/plugins/mcufinder
2023-09-05 10:11:20,932 [WARN] DbFile:41 - Overriding database path with different value: /home/clayton/.stmcufinder/plugins/mcufinder/ => /home/clayton/.stmcufinder/plugins/mcufinder
2023-09-05 10:11:20,932 [INFO] CrossReferenceDbSqlite:203 - Set database path to: /home/clayton/.stmcufinder/plugins/mcufinder//mcu/cs/
2023-09-05 10:11:20,944 [INFO] ApplicationProperties:184 - Using Application install path: /opt/st/stm32cubeide_1.13.0/plugins/com.st.stm32cube.common.mx_6.9.0.202307051724
2023-09-05 10:11:20,945 [INFO] PluginManage:196 - Search for loadable plugins [exclusion list=, ]
2023-09-05 10:11:20,946 [INFO] PluginManage:310 - Check plugin analytics
2023-09-05 10:11:21,052 [INFO] AnalyticsPlugin:253 - Accepted Software Licenses: 
2023-09-05 10:11:21,053 [INFO] AnalyticsPlugin:255 - Accepted CMSIS Pack Licenses: 
2023-09-05 10:11:21,053 [INFO] AnalyticsPlugin:257 - Accepted Firmware Licenses: FW.H7.1.11.0
2023-09-05 10:11:21,055 [INFO] PluginManage:359 - Loaded plugin analytics (category:tool,tabindex:-1)
2023-09-05 10:11:21,055 [INFO] PluginManage:310 - Check plugin cadmodel
2023-09-05 10:11:21,079 [INFO] CADModel:105 - Init CAD model plugin
2023-09-05 10:11:21,080 [INFO] PluginManage:359 - Loaded plugin cadmodel (category:power,tabindex:5)
2023-09-05 10:11:21,080 [INFO] PluginManage:310 - Check plugin clock
2023-09-05 10:11:21,087 [INFO] PluginManage:359 - Loaded plugin clock (category:base,tabindex:2)
2023-09-05 10:11:21,087 [INFO] PluginManage:310 - Check plugin ddr
2023-09-05 10:11:21,090 [INFO] PluginManage:359 - Loaded plugin ddr (category:tool,tabindex:6)
2023-09-05 10:11:21,090 [INFO] PluginManage:310 - Check plugin filemanager
2023-09-05 10:11:21,185 [INFO] PluginManage:359 - Loaded plugin filemanager (category:base,tabindex:10)
2023-09-05 10:11:21,186 [INFO] PluginManage:310 - Check plugin ipmanager
2023-09-05 10:11:21,190 [INFO] PluginManage:359 - Loaded plugin ipmanager (category:base,tabindex:5)
2023-09-05 10:11:21,190 [INFO] PluginManage:310 - Check plugin lpbam
2023-09-05 10:11:21,196 [INFO] PluginManage:359 - Loaded plugin lpbam (category:base,tabindex:0)
2023-09-05 10:11:21,197 [INFO] PluginManage:310 - Check plugin memorymap
2023-09-05 10:11:21,204 [INFO] PluginManage:359 - Loaded plugin memorymap (category:base,tabindex:4)
2023-09-05 10:11:21,204 [INFO] PluginManage:310 - Check plugin pinoutandconfiguration
2023-09-05 10:11:21,212 [INFO] PluginManage:359 - Loaded plugin pinoutandconfiguration (category:base,tabindex:1)
2023-09-05 10:11:21,213 [INFO] PluginManage:310 - Check plugin pinoutconfig
2023-09-05 10:11:21,267 [WARN] SupportedApi:132 - Cannot load RTOS API schema: s4s-elt-must-match.1: The content of 'definitions' must match (annotation?, (simpleType | complexType)?, (unique | key | keyref)*)). A problem was found starting at: attribute.
2023-09-05 10:11:21,357 [INFO] PluginManage:359 - Loaded plugin pinoutconfig (category:base,tabindex:0)
2023-09-05 10:11:21,357 [INFO] PluginManage:310 - Check plugin power
2023-09-05 10:11:21,369 [INFO] PluginManage:359 - Loaded plugin power (category:power,tabindex:4)
2023-09-05 10:11:21,369 [INFO] PluginManage:310 - Check plugin projectmanager
2023-09-05 10:11:21,379 [INFO] PluginManage:359 - Loaded plugin projectmanager (category:projectmanager,tabindex:3)
2023-09-05 10:11:21,379 [INFO] PluginManage:310 - Check plugin thirdparty
2023-09-05 10:11:21,461 [INFO] PluginManage:359 - Loaded plugin thirdparty (category:base,tabindex:-1)
2023-09-05 10:11:21,461 [WARN] IntegrityCheckThread:84 - waiting for thirdparty lock release [integrity check]
2023-09-05 10:11:21,461 [INFO] IntegrityCheckThread:86 - entering critical section [integrity check]
2023-09-05 10:11:21,461 [INFO] PluginManage:310 - Check plugin tools
2023-09-05 10:11:21,462 [INFO] ThirdPartyUpdaterWithRetryManager:70 - Updater plugin not ready yet. [1/15]
2023-09-05 10:11:21,463 [INFO] PluginManage:359 - Loaded plugin tools (category:base,tabindex:7)
2023-09-05 10:11:21,463 [INFO] PluginManage:310 - Check plugin tutovideos
2023-09-05 10:11:21,579 [INFO] PluginManage:359 - Loaded plugin tutovideos (category:base,tabindex:-1)
2023-09-05 10:11:21,580 [INFO] PluginManage:310 - Check plugin updater
2023-09-05 10:11:21,587 [INFO] PluginManage:359 - Loaded plugin updater (category:base,tabindex:12)
2023-09-05 10:11:21,587 [INFO] PluginManage:310 - Check plugin userauth
2023-09-05 10:11:21,590 [INFO] UserAuth:113 - Init User Auth plugin
2023-09-05 10:11:21,590 [INFO] PluginManage:359 - Loaded plugin userauth (category:base,tabindex:14)
2023-09-05 10:11:21,591 [INFO] PluginManage:283 - PluginManage : Loaded plugins [17]
2023-09-05 10:11:21,720 [INFO] PinOutPanel:1499 - setPackage(No Configuration,No Configuration)
2023-09-05 10:11:21,780 [INFO] CADModel:165 - CPN selected for project level
2023-09-05 10:11:21,780 [INFO] CADModel:114 - Register for checkConnection events
2023-09-05 10:11:21,792 [INFO] IPUIPlugin:80 - create IPUIPlugin
2023-09-05 10:11:21,792 [INFO] PluginManager:220 - loadIPPluginJar : add adc
2023-09-05 10:11:21,793 [INFO] IPUIPlugin:80 - create IPUIPlugin
2023-09-05 10:11:21,793 [INFO] PluginManager:220 - loadIPPluginJar : add lorawan
2023-09-05 10:11:21,795 [INFO] IPUIPlugin:80 - create IPUIPlugin
2023-09-05 10:11:21,795 [INFO] PluginManager:220 - loadIPPluginJar : add dfsdm
2023-09-05 10:11:21,796 [INFO] IPUIPlugin:80 - create IPUIPlugin
2023-09-05 10:11:21,796 [INFO] PluginManager:220 - loadIPPluginJar : add can
2023-09-05 10:11:21,799 [INFO] IPUIPlugin:80 - create IPUIPlugin
2023-09-05 10:11:21,799 [INFO] PluginManager:220 - loadIPPluginJar : add fmc
2023-09-05 10:11:21,800 [INFO] IPUIPlugin:80 - create IPUIPlugin
2023-09-05 10:11:21,800 [INFO] PluginManager:220 - loadIPPluginJar : add fatfs
2023-09-05 10:11:21,802 [INFO] IPUIPlugin:80 - create IPUIPlugin
2023-09-05 10:11:21,802 [INFO] PluginManager:220 - loadIPPluginJar : add touchsensing
2023-09-05 10:11:21,806 [INFO] IPUIPlugin:80 - create IPUIPlugin
2023-09-05 10:11:21,806 [INFO] PluginManager:220 - loadIPPluginJar : add freertos
2023-09-05 10:11:21,808 [INFO] IPUIPlugin:80 - create IPUIPlugin
2023-09-05 10:11:21,808 [INFO] PluginManager:220 - loadIPPluginJar : add gtzc
2023-09-05 10:11:21,808 [INFO] IPUIPlugin:80 - create IPUIPlugin
2023-09-05 10:11:21,809 [INFO] PluginManager:220 - loadIPPluginJar : add genericplugin
2023-09-05 10:11:21,810 [INFO] IPUIPlugin:80 - create IPUIPlugin
2023-09-05 10:11:21,810 [INFO] PluginManager:220 - loadIPPluginJar : add sai
2023-09-05 10:11:21,811 [INFO] IPUIPlugin:80 - create IPUIPlugin
2023-09-05 10:11:21,812 [INFO] PluginManager:220 - loadIPPluginJar : add i2s
2023-09-05 10:11:21,813 [INFO] IPUIPlugin:80 - create IPUIPlugin
2023-09-05 10:11:21,813 [INFO] PluginManager:220 - loadIPPluginJar : add i2c
2023-09-05 10:11:21,814 [INFO] IPUIPlugin:80 - create IPUIPlugin
2023-09-05 10:11:21,814 [INFO] PluginManager:220 - loadIPPluginJar : add comp
2023-09-05 10:11:21,815 [INFO] IPUIPlugin:80 - create IPUIPlugin
2023-09-05 10:11:21,815 [INFO] PluginManager:220 - loadIPPluginJar : add cryp
2023-09-05 10:11:21,816 [INFO] IPUIPlugin:80 - create IPUIPlugin
2023-09-05 10:11:21,816 [INFO] PluginManager:220 - loadIPPluginJar : add ucpd
2023-09-05 10:11:21,817 [INFO] IPUIPlugin:80 - create IPUIPlugin
2023-09-05 10:11:21,818 [INFO] PluginManager:220 - loadIPPluginJar : add i3c
2023-09-05 10:11:21,820 [INFO] IPUIPlugin:80 - create IPUIPlugin
2023-09-05 10:11:21,820 [INFO] PluginManager:220 - loadIPPluginJar : add stm32_wpan
2023-09-05 10:11:21,822 [INFO] IPUIPlugin:80 - create IPUIPlugin
2023-09-05 10:11:21,822 [INFO] PluginManager:220 - loadIPPluginJar : add usbx
2023-09-05 10:11:21,826 [INFO] IPUIPlugin:80 - create IPUIPlugin
2023-09-05 10:11:21,826 [INFO] PluginManager:220 - loadIPPluginJar : add mdma
2023-09-05 10:11:21,828 [INFO] IPUIPlugin:80 - create IPUIPlugin
2023-09-05 10:11:21,828 [INFO] PluginManager:220 - loadIPPluginJar : add ipddr
2023-09-05 10:11:21,829 [INFO] IPUIPlugin:80 - create IPUIPlugin
2023-09-05 10:11:21,829 [INFO] PluginManager:220 - loadIPPluginJar : add ts
2023-09-05 10:11:21,830 [INFO] IPUIPlugin:80 - create IPUIPlugin
2023-09-05 10:11:21,830 [INFO] PluginManager:220 - loadIPPluginJar : add tsc
2023-09-05 10:11:21,831 [INFO] IPUIPlugin:80 - create IPUIPlugin
2023-09-05 10:11:21,831 [INFO] PluginManager:220 - loadIPPluginJar : add tim
2023-09-05 10:11:21,832 [INFO] IPUIPlugin:80 - create IPUIPlugin
2023-09-05 10:11:21,833 [INFO] PluginManager:220 - loadIPPluginJar : add gfxmmu
2023-09-05 10:11:21,834 [INFO] IPUIPlugin:80 - create IPUIPlugin
2023-09-05 10:11:21,834 [INFO] PluginManager:220 - loadIPPluginJar : add spi
2023-09-05 10:11:21,835 [INFO] IPUIPlugin:80 - create IPUIPlugin
2023-09-05 10:11:21,835 [INFO] PluginManager:220 - loadIPPluginJar : add tracer_emb
2023-09-05 10:11:21,839 [INFO] IPUIPlugin:80 - create IPUIPlugin
2023-09-05 10:11:21,839 [INFO] PluginManager:220 - loadIPPluginJar : add dma
2023-09-05 10:11:21,841 [INFO] IPUIPlugin:80 - create IPUIPlugin
2023-09-05 10:11:21,841 [INFO] PluginManager:220 - loadIPPluginJar : add gic
2023-09-05 10:11:21,843 [INFO] IPUIPlugin:80 - create IPUIPlugin
2023-09-05 10:11:21,843 [INFO] PluginManager:220 - loadIPPluginJar : add opamp
2023-09-05 10:11:21,845 [INFO] IPUIPlugin:80 - create IPUIPlugin
2023-09-05 10:11:21,845 [INFO] PluginManager:220 - loadIPPluginJar : add gpio
2023-09-05 10:11:21,849 [INFO] IPUIPlugin:80 - create IPUIPlugin
2023-09-05 10:11:21,851 [INFO] PluginManager:220 - loadIPPluginJar : add plateformsettings
2023-09-05 10:11:21,852 [INFO] IPUIPlugin:80 - create IPUIPlugin
2023-09-05 10:11:21,852 [INFO] PluginManager:220 - loadIPPluginJar : add ltdc
2023-09-05 10:11:21,856 [INFO] IPUIPlugin:80 - create IPUIPlugin
2023-09-05 10:11:21,856 [INFO] PluginManager:220 - loadIPPluginJar : add linkedlist
2023-09-05 10:11:21,858 [INFO] IPUIPlugin:80 - create IPUIPlugin
2023-09-05 10:11:21,858 [INFO] PluginManager:220 - loadIPPluginJar : add resmgrutility
2023-09-05 10:11:21,859 [INFO] IPUIPlugin:80 - create IPUIPlugin
2023-09-05 10:11:21,859 [INFO] PluginManager:220 - loadIPPluginJar : add openamp
2023-09-05 10:11:21,861 [INFO] IPUIPlugin:80 - create IPUIPlugin
2023-09-05 10:11:21,861 [INFO] PluginManager:220 - loadIPPluginJar : add nvic
2023-09-05 10:11:21,863 [INFO] IPUIPlugin:80 - create IPUIPlugin
2023-09-05 10:11:21,863 [INFO] PluginManager:220 - loadIPPluginJar : add usart
2023-09-05 10:11:21,865 [INFO] IPUIPlugin:80 - create IPUIPlugin
2023-09-05 10:11:21,865 [INFO] PluginManager:220 - loadIPPluginJar : add pdm2pcm
2023-09-05 10:11:21,866 [INFO] IPUIPlugin:80 - create IPUIPlugin
2023-09-05 10:11:21,866 [INFO] PluginManager:220 - loadIPPluginJar : add dma3
2023-09-05 10:11:21,867 [INFO] IPUIPlugin:80 - create IPUIPlugin
2023-09-05 10:11:21,868 [INFO] PluginManager:220 - loadIPPluginJar : add aes
2023-09-05 10:11:21,869 [INFO] IPUIPlugin:80 - create IPUIPlugin
2023-09-05 10:11:21,869 [INFO] PluginManager:220 - loadIPPluginJar : add hash
2023-09-05 10:11:21,870 [INFO] IPUIPlugin:80 - create IPUIPlugin
2023-09-05 10:11:21,870 [INFO] PluginManager:220 - loadIPPluginJar : add quadspi
2023-09-05 10:11:21,959 [INFO] CADModel:165 - CPN selected for project level
2023-09-05 10:11:21,959 [INFO] CADModel:114 - Register for checkConnection events
2023-09-05 10:11:21,960 [FATAL] Updater:308 - Updater called before beeing initialized
2023-09-05 10:11:21,960 [ERROR] CADModel:125 - Updater not yet initialized, retry later 
2023-09-05 10:11:22,030 [INFO] CADModel:165 - CPN selected for project level
2023-09-05 10:11:22,030 [INFO] CADModel:114 - Register for checkConnection events
2023-09-05 10:11:22,030 [FATAL] Updater:308 - Updater called before beeing initialized
2023-09-05 10:11:22,031 [ERROR] CADModel:125 - Updater not yet initialized, retry later 
2023-09-05 10:11:22,032 [FATAL] Updater:308 - Updater called before beeing initialized
2023-09-05 10:11:22,072 [FATAL] Updater:308 - Updater called before beeing initialized
2023-09-05 10:11:22,075 [INFO] DbMcusAds:53 - JSON generation date=Thu Sep 30 16:55:09 AEST 2021 (1632984909247)
2023-09-05 10:11:22,075 [FATAL] Updater:308 - Updater called before beeing initialized
2023-09-05 10:11:22,095 [WARN] DetailPanel:346 - Failed to get advertising image, set to default
2023-09-05 10:11:22,186 [FATAL] Updater:308 - Updater called before beeing initialized
2023-09-05 10:11:22,188 [FATAL] Updater:308 - Updater called before beeing initialized
2023-09-05 10:11:22,188 [FATAL] Updater:308 - Updater called before beeing initialized
2023-09-05 10:11:22,188 [WARN] DetailPanel:346 - Failed to get advertising image, set to default
2023-09-05 10:11:22,188 [FATAL] Updater:308 - Updater called before beeing initialized
2023-09-05 10:11:22,212 [ERROR] Updater:1120 - MainUpdater not yet initialized. External WinMGr cannot be set.
2023-09-05 10:11:22,215 [INFO] Updater:1056 - Updater Version found : 6.9.0
2023-09-05 10:11:22,229 [INFO] ApplicationProperties:184 - Using Application install path: /opt/st/stm32cubeide_1.13.0/plugins/com.st.stm32cube.common.mx_6.9.0.202307051724
2023-09-05 10:11:22,430 [INFO] MainUpdater:2868 - connection check result : 10
2023-09-05 10:11:22,431 [INFO] MainUpdater:285 - Updater Check For Update Now.
2023-09-05 10:11:22,431 [INFO] MicroXplorer:498 - Change Database Version : DB.6.0.90
2023-09-05 10:11:22,443 [INFO] McuFinderGlobals:63 - Set McuFinder mode to 2 (CubeIDE integrated)
2023-09-05 10:11:22,443 [INFO] UserAuth:179 - activating auth plugin
2023-09-05 10:11:22,446 [INFO] UserAuth:393 - Internet connection configuration mode: 1
2023-09-05 10:11:22,456 [INFO] JxBrowserEngine:151 - Initiate JxBrowser Engine with user profile folder
2023-09-05 10:11:22,581 [INFO] CheckServerUpdateThread:120 - End of CheckServer Thread
2023-09-05 10:11:22,974 [INFO] WebApp:157 - Instantiating new browser for Auth
2023-09-05 10:11:23,394 [INFO] WebApp:753 - Register for checkConnection events
2023-09-05 10:11:23,394 [INFO] WebApp:390 - Apply proxy settings
2023-09-05 10:11:23,394 [INFO] WebApp:475 - Chromium requires no authentication
2023-09-05 10:11:23,398 [INFO] WebApp:418 - Direct internet connection detected
2023-09-05 10:11:23,493 [INFO] WebApp:188 - Starting web application
2023-09-05 10:11:23,493 [INFO] WebApp:520 - Web application path used /opt/st/stm32cubeide_1.13.0/plugins/com.st.stm32cube.common.mx_6.9.0.202307051724/db/plugins/mcufinder/reactClient1/index.html
2023-09-05 10:11:24,508 [WARN] PackLoader:240 - Cannot read IP mode file for STMicroelectronics.X-CUBE-SMBUS.2.1.0
2023-09-05 10:11:24,521 [WARN] PackLoader:240 - Cannot read IP mode file for STMicroelectronics.X-CUBE-AZRTOS-F7.1.1.0
2023-09-05 10:11:24,526 [WARN] PackLoader:240 - Cannot read IP mode file for STMicroelectronics.FP-SNS-MOTENV1.4.3.2
2023-09-05 10:11:24,531 [WARN] PackLoader:240 - Cannot read IP mode file for STMicroelectronics.X-CUBE-BLE1.6.2.4
2023-09-05 10:11:24,535 [WARN] PackLoader:240 - Cannot read IP mode file for STMicroelectronics.X-CUBE-DISPLAY.3.0.0
2023-09-05 10:11:24,540 [WARN] PackLoader:240 - Cannot read IP mode file for STMicroelectronics.X-CUBE-BLE1.7.0.0
2023-09-05 10:11:24,543 [WARN] PackLoader:240 - Cannot read IP mode file for emotas.I-CUBE-CANOPEN.1.3.0
2023-09-05 10:11:24,546 [WARN] PackLoader:240 - Cannot read IP mode file for STMicroelectronics.X-CUBE-TOUCHGFX.4.22.0
2023-09-05 10:11:24,553 [INFO] LogOutputStream:77 - [STDOUT_REDIRECT] 1 : Invalid condition id : UX_CORESTACK_Condition cause : null
2023-09-05 10:11:24,553 [INFO] LogOutputStream:77 - [STDOUT_REDIRECT] 1 : Invalid condition id : UX_CORESTACK_Condition cause : null
2023-09-05 10:11:24,553 [INFO] LogOutputStream:77 - [STDOUT_REDIRECT] 1 : Invalid condition id : UX_CORESTACK_Condition cause : null
2023-09-05 10:11:24,554 [INFO] LogOutputStream:77 - [STDOUT_REDIRECT] 1 : Invalid condition id : UX_CORESTACK_Condition cause : null
2023-09-05 10:11:24,554 [INFO] LogOutputStream:77 - [STDOUT_REDIRECT] 1 : Invalid condition id : UX_CORESTACK_Condition cause : null
2023-09-05 10:11:24,557 [WARN] PackLoader:240 - Cannot read IP mode file for STMicroelectronics.X-CUBE-AZRTOS-WL.2.0.0
2023-09-05 10:11:24,561 [WARN] PackLoader:240 - Cannot read IP mode file for WES.I-CUBE-Cesium.1.3.0
2023-09-05 10:11:24,564 [WARN] PackLoader:240 - Cannot read IP mode file for STMicroelectronics.X-CUBE-BLE2.3.3.0
2023-09-05 10:11:24,568 [WARN] PackLoader:240 - Cannot read IP mode file for STMicroelectronics.X-CUBE-ALGOBUILD.1.3.0
2023-09-05 10:11:24,581 [WARN] PackLoader:240 - Cannot read IP mode file for STMicroelectronics.X-CUBE-AZRTOS-G0.1.1.0
2023-09-05 10:11:24,585 [WARN] PackLoader:240 - Cannot read IP mode file for STMicroelectronics.X-CUBE-NFC4.3.0.0
2023-09-05 10:11:24,588 [WARN] PackLoader:240 - Cannot read IP mode file for STMicroelectronics.FP-ATR-SIGFOX1.3.2.0
2023-09-05 10:11:24,615 [WARN] PackLoader:240 - Cannot read IP mode file for SEGGER.I-CUBE-embOS.1.3.1
2023-09-05 10:11:24,670 [WARN] PackLoader:240 - Cannot read IP mode file for STMicroelectronics.X-CUBE-GNSS1.6.0.0
2023-09-05 10:11:24,685 [WARN] PackLoader:240 - Cannot read IP mode file for STMicroelectronics.X-CUBE-AZRTOS-F4.1.1.0
2023-09-05 10:11:24,690 [WARN] PackLoader:240 - Cannot read IP mode file for wolfSSL.I-CUBE-wolfSSL.5.6.3
2023-09-05 10:11:24,701 [WARN] PackLoader:240 - Cannot read IP mode file for STMicroelectronics.X-CUBE-AZRTOS-L5.2.0.0
2023-09-05 10:11:24,734 [WARN] PackLoader:240 - Cannot read IP mode file for STMicroelectronics.X-CUBE-MEMS1.9.6.0
2023-09-05 10:11:24,872 [WARN] PackLoader:240 - Cannot read IP mode file for STMicroelectronics.X-CUBE-BLEMGR.2.0.0
2023-09-05 10:11:24,884 [WARN] ConditionMgr:438 - getConditionDescription Invalid condition id : UX DEVICE CLASS RTOS Condition cause : null
2023-09-05 10:11:24,885 [WARN] ConditionMgr:438 - getConditionDescription Invalid condition id : UX DEVICE CLASS RTOS Condition cause : null
2023-09-05 10:11:24,887 [WARN] PackLoader:240 - Cannot read IP mode file for STMicroelectronics.X-CUBE-AZRTOS-H7.3.1.0
2023-09-05 10:11:24,888 [WARN] ConditionMgr:1039 - genDependencies : Invalid condition id : UX DEVICE CLASS RTOS Condition cause : null
2023-09-05 10:11:24,888 [WARN] ConditionMgr:1039 - genDependencies : Invalid condition id : UX DEVICE CLASS RTOS Condition cause : null
2023-09-05 10:11:24,889 [WARN] ConditionMgr:1039 - genDependencies : Invalid condition id : UX DEVICE CLASS RTOS Condition cause : null
2023-09-05 10:11:24,889 [WARN] ConditionMgr:1039 - genDependencies : Invalid condition id : UX DEVICE CLASS RTOS Condition cause : null
2023-09-05 10:11:24,889 [WARN] ConditionMgr:1039 - genDependencies : Invalid condition id : UX DEVICE CLASS RTOS Condition cause : null
2023-09-05 10:11:24,894 [WARN] PackLoader:240 - Cannot read IP mode file for STMicroelectronics.X-CUBE-NFC7.1.0.1
2023-09-05 10:11:24,899 [WARN] PackLoader:240 - Cannot read IP mode file for STMicroelectronics.X-CUBE-EEPRMA1.4.1.0
2023-09-05 10:11:24,902 [WARN] PackLoader:240 - Cannot read IP mode file for STMicroelectronics.X-CUBE-AI.8.1.0
2023-09-05 10:11:24,918 [WARN] ConditionMgr:438 - getConditionDescription Invalid condition id : LAN8742 Phy interface Condition cause : null
2023-09-05 10:11:24,919 [WARN] PackLoader:240 - Cannot read IP mode file for STMicroelectronics.X-CUBE-AZRTOS-L4.2.0.0
2023-09-05 10:11:24,920 [WARN] ConditionMgr:1039 - genDependencies : Invalid condition id : LAN8742 Phy interface Condition cause : null
2023-09-05 10:11:24,920 [WARN] ConditionMgr:1039 - genDependencies : Invalid condition id : LAN8742 Phy interface Condition cause : null
2023-09-05 10:11:24,921 [WARN] ConditionMgr:1039 - genDependencies : Invalid condition id : LAN8742 Phy interface Condition cause : null
2023-09-05 10:11:24,927 [WARN] PackLoader:240 - Cannot read IP mode file for STMicroelectronics.X-CUBE-SFXS2LP1.4.0.0
2023-09-05 10:11:24,930 [WARN] PackLoader:240 - Cannot read IP mode file for STMicroelectronics.X-CUBE-ISPU.1.1.0
2023-09-05 10:11:24,940 [WARN] ConditionMgr:438 - getConditionDescription Invalid condition id : UX DEVICE CLASS RTOS Condition cause : null
2023-09-05 10:11:24,940 [WARN] ConditionMgr:438 - getConditionDescription Invalid condition id : UX DEVICE CLASS RTOS Condition cause : null
2023-09-05 10:11:24,942 [WARN] PackLoader:240 - Cannot read IP mode file for STMicroelectronics.X-CUBE-AZRTOS-WB.2.0.0
2023-09-05 10:11:24,943 [WARN] ConditionMgr:1039 - genDependencies : Invalid condition id : UX DEVICE CLASS RTOS Condition cause : null
2023-09-05 10:11:24,943 [WARN] ConditionMgr:1039 - genDependencies : Invalid condition id : UX DEVICE CLASS RTOS Condition cause : null
2023-09-05 10:11:24,943 [WARN] ConditionMgr:1039 - genDependencies : Invalid condition id : UX DEVICE CLASS RTOS Condition cause : null
2023-09-05 10:11:24,944 [WARN] ConditionMgr:1039 - genDependencies : Invalid condition id : UX DEVICE CLASS RTOS Condition cause : null
2023-09-05 10:11:24,944 [WARN] ConditionMgr:1039 - genDependencies : Invalid condition id : UX DEVICE CLASS RTOS Condition cause : null
2023-09-05 10:11:24,947 [WARN] PackLoader:240 - Cannot read IP mode file for STMicroelectronics.X-CUBE-FREERTOS.1.0.1
2023-09-05 10:11:24,951 [WARN] PackLoader:240 - Cannot read IP mode file for STMicroelectronics.X-CUBE-AI.8.0.1
2023-09-05 10:11:24,963 [WARN] PackLoader:240 - Cannot read IP mode file for STMicroelectronics.X-CUBE-SUBG2.5.0.0
2023-09-05 10:11:24,976 [WARN] PackLoader:240 - Cannot read IP mode file for STMicroelectronics.X-CUBE-TOF1.3.3.1
2023-09-05 10:11:24,996 [WARN] PackLoader:240 - Cannot read IP mode file for STMicroelectronics.X-CUBE-AZRTOS-G4.2.0.0
2023-09-05 10:11:25,002 [WARN] PackLoader:240 - Cannot read IP mode file for STMicroelectronics.X-CUBE-FREERTOS.1.1.0
2023-09-05 10:11:25,005 [WARN] PackLoader:240 - Cannot read IP mode file for portGmbH.I-Cube-SoM-uGOAL.1.1.0
2023-09-05 10:11:25,009 [WARN] PackLoader:240 - Cannot read IP mode file for STMicroelectronics.X-CUBE-ALS.1.0.1
2023-09-05 10:11:25,012 [WARN] PackLoader:240 - Cannot read IP mode file for STMicroelectronics.FP-ATR-ASTRA1.2.0.0
2023-09-05 10:11:25,013 [INFO] ThirdParty:978 - Integrity check success = true
2023-09-05 10:11:25,013 [INFO] IntegrityCheckThread:100 - exiting critical section [integrity check]
2023-09-05 10:11:25,013 [INFO] IntegrityCheckThread:103 - End integrity checks thread
2023-09-05 10:11:34,493 [INFO] McuFinderGlobals:63 - Set McuFinder mode to 2 (CubeIDE integrated)
2023-09-05 10:11:34,497 [INFO] MainUpdater:2868 - connection check result : 10
2023-09-05 10:11:34,497 [INFO] MainUpdater:2868 - connection check result : 10
2023-09-05 10:11:34,519 [INFO] MicroXplorer:468 - Change Database Path : 
2023-09-05 10:11:34,519 [INFO] MicroXplorer:498 - Change Database Version : DB.6.0.90
2023-09-05 10:11:34,521 [WARN] ThirdParty:871 - waiting for thirdparty lock release [close project]
2023-09-05 10:11:34,521 [INFO] ThirdParty:873 - entering critical section [close project]
2023-09-05 10:11:34,521 [INFO] ThirdParty:883 - exiting critical section [close project]
2023-09-05 10:11:34,522 [INFO] PinOutPanel:1499 - setPackage(No Configuration,No Configuration)
2023-09-05 10:11:34,525 [INFO] UtilMem:75 - Begin LoadConfig() Used Memory: 218428016 Bytes (295698432)
2023-09-05 10:11:34,526 [INFO] MicroXplorer:468 - Change Database Path : 
2023-09-05 10:11:34,526 [INFO] MicroXplorer:498 - Change Database Version : DB.6.0.90
2023-09-05 10:11:34,526 [INFO] OpenFileManager:308 - Change cursor
2023-09-05 10:11:34,539 [INFO] Mcu:1946 - Initializing MCU STM32H723ZGTx STM32H723ZGTx STM32H723ZGT6
2023-09-05 10:11:36,358 [INFO] ApiDbIP:1709 - IP GPIO STM32H72_gpio_v1_0 refparameter PinAttribute is referenced in RefMode but not declared as Refparameter
2023-09-05 10:11:36,359 [ERROR] LogOutputStream:75 - [STDERR_REDIRECT] com.st.microxplorer.db.DbException: IP GPIO STM32H72_gpio_v1_0 refparameter referenced in RefMode but not declared as Refparameter 
2023-09-05 10:11:36,360 [ERROR] LogOutputStream:75 - [STDERR_REDIRECT] 	at com.st.microxplorer.db.ApiDbIP.getRefModes(ApiDbIP.java:1711)
2023-09-05 10:11:36,360 [ERROR] LogOutputStream:75 - [STDERR_REDIRECT] 	at com.st.microxplorer.db.ApiDbIP.getGpioService_from_IPModes(ApiDbIP.java:890)
2023-09-05 10:11:36,360 [ERROR] LogOutputStream:75 - [STDERR_REDIRECT] 	at com.st.microxplorer.db.ApiDbIP.load_IpModesDb(ApiDbIP.java:231)
2023-09-05 10:11:36,360 [ERROR] LogOutputStream:75 - [STDERR_REDIRECT] 	at com.st.microxplorer.db.ApiDbMcu.initMcu(ApiDbMcu.java:284)
2023-09-05 10:11:36,360 [ERROR] LogOutputStream:75 - [STDERR_REDIRECT] 	at com.st.microxplorer.mcu.Mcu.swingWorkerInitMcu(Mcu.java:1004)
2023-09-05 10:11:36,360 [ERROR] LogOutputStream:75 - [STDERR_REDIRECT] 	at com.st.microxplorer.util.ProcessBarDialog.performAction(ProcessBarDialog.java:89)
2023-09-05 10:11:36,361 [ERROR] LogOutputStream:75 - [STDERR_REDIRECT] 	at com.st.microxplorer.util.ProcessBarDialog.doAction(ProcessBarDialog.java:142)
2023-09-05 10:11:36,361 [ERROR] LogOutputStream:75 - [STDERR_REDIRECT] 	at com.st.microxplorer.mcu.Mcu.initMcu(Mcu.java:993)
2023-09-05 10:11:36,361 [ERROR] LogOutputStream:75 - [STDERR_REDIRECT] 	at com.st.microxplorer.mcu.Mcu.initializeNewMcu(Mcu.java:1966)
2023-09-05 10:11:36,361 [ERROR] LogOutputStream:75 - [STDERR_REDIRECT] 	at com.st.microxplorer.mxsystem.ProjectFactory.swingWorkerLoad(ProjectFactory.java:409)
2023-09-05 10:11:36,361 [ERROR] LogOutputStream:75 - [STDERR_REDIRECT] 	at com.st.microxplorer.util.ProcessBarDialog.performAction(ProcessBarDialog.java:86)
2023-09-05 10:11:36,361 [ERROR] LogOutputStream:75 - [STDERR_REDIRECT] 	at com.st.microxplorer.util.ProcessBarDialog$1.doInBackground(ProcessBarDialog.java:157)
2023-09-05 10:11:36,361 [ERROR] LogOutputStream:75 - [STDERR_REDIRECT] 	at com.st.microxplorer.util.ProcessBarDialog$1.doInBackground(ProcessBarDialog.java:154)
2023-09-05 10:11:36,361 [ERROR] LogOutputStream:75 - [STDERR_REDIRECT] 	at java.desktop/javax.swing.SwingWorker$1.call(SwingWorker.java:304)
2023-09-05 10:11:36,361 [ERROR] LogOutputStream:75 - [STDERR_REDIRECT] 	at java.base/java.util.concurrent.FutureTask.run(FutureTask.java:264)
2023-09-05 10:11:36,362 [ERROR] LogOutputStream:75 - [STDERR_REDIRECT] 	at java.desktop/javax.swing.SwingWorker.run(SwingWorker.java:343)
2023-09-05 10:11:36,362 [ERROR] LogOutputStream:75 - [STDERR_REDIRECT] 	at java.base/java.util.concurrent.ThreadPoolExecutor.runWorker(ThreadPoolExecutor.java:1136)
2023-09-05 10:11:36,362 [ERROR] LogOutputStream:75 - [STDERR_REDIRECT] 	at java.base/java.util.concurrent.ThreadPoolExecutor$Worker.run(ThreadPoolExecutor.java:635)
2023-09-05 10:11:36,362 [ERROR] LogOutputStream:75 - [STDERR_REDIRECT] 	at java.base/java.lang.Thread.run(Thread.java:833)
2023-09-05 10:11:36,362 [INFO] Context:659 - Trying to add GPIOservice into a context  which must be forbidden
2023-09-05 10:11:37,286 [INFO] RtosManager:555 - Registered RTOS mode: class=CMSIS, group=RTOS, mode=CMSIS_V1, owner=FREERTOS
2023-09-05 10:11:37,286 [INFO] RtosManager:555 - Registered RTOS mode: class=CMSIS, group=RTOS2, mode=CMSIS_V2, owner=FREERTOS
2023-09-05 10:11:37,286 [INFO] RtosManager:555 - Registered RTOS mode: class=RTOS, group=Core, mode=CMSIS_V1, owner=FREERTOS
2023-09-05 10:11:37,286 [INFO] RtosManager:555 - Registered RTOS mode: class=RTOS, group=Core, mode=CMSIS_V2, owner=FREERTOS
2023-09-05 10:11:37,287 [WARN] ModelIntegratedComponent:184 - Missing modes for component STMicroelectronics:FreeRTOS:0.0.1:STMicroelectronics:RTOS:FreeRTOS:Core:::10.2.0:
2023-09-05 10:11:37,289 [WARN] ModelIntegratedComponent:182 - Modes not found for component STMicroelectronics:USB_HOST:1.0.0:STMicroelectronics:USB::USB Host:Audio FS::1.0:USB_HOST_1_0_RESTRICTED_FS
2023-09-05 10:11:37,289 [WARN] ModelIntegratedComponent:188 - Modes not found for component STMicroelectronics:USB_HOST:1.0.0:STMicroelectronics:USB::USB Host:Audio FS::1.0:USB_HOST_1_0_RESTRICTED_FS
2023-09-05 10:11:37,289 [WARN] ModelIntegratedComponent:182 - Modes not found for component STMicroelectronics:USB_HOST:1.0.0:STMicroelectronics:USB::USB Host:CDC FS::1.0:USB_HOST_1_0_RESTRICTED_FS
2023-09-05 10:11:37,289 [WARN] ModelIntegratedComponent:188 - Modes not found for component STMicroelectronics:USB_HOST:1.0.0:STMicroelectronics:USB::USB Host:CDC FS::1.0:USB_HOST_1_0_RESTRICTED_FS
2023-09-05 10:11:37,289 [WARN] ModelIntegratedComponent:182 - Modes not found for component STMicroelectronics:USB_HOST:1.0.0:STMicroelectronics:USB::USB Host:MSC FS::1.0:USB_HOST_1_0_RESTRICTED_FS
2023-09-05 10:11:37,289 [WARN] ModelIntegratedComponent:188 - Modes not found for component STMicroelectronics:USB_HOST:1.0.0:STMicroelectronics:USB::USB Host:MSC FS::1.0:USB_HOST_1_0_RESTRICTED_FS
2023-09-05 10:11:37,289 [WARN] ModelIntegratedComponent:182 - Modes not found for component STMicroelectronics:USB_HOST:1.0.0:STMicroelectronics:USB::USB Host:HID FS::1.0:USB_HOST_1_0_RESTRICTED_FS
2023-09-05 10:11:37,289 [WARN] ModelIntegratedComponent:188 - Modes not found for component STMicroelectronics:USB_HOST:1.0.0:STMicroelectronics:USB::USB Host:HID FS::1.0:USB_HOST_1_0_RESTRICTED_FS
2023-09-05 10:11:37,289 [WARN] ModelIntegratedComponent:182 - Modes not found for component STMicroelectronics:USB_HOST:1.0.0:STMicroelectronics:USB::USB Host:MTP FS::1.0:USB_HOST_1_0_RESTRICTED_FS
2023-09-05 10:11:37,289 [WARN] ModelIntegratedComponent:188 - Modes not found for component STMicroelectronics:USB_HOST:1.0.0:STMicroelectronics:USB::USB Host:MTP FS::1.0:USB_HOST_1_0_RESTRICTED_FS
2023-09-05 10:11:37,292 [WARN] ModelIntegratedComponent:63 - No mode defined for component null
2023-09-05 10:11:37,292 [WARN] ModelIntegratedComponent:63 - No mode defined for component null
2023-09-05 10:11:37,292 [WARN] ModelIntegratedComponent:63 - No mode defined for component null
2023-09-05 10:11:37,292 [WARN] ModelIntegratedComponent:63 - No mode defined for component null
2023-09-05 10:11:37,292 [WARN] ModelIntegratedComponent:63 - No mode defined for component null
2023-09-05 10:11:37,292 [WARN] ModelIntegratedComponent:63 - No mode defined for component null
2023-09-05 10:11:37,292 [WARN] ModelIntegratedComponent:63 - No mode defined for component null
2023-09-05 10:11:37,292 [WARN] ModelIntegratedComponent:63 - No mode defined for component null
2023-09-05 10:11:37,292 [WARN] ModelIntegratedComponent:63 - No mode defined for component null
2023-09-05 10:11:37,292 [WARN] ModelIntegratedComponent:63 - No mode defined for component null
2023-09-05 10:11:37,292 [WARN] ModelIntegratedComponent:63 - No mode defined for component null
2023-09-05 10:11:37,292 [WARN] ModelIntegratedComponent:63 - No mode defined for component null
2023-09-05 10:11:37,292 [WARN] ModelIntegratedComponent:63 - No mode defined for component null
2023-09-05 10:11:37,292 [WARN] ModelIntegratedComponent:63 - No mode defined for component null
2023-09-05 10:11:37,292 [WARN] ModelIntegratedComponent:63 - No mode defined for component null
2023-09-05 10:11:37,292 [WARN] ModelIntegratedComponent:63 - No mode defined for component null
2023-09-05 10:11:37,292 [WARN] ModelIntegratedComponent:63 - No mode defined for component null
2023-09-05 10:11:37,292 [WARN] ModelIntegratedComponent:63 - No mode defined for component null
2023-09-05 10:11:37,292 [WARN] ModelIntegratedComponent:63 - No mode defined for component null
2023-09-05 10:11:37,292 [WARN] ModelIntegratedComponent:63 - No mode defined for component null
2023-09-05 10:11:37,292 [WARN] ModelIntegratedComponent:63 - No mode defined for component null
2023-09-05 10:11:37,292 [WARN] ModelIntegratedComponent:63 - No mode defined for component null
2023-09-05 10:11:37,292 [WARN] ModelIntegratedComponent:63 - No mode defined for component null
2023-09-05 10:11:37,292 [WARN] ModelIntegratedComponent:63 - No mode defined for component null
2023-09-05 10:11:37,292 [WARN] ModelIntegratedComponent:63 - No mode defined for component null
2023-09-05 10:11:37,292 [WARN] ModelIntegratedComponent:63 - No mode defined for component null
2023-09-05 10:11:37,292 [WARN] ModelIntegratedComponent:63 - No mode defined for component null
2023-09-05 10:11:37,292 [WARN] ModelIntegratedComponent:63 - No mode defined for component null
2023-09-05 10:11:37,292 [WARN] ModelIntegratedComponent:63 - No mode defined for component null
2023-09-05 10:11:37,292 [WARN] ModelIntegratedComponent:63 - No mode defined for component null
2023-09-05 10:11:37,293 [WARN] ModelIntegratedComponent:63 - No mode defined for component null
2023-09-05 10:11:37,293 [WARN] ModelIntegratedComponent:63 - No mode defined for component null
2023-09-05 10:11:37,293 [WARN] ModelIntegratedComponent:63 - No mode defined for component null
2023-09-05 10:11:37,297 [WARN] ModelIntegratedComponent:182 - Modes not found for component STMicroelectronics:USB_DEVICE:1.0.0:STMicroelectronics:USB::USB Device:Audio FS::1.0:USB_DEVICE_1_0_RESTRICTED_FS
2023-09-05 10:11:37,297 [WARN] ModelIntegratedComponent:188 - Modes not found for component STMicroelectronics:USB_DEVICE:1.0.0:STMicroelectronics:USB::USB Device:Audio FS::1.0:USB_DEVICE_1_0_RESTRICTED_FS
2023-09-05 10:11:37,297 [WARN] ModelIntegratedComponent:182 - Modes not found for component STMicroelectronics:USB_DEVICE:1.0.0:STMicroelectronics:USB::USB Device:CDC FS::1.0:USB_DEVICE_1_0_RESTRICTED_FS
2023-09-05 10:11:37,297 [WARN] ModelIntegratedComponent:188 - Modes not found for component STMicroelectronics:USB_DEVICE:1.0.0:STMicroelectronics:USB::USB Device:CDC FS::1.0:USB_DEVICE_1_0_RESTRICTED_FS
2023-09-05 10:11:37,297 [WARN] ModelIntegratedComponent:182 - Modes not found for component STMicroelectronics:USB_DEVICE:1.0.0:STMicroelectronics:USB::USB Device:DFU FS::1.0:USB_DEVICE_1_0_RESTRICTED_FS
2023-09-05 10:11:37,297 [WARN] ModelIntegratedComponent:188 - Modes not found for component STMicroelectronics:USB_DEVICE:1.0.0:STMicroelectronics:USB::USB Device:DFU FS::1.0:USB_DEVICE_1_0_RESTRICTED_FS
2023-09-05 10:11:37,297 [WARN] ModelIntegratedComponent:182 - Modes not found for component STMicroelectronics:USB_DEVICE:1.0.0:STMicroelectronics:USB::USB Device:HID FS::1.0:USB_DEVICE_1_0_RESTRICTED_FS
2023-09-05 10:11:37,297 [WARN] ModelIntegratedComponent:188 - Modes not found for component STMicroelectronics:USB_DEVICE:1.0.0:STMicroelectronics:USB::USB Device:HID FS::1.0:USB_DEVICE_1_0_RESTRICTED_FS
2023-09-05 10:11:37,297 [WARN] ModelIntegratedComponent:182 - Modes not found for component STMicroelectronics:USB_DEVICE:1.0.0:STMicroelectronics:USB::USB Device:Custom HID FS::1.0:USB_DEVICE_1_0_RESTRICTED_FS
2023-09-05 10:11:37,297 [WARN] ModelIntegratedComponent:188 - Modes not found for component STMicroelectronics:USB_DEVICE:1.0.0:STMicroelectronics:USB::USB Device:Custom HID FS::1.0:USB_DEVICE_1_0_RESTRICTED_FS
2023-09-05 10:11:37,297 [WARN] ModelIntegratedComponent:182 - Modes not found for component STMicroelectronics:USB_DEVICE:1.0.0:STMicroelectronics:USB::USB Device:MSC FS::1.0:USB_DEVICE_1_0_RESTRICTED_FS
2023-09-05 10:11:37,297 [WARN] ModelIntegratedComponent:188 - Modes not found for component STMicroelectronics:USB_DEVICE:1.0.0:STMicroelectronics:USB::USB Device:MSC FS::1.0:USB_DEVICE_1_0_RESTRICTED_FS
2023-09-05 10:11:37,306 [INFO] ThirdPartyModel:298 - Start build external matchings
2023-09-05 10:11:37,445 [INFO] ThirdPartyModel:316 - End build external matchings
2023-09-05 10:11:37,454 [INFO] ImportTextPane:194 - (OptionalMessage_ERROR) IP (DMA) : Parameter (Instance) has Id (SPI1_RX) currently not set
2023-09-05 10:11:37,455 [INFO] ImportTextPane:194 - (OptionalMessage_ERROR) IP (DMA) : Parameter (Request) has Id (SPI1_RX) currently not set
2023-09-05 10:11:37,455 [INFO] ImportTextPane:194 - (OptionalMessage_ERROR) IP (DMA) : Parameter (Direction) has Id (SPI1_RX) currently not set
2023-09-05 10:11:37,455 [INFO] ImportTextPane:194 - (OptionalMessage_ERROR) IP (DMA) : Parameter (PeriphInc) has Id (SPI1_RX) currently not set
2023-09-05 10:11:37,455 [INFO] ImportTextPane:194 - (OptionalMessage_ERROR) IP (DMA) : Parameter (MemInc) has Id (SPI1_RX) currently not set
2023-09-05 10:11:37,455 [INFO] ImportTextPane:194 - (OptionalMessage_ERROR) IP (DMA) : Parameter (PeriphDataAlignment) has Id (SPI1_RX) currently not set
2023-09-05 10:11:37,455 [INFO] ImportTextPane:194 - (OptionalMessage_ERROR) IP (DMA) : Parameter (MemDataAlignment) has Id (SPI1_RX) currently not set
2023-09-05 10:11:37,455 [INFO] ImportTextPane:194 - (OptionalMessage_ERROR) IP (DMA) : Parameter (Mode) has Id (SPI1_RX) currently not set
2023-09-05 10:11:37,455 [INFO] ImportTextPane:194 - (OptionalMessage_ERROR) IP (DMA) : Parameter (Priority) has Id (SPI1_RX) currently not set
2023-09-05 10:11:37,455 [INFO] ImportTextPane:194 - (OptionalMessage_ERROR) IP (DMA) : Parameter (FIFOMode) has Id (SPI1_RX) currently not set
2023-09-05 10:11:37,455 [INFO] ImportTextPane:194 - (OptionalMessage_ERROR) IP (DMA) : Parameter (SignalID) has Id (SPI1_RX) currently not set
2023-09-05 10:11:37,455 [INFO] ImportTextPane:194 - (OptionalMessage_ERROR) IP (DMA) : Parameter (Polarity) has Id (SPI1_RX) currently not set
2023-09-05 10:11:37,455 [INFO] ImportTextPane:194 - (OptionalMessage_ERROR) IP (DMA) : Parameter (RequestNumber) has Id (SPI1_RX) currently not set
2023-09-05 10:11:37,455 [INFO] ImportTextPane:194 - (OptionalMessage_ERROR) IP (DMA) : Parameter (SyncSignalID) has Id (SPI1_RX) currently not set
2023-09-05 10:11:37,455 [INFO] ImportTextPane:194 - (OptionalMessage_ERROR) IP (DMA) : Parameter (SyncPolarity) has Id (SPI1_RX) currently not set
2023-09-05 10:11:37,455 [INFO] ImportTextPane:194 - (OptionalMessage_ERROR) IP (DMA) : Parameter (SyncEnable) has Id (SPI1_RX) currently not set
2023-09-05 10:11:37,455 [INFO] ImportTextPane:194 - (OptionalMessage_ERROR) IP (DMA) : Parameter (EventEnable) has Id (SPI1_RX) currently not set
2023-09-05 10:11:37,456 [INFO] ImportTextPane:194 - (OptionalMessage_ERROR) IP (DMA) : Parameter (SyncRequestNumber) has Id (SPI1_RX) currently not set
2023-09-05 10:11:37,459 [INFO] ImportTextPane:194 - (OptionalMessage_ERROR) IP (RCC) : Invalid parameter (FamilyName)
2023-09-05 10:11:37,751 [INFO] UtilMem:75 - End LoadConfig() Used Memory: 205441232 Bytes (578813952)
2023-09-05 10:11:37,813 [INFO] ApiDb:581 - Connected to CubeFinder SQLite database (/home/clayton/.stmcufinder/plugins/mcufinder/mcu/cube-finder-db.db)
2023-09-05 10:11:37,837 [INFO] ApiDb:668 - CubeFinder database Data Model version=2.1
2023-09-05 10:11:37,838 [INFO] ApiDb:669 - CubeFinder database Configuration version=3.0.35
2023-09-05 10:11:37,838 [INFO] ApiDb:670 - CubeFinder database generation date=2023-02-21 (1676964986)
2023-09-05 10:11:37,838 [INFO] ApiDb:671 - CubeFinder database FW Pack versions=[FP-ATR-ASTRA1_V1.1.1, STM32Cube_FW_C0_V1.0.1, STM32Cube_FW_F0_V1.11.4, STM32Cube_FW_F3_V1.11.4, STM32Cube_FW_F4_V1.27.1, STM32Cube_FW_F7_V1.17.0, STM32Cube_FW_G0_V1.6.1, STM32Cube_FW_G4_V1.5.1, STM32Cube_FW_H5_V0.5.1, STM32Cube_FW_H5_V1.0.0, STM32Cube_FW_H7_V1.11.0, STM32Cube_FW_L0_V1.12.2, STM32Cube_FW_L5_V1.5.0, STM32Cube_FW_U5_V1.2.0, STM32Cube_FW_WBA_V1.0.0, STM32Cube_FW_WBA_V1.0.0RC1, STM32Cube_FW_WBA_V1.0.0RC3, STM32Cube_FW_WB_V1.15.0RC1, STM32Cube_FW_WB_V1.16.0, STM32Cube_FW_WB_V1.16.0RC2, STM32Cube_FW_WL_V1.3.0, X-CUBE-ALGOBUILD_V1.3.0, X-CUBE-ALS_V1.0.1, X-CUBE-AZRTOS-F4_V1.1.0, X-CUBE-AZRTOS-F7_V1.1.0, X-CUBE-AZRTOS-G0_V1.1.0, X-CUBE-AZRTOS-G4_V1.0.0, X-CUBE-AZRTOS-H7_V3.0.0, X-CUBE-AZRTOS-L4_V1.0.0, X-CUBE-AZRTOS-L5_V1.1.0, X-CUBE-AZRTOS-WB_V1.1.0, X-CUBE-AZRTOS-WL_V1.0.0, X-CUBE-BLE1_V6.2.4, X-CUBE-BLE2_V3.3.0, X-CUBE-BLEMGR_V1.3.0, X-CUBE-EEPRMA1_V4.1.0, X-CUBE-GNSS1_V6.0.0, X-CUBE-MEMS1_V9.1.0, X-CUBE-MEMS1_V9.4.0, X-CUBE-MEMS1_V9.5.0, X-CUBE-NFC4_V3.0.0, X-CUBE-NFC7_V1.0.0, X-CUBE-SFXS2LP1_V4.0.0, X-CUBE-SUBG2_V5.0.0]
2023-09-05 10:11:38,862 [ERROR] DbMcusSqlite:536 - Found 1 error(s) while decoding attributes due to database compatibility issues
2023-09-05 10:11:38,862 [ERROR] DbMcusSqlite:538 - SQL statement error: no such column: 'I3C' (3772)
2023-09-05 10:11:38,863 [INFO] ApiDb:240 - Found 323 in-development CPN: [B-G473E-ZEST1S, B-WB1M-WPAN1, B-WL5M-SUBG1, NUCLEO-C031C6, NUCLEO-H503RB, NUCLEO-H563ZI, NUCLEO-U545RE-Q, NUCLEO-U5A5ZJ-Q, NUCLEO-WBA52CG, STEVAL-PROTEUS1, STEVAL-SMARTAG2, STEVAL-STWINBX1, STM320518-EVAL, STM32C0116-DK, STM32C011D6Y3TR, STM32C011D6Y6TR, STM32C011F4P3, STM32C011F4P6, STM32C011F4U3, STM32C011F4U6TR, STM32C011F6P3, STM32C011F6P6, STM32C011F6U3, STM32C011F6U6TR, STM32C011J4M3, STM32C011J4M6, STM32C011J6M3, STM32C011J6M6, STM32C0316-DK, STM32C031C4T3, STM32C031C4T6, STM32C031C4U3, STM32C031C4U6, STM32C031C6T3, STM32C031C6T6, STM32C031C6U3, STM32C031C6U6, STM32C031F4P3, STM32C031F4P6, STM32C031F6P3, STM32C031F6P6, STM32C031G4U3, STM32C031G4U6, STM32C031G6U3, STM32C031G6U6, STM32C031K4T3, STM32C031K4T6, STM32C031K4U3, STM32C031K4U6, STM32C031K6T3, STM32C031K6T6, STM32C031K6U3, STM32C031K6U6, STM32G071K8TXN, STM32G071K8UXN, STM32G081GBU6N, STM32G081KBT6N, STM32G081KBUXN, STM32G0B1CCT6N, STM32G0B1KCT6, STM32G0B1NEY6TR, STM32G0B1RCT6N, STM32G0C1CCT6, STM32G0C1CCT6N, STM32G0C1CCU6N, STM32G0C1CET6N, STM32G0C1CEU6N, STM32G0C1KCT6, STM32G0C1NEY6TR, STM32G0C1RCI6N, STM32G0C1RCT6N, STM32G0C1REI6N, STM32G0C1RET6N, STM32G0C1VCI6, STM32G0C1VEI6, STM32G471CCT6, STM32G471CCU6, STM32G471CET3, STM32G471CET6, STM32G471CEU3, STM32G471CEU6, STM32G471MCT6, STM32G471MET3, STM32G471MET6, STM32G471MEY6TR, STM32G471QCT6, STM32G471QET3, STM32G471RCT6, STM32G471RET3, STM32G471RET6, STM32G471VCH6, STM32G471VCI6, STM32G471VCT6, STM32G471VEH3, STM32G471VEH6, STM32G471VEI3, STM32G471VEI6, STM32G471VET3, STM32G471VET6, STM32G474CCT6, STM32H503CBT6, STM32H503CBU6, STM32H503EBY6TR, STM32H503KBU6, STM32H503RBT6, STM32H562AGI6, STM32H562AII6, STM32H562IGK6, STM32H562IGT6, STM32H562IIK6, STM32H562IIT6, STM32H562RGT6, STM32H562RGV6, STM32H562RIT6, STM32H562RIV6, STM32H562VGT6, STM32H562VIT6, STM32H562ZGT6, STM32H562ZIT6, STM32H563AGI6, STM32H563AII3Q, STM32H563AII6, STM32H563IGK6, STM32H563IGT6, STM32H563IIK3Q, STM32H563IIK6, STM32H563IIT3Q, STM32H563IIT6, STM32H563MIY3QTR, STM32H563RGT6, STM32H563RGV6, STM32H563RIT6, STM32H563RIV6, STM32H563VGT6, STM32H563VIT3Q, STM32H563VIT6, STM32H563ZGT6, STM32H563ZIT3Q, STM32H563ZIT6, STM32H573AII3Q, STM32H573AII6, STM32H573I-DK, STM32H573IIK3Q, STM32H573IIK6, STM32H573IIT3Q, STM32H573IIT6, STM32H573MIY3QTR, STM32H573RIT6, STM32H573RIV6, STM32H573VIT3Q, STM32H573VIT6, STM32H573ZIT3Q, STM32H573ZIT6, STM32L4R5QGI6STR, STM32MP131AAE3, STM32MP131AAF3, STM32MP131AAG3, STM32MP131CAE3, STM32MP131CAF3, STM32MP131CAG3, STM32MP131DAE7, STM32MP131DAF7, STM32MP131DAG7, STM32MP131FAE7, STM32MP131FAF7, STM32MP131FAG7, STM32MP133AAE3, STM32MP133AAF3, STM32MP133AAG3, STM32MP133CAE3, STM32MP133CAF3, STM32MP133CAG3, STM32MP133DAE7, STM32MP133DAF7, STM32MP133DAG7, STM32MP133FAE7, STM32MP133FAF7, STM32MP133FAG7, STM32MP135AAE3, STM32MP135AAF3, STM32MP135AAG3, STM32MP135CAE3, STM32MP135CAF3, STM32MP135CAG3, STM32MP135DAE7, STM32MP135DAF7, STM32MP135DAG7, STM32MP135F-DK, STM32MP135FAE7, STM32MP135FAF7, STM32MP135FAF7T, STM32MP135FAF7U, STM32MP135FAG7, STM32U535CBT6, STM32U535CBT6Q, STM32U535CBU6, STM32U535CBU6Q, STM32U535CCT6, STM32U535CCT6Q, STM32U535CCU6, STM32U535CCU6Q, STM32U535CET6, STM32U535CET6Q, STM32U535CEU6, STM32U535CEU6Q, STM32U535JEY6QTR, STM32U535NCY6QTR, STM32U535NEY6QTR, STM32U535RBI6, STM32U535RBI6Q, STM32U535RBT6, STM32U535RBT6Q, STM32U535RCI6, STM32U535RCI6Q, STM32U535RCT6, STM32U535RCT6Q, STM32U535REI6, STM32U535REI6Q, STM32U535RET6, STM32U535RET6Q, STM32U535VCI6, STM32U535VCI6Q, STM32U535VCT6, STM32U535VCT6Q, STM32U535VEI6, STM32U535VEI6Q, STM32U535VET6, STM32U535VET6Q, STM32U545CET6, STM32U545CET6Q, STM32U545CEU6, STM32U545CEU6Q, STM32U545JEY6QTR, STM32U545NEY6QTR, STM32U545REI6, STM32U545REI6Q, STM32U545RET6, STM32U545RET6Q, STM32U545VEI6, STM32U545VEI6Q, STM32U545VET6, STM32U545VET6Q, STM32U595AIH6, STM32U595AIH6Q, STM32U595AJH6, STM32U595AJH6Q, STM32U595QII6, STM32U595QII6Q, STM32U595QJI6, STM32U595QJI6Q, STM32U595RIT6, STM32U595RIT6Q, STM32U595RJT6, STM32U595RJT6Q, STM32U595VIT6, STM32U595VIT6Q, STM32U595VJT6, STM32U595VJT6Q, STM32U595ZIT6, STM32U595ZIT6Q, STM32U595ZIY6QTR, STM32U595ZJT6, STM32U595ZJT6Q, STM32U595ZJY6QTR, STM32U599BJY6QTR, STM32U599NIH6Q, STM32U599NJH6Q, STM32U599VIT6Q, STM32U599VJT6, STM32U599VJT6Q, STM32U599ZIT6Q, STM32U599ZIY6QTR, STM32U599ZJT6Q, STM32U599ZJY6QTR, STM32U5A5AJH6, STM32U5A5AJH6Q, STM32U5A5QJI6, STM32U5A5QJI6Q, STM32U5A5RJT6, STM32U5A5RJT6Q, STM32U5A5VJT6, STM32U5A5VJT6Q, STM32U5A5ZJT6, STM32U5A5ZJT6Q, STM32U5A5ZJY6QTR, STM32U5A9BJY6QTR, STM32U5A9J-DK, STM32U5A9NJH6Q, STM32U5A9VJT6Q, STM32U5A9ZJT6Q, STM32U5A9ZJY6QTR, STM32U5F7VIT6, STM32U5F7VIT6Q, STM32U5F7VJT6, STM32U5F7VJT6Q, STM32U5F9BJY6QTR, STM32U5F9NJH6Q, STM32U5F9VIT6Q, STM32U5F9VJT6Q, STM32U5F9ZIJ6QTR, STM32U5F9ZIT6Q, STM32U5F9ZJJ6QTR, STM32U5F9ZJT6Q, STM32U5G7VJT6, STM32U5G7VJT6Q, STM32U5G9BJY6QTR, STM32U5G9J-DK1, STM32U5G9J-DK2, STM32U5G9NJH6Q, STM32U5G9VJT6Q, STM32U5G9ZJJ6QTR, STM32U5G9ZJT6Q, STM32WB1MMCH6, STM32WBA52CEU6, STM32WBA52CEU6T, STM32WBA52CGU6, STM32WBA52CGU6T, STM32WBA52KEU6, STM32WBA52KEU6T, STM32WBA52KGU6, STM32WBA52KGU6T, STM32WL5MOCH6, STM32WL5MOCH6TR]
2023-09-05 10:11:38,865 [INFO] DbMcus:217 - Found 3772 MCUs, 3772 are supported
2023-09-05 10:11:38,865 [INFO] ApiDb:423 - Load user favorites file /home/clayton/.stm32cubeide/favorites.mcus.txt: 0 item(s)
2023-09-05 10:11:38,866 [INFO] ApiDb:427 - User favorites MCUs=[]
2023-09-05 10:11:38,866 [INFO] DbMcus:223 - Set 0 / 0 favorites MCUs
2023-09-05 10:11:39,049 [WARN] ThirdParty:833 - waiting for thirdparty lock release [change project]
2023-09-05 10:11:39,050 [INFO] ThirdParty:835 - entering critical section [change project]
2023-09-05 10:11:39,050 [INFO] ThirdParty:1030 - CMSIS Pack Vendor :STMicroelectronics X-CUBE-ISPU 1.1.0
2023-09-05 10:11:39,050 [INFO] ThirdParty:1030 - CMSIS Pack Vendor :STMicroelectronics USBPD 4.1
2023-09-05 10:11:39,050 [INFO] ThirdParty:1030 - CMSIS Pack Vendor :STMicroelectronics X-CUBE-GNSS1 6.0.0
2023-09-05 10:11:39,050 [INFO] ThirdParty:1030 - CMSIS Pack Vendor :STMicroelectronics USB_HOST 2.0.0
2023-09-05 10:11:39,050 [INFO] ThirdParty:1030 - CMSIS Pack Vendor :STMicroelectronics X-CUBE-AZRTOS-F4 1.1.0
2023-09-05 10:11:39,050 [INFO] ThirdParty:1030 - CMSIS Pack Vendor :STMicroelectronics LIBJPEG 8.0.0
2023-09-05 10:11:39,050 [INFO] ThirdParty:1030 - CMSIS Pack Vendor :wolfSSL I-CUBE-wolfSSL 5.6.3
2023-09-05 10:11:39,050 [INFO] ThirdParty:1030 - CMSIS Pack Vendor :STMicroelectronics X-CUBE-SMBUS 2.1.0
2023-09-05 10:11:39,050 [INFO] ThirdParty:1030 - CMSIS Pack Vendor :STMicroelectronics USB_DEVICE 3.0.0
2023-09-05 10:11:39,050 [INFO] ThirdParty:1030 - CMSIS Pack Vendor :STMicroelectronics X-CUBE-AZRTOS-WB 2.0.0
2023-09-05 10:11:39,050 [INFO] ThirdParty:1030 - CMSIS Pack Vendor :STMicroelectronics X-CUBE-FREERTOS 1.0.1
2023-09-05 10:11:39,050 [INFO] ThirdParty:1030 - CMSIS Pack Vendor :STMicroelectronics X-CUBE-AZRTOS-F7 1.1.0
2023-09-05 10:11:39,050 [INFO] ThirdParty:1030 - CMSIS Pack Vendor :STMicroelectronics X-CUBE-AZRTOS-L5 2.0.0
2023-09-05 10:11:39,050 [INFO] ThirdParty:1030 - CMSIS Pack Vendor :STMicroelectronics USB_DEVICE 2.0.0
2023-09-05 10:11:39,050 [INFO] ThirdParty:1030 - CMSIS Pack Vendor :STMicroelectronics X-CUBE-MEMS1 9.6.0
2023-09-05 10:11:39,050 [INFO] ThirdParty:1030 - CMSIS Pack Vendor :STMicroelectronics FP-SNS-MOTENV1 4.3.2
2023-09-05 10:11:39,050 [INFO] ThirdParty:1030 - CMSIS Pack Vendor :STMicroelectronics X-CUBE-ALGOBUILD 1.3.0
2023-09-05 10:11:39,050 [INFO] ThirdParty:1030 - CMSIS Pack Vendor :STMicroelectronics X-CUBE-BLE1 6.2.4
2023-09-05 10:11:39,050 [INFO] ThirdParty:1030 - CMSIS Pack Vendor :STMicroelectronics FreeRTOS 0.0.1
2023-09-05 10:11:39,050 [INFO] ThirdParty:1030 - CMSIS Pack Vendor :STMicroelectronics X-CUBE-AZRTOS-G0 1.1.0
2023-09-05 10:11:39,050 [INFO] ThirdParty:1030 - CMSIS Pack Vendor :STMicroelectronics X-CUBE-BLEMGR 2.0.0
2023-09-05 10:11:39,050 [INFO] ThirdParty:1030 - CMSIS Pack Vendor :STMicroelectronics X-CUBE-AI 8.0.1
2023-09-05 10:11:39,050 [INFO] ThirdParty:1030 - CMSIS Pack Vendor :STMicroelectronics X-CUBE-NFC4 3.0.0
2023-09-05 10:11:39,050 [INFO] ThirdParty:1030 - CMSIS Pack Vendor :STMicroelectronics X-CUBE-SUBG2 5.0.0
2023-09-05 10:11:39,050 [INFO] ThirdParty:1030 - CMSIS Pack Vendor :STMicroelectronics STM32_WPAN 1.0.0
2023-09-05 10:11:39,050 [INFO] ThirdParty:1030 - CMSIS Pack Vendor :STMicroelectronics lwIP 2.0.3
2023-09-05 10:11:39,050 [INFO] ThirdParty:1030 - CMSIS Pack Vendor :STMicroelectronics USB_HOST 1.0.0
2023-09-05 10:11:39,050 [INFO] ThirdParty:1030 - CMSIS Pack Vendor :STMicroelectronics X-CUBE-TOF1 3.3.1
2023-09-05 10:11:39,050 [INFO] ThirdParty:1030 - CMSIS Pack Vendor :STMicroelectronics X-CUBE-AZRTOS-G4 2.0.0
2023-09-05 10:11:39,051 [INFO] ThirdParty:1030 - CMSIS Pack Vendor :STMicroelectronics PDM2PCM 3.1.0
2023-09-05 10:11:39,051 [INFO] ThirdParty:1030 - CMSIS Pack Vendor :STMicroelectronics X-CUBE-AZRTOS-H7 3.1.0
2023-09-05 10:11:39,051 [INFO] ThirdParty:1030 - CMSIS Pack Vendor :STMicroelectronics PDM2PCM 3.3.0
2023-09-05 10:11:39,051 [INFO] ThirdParty:1030 - CMSIS Pack Vendor :STMicroelectronics X-CUBE-DISPLAY 3.0.0
2023-09-05 10:11:39,051 [INFO] ThirdParty:1030 - CMSIS Pack Vendor :STMicroelectronics X-CUBE-BLE1 7.0.0
2023-09-05 10:11:39,051 [INFO] ThirdParty:1030 - CMSIS Pack Vendor :STMicroelectronics FP-ATR-SIGFOX1 3.2.0
2023-09-05 10:11:39,051 [INFO] ThirdParty:1030 - CMSIS Pack Vendor :STMicroelectronics HAL Drivers 0.0.0
2023-09-05 10:11:39,051 [INFO] ThirdParty:1030 - CMSIS Pack Vendor :STMicroelectronics MBEDTLS 2.16.2
2023-09-05 10:11:39,051 [INFO] ThirdParty:1030 - CMSIS Pack Vendor :emotas I-CUBE-CANOPEN 1.3.0
2023-09-05 10:11:39,051 [INFO] ThirdParty:1030 - CMSIS Pack Vendor :STMicroelectronics X-CUBE-FREERTOS 1.1.0
2023-09-05 10:11:39,051 [INFO] ThirdParty:1030 - CMSIS Pack Vendor :STMicroelectronics X-CUBE-TOUCHGFX 4.22.0
2023-09-05 10:11:39,051 [INFO] ThirdParty:1030 - CMSIS Pack Vendor :STMicroelectronics X-CUBE-NFC7 1.0.1
2023-09-05 10:11:39,051 [INFO] ThirdParty:1030 - CMSIS Pack Vendor :STMicroelectronics MBEDTLS 2.14.1
2023-09-05 10:11:39,051 [INFO] ThirdParty:1030 - CMSIS Pack Vendor :STMicroelectronics X-CUBE-EEPRMA1 4.1.0
2023-09-05 10:11:39,051 [INFO] ThirdParty:1030 - CMSIS Pack Vendor :portGmbH I-Cube-SoM-uGOAL 1.1.0
2023-09-05 10:11:39,051 [INFO] ThirdParty:1030 - CMSIS Pack Vendor :STMicroelectronics X-CUBE-ALS 1.0.1
2023-09-05 10:11:39,051 [INFO] ThirdParty:1030 - CMSIS Pack Vendor :STMicroelectronics ThreadX 1.0.0
2023-09-05 10:11:39,051 [INFO] ThirdParty:1030 - CMSIS Pack Vendor :STMicroelectronics X-CUBE-AZRTOS-WL 2.0.0
2023-09-05 10:11:39,051 [INFO] ThirdParty:1030 - CMSIS Pack Vendor :SEGGER I-CUBE-embOS 1.3.1
2023-09-05 10:11:39,051 [INFO] ThirdParty:1030 - CMSIS Pack Vendor :STMicroelectronics USB_DEVICE 1.0.0
2023-09-05 10:11:39,051 [INFO] ThirdParty:1030 - CMSIS Pack Vendor :STMicroelectronics X-CUBE-AI 8.1.0
2023-09-05 10:11:39,051 [INFO] ThirdParty:1030 - CMSIS Pack Vendor :STMicroelectronics X-CUBE-AZRTOS-L4 2.0.0
2023-09-05 10:11:39,051 [INFO] ThirdParty:1030 - CMSIS Pack Vendor :STMicroelectronics ThreadX 0.0.2
2023-09-05 10:11:39,051 [INFO] ThirdParty:1030 - CMSIS Pack Vendor :WES I-CUBE-Cesium 1.3.0
2023-09-05 10:11:39,051 [INFO] ThirdParty:1030 - CMSIS Pack Vendor :STMicroelectronics FP-ATR-ASTRA1 2.0.0
2023-09-05 10:11:39,051 [INFO] ThirdParty:1030 - CMSIS Pack Vendor :STMicroelectronics lwIP 2.1.2
2023-09-05 10:11:39,051 [INFO] ThirdParty:1030 - CMSIS Pack Vendor :STMicroelectronics X-CUBE-SFXS2LP1 4.0.0
2023-09-05 10:11:39,051 [INFO] ThirdParty:1030 - CMSIS Pack Vendor :STMicroelectronics X-CUBE-BLE2 3.3.0
2023-09-05 10:11:39,051 [INFO] ThirdParty:1030 - CMSIS Pack Vendor :STMicroelectronics PDM2PCM 3.2.0
2023-09-05 10:11:39,051 [INFO] ThirdParty:841 - exiting critical section [change project]
2023-09-05 10:11:39,342 [INFO] PinOutPanel:1499 - setPackage(No Configuration,No Configuration)
2023-09-05 10:11:39,344 [INFO] PinOutPanel:1499 - setPackage(STM32H723ZGTx,LQFP144)
2023-09-05 10:11:39,894 [INFO] UtilMem:75 - Before build in PCC Used Memory: 485486128 Bytes (578813952)
2023-09-05 10:11:40,682 [INFO] UtilMem:75 - After build in PCC Used Memory: 362596992 Bytes (620756992)
2023-09-05 10:11:40,700 [INFO] IPUIPlugin:80 - create IPUIPlugin
2023-09-05 10:11:40,701 [INFO] IPUIPlugin:80 - create IPUIPlugin
2023-09-05 10:11:40,701 [INFO] IPUIPlugin:80 - create IPUIPlugin
2023-09-05 10:11:40,701 [INFO] IPUIPlugin:80 - create IPUIPlugin
2023-09-05 10:11:40,701 [INFO] IPUIPlugin:80 - create IPUIPlugin
2023-09-05 10:11:40,701 [INFO] IPUIPlugin:80 - create IPUIPlugin
2023-09-05 10:11:40,701 [INFO] IPUIPlugin:80 - create IPUIPlugin
2023-09-05 10:11:40,701 [INFO] IPUIPlugin:80 - create IPUIPlugin
2023-09-05 10:11:40,701 [INFO] IPUIPlugin:80 - create IPUIPlugin
2023-09-05 10:11:40,701 [INFO] IPUIPlugin:80 - create IPUIPlugin
2023-09-05 10:11:40,701 [INFO] IPUIPlugin:80 - create IPUIPlugin
2023-09-05 10:11:40,701 [INFO] IPUIPlugin:80 - create IPUIPlugin
2023-09-05 10:11:40,701 [INFO] IPUIPlugin:80 - create IPUIPlugin
2023-09-05 10:11:40,701 [INFO] IPUIPlugin:80 - create IPUIPlugin
2023-09-05 10:11:40,701 [INFO] IPUIPlugin:80 - create IPUIPlugin
2023-09-05 10:11:40,701 [INFO] IPUIPlugin:80 - create IPUIPlugin
2023-09-05 10:11:40,701 [INFO] IPUIPlugin:80 - create IPUIPlugin
2023-09-05 10:11:40,701 [INFO] IPUIPlugin:80 - create IPUIPlugin
2023-09-05 10:11:40,702 [INFO] IPUIPlugin:80 - create IPUIPlugin
2023-09-05 10:11:40,702 [INFO] IPUIPlugin:80 - create IPUIPlugin
2023-09-05 10:11:40,702 [INFO] IPUIPlugin:80 - create IPUIPlugin
2023-09-05 10:11:40,702 [INFO] IPUIPlugin:80 - create IPUIPlugin
2023-09-05 10:11:40,702 [INFO] IPUIPlugin:80 - create IPUIPlugin
2023-09-05 10:11:40,702 [INFO] IPUIPlugin:80 - create IPUIPlugin
2023-09-05 10:11:40,702 [INFO] IPUIPlugin:80 - create IPUIPlugin
2023-09-05 10:11:40,702 [INFO] IPUIPlugin:80 - create IPUIPlugin
2023-09-05 10:11:40,702 [INFO] IPUIPlugin:80 - create IPUIPlugin
2023-09-05 10:11:40,702 [INFO] IPUIPlugin:80 - create IPUIPlugin
2023-09-05 10:11:40,702 [INFO] IPUIPlugin:80 - create IPUIPlugin
2023-09-05 10:11:40,702 [INFO] IPUIPlugin:80 - create IPUIPlugin
2023-09-05 10:11:40,702 [INFO] IPUIPlugin:80 - create IPUIPlugin
2023-09-05 10:11:40,702 [INFO] IPUIPlugin:80 - create IPUIPlugin
2023-09-05 10:11:40,702 [INFO] IPUIPlugin:80 - create IPUIPlugin
2023-09-05 10:11:40,702 [INFO] IPUIPlugin:80 - create IPUIPlugin
2023-09-05 10:11:40,702 [INFO] IPUIPlugin:80 - create IPUIPlugin
2023-09-05 10:11:40,702 [INFO] IPUIPlugin:80 - create IPUIPlugin
2023-09-05 10:11:40,702 [INFO] IPUIPlugin:80 - create IPUIPlugin
2023-09-05 10:11:40,703 [INFO] IPUIPlugin:80 - create IPUIPlugin
2023-09-05 10:11:40,703 [INFO] IPUIPlugin:80 - create IPUIPlugin
2023-09-05 10:11:40,703 [INFO] IPUIPlugin:80 - create IPUIPlugin
2023-09-05 10:11:40,703 [INFO] IPUIPlugin:80 - create IPUIPlugin
2023-09-05 10:11:40,703 [INFO] IPUIPlugin:80 - create IPUIPlugin
2023-09-05 10:11:40,704 [INFO] IPUIPlugin:80 - create IPUIPlugin
2023-09-05 10:11:40,704 [INFO] IPUIPlugin:80 - create IPUIPlugin
2023-09-05 10:11:40,704 [INFO] IPUIPlugin:80 - create IPUIPlugin
2023-09-05 10:11:40,704 [INFO] IPUIPlugin:80 - create IPUIPlugin
2023-09-05 10:11:40,704 [INFO] IPUIPlugin:80 - create IPUIPlugin
2023-09-05 10:11:40,704 [INFO] IPUIPlugin:80 - create IPUIPlugin
2023-09-05 10:11:40,704 [INFO] IPUIPlugin:80 - create IPUIPlugin
2023-09-05 10:11:40,704 [INFO] IPUIPlugin:80 - create IPUIPlugin
2023-09-05 10:11:40,705 [INFO] IPUIPlugin:80 - create IPUIPlugin
2023-09-05 10:11:40,705 [INFO] IPUIPlugin:80 - create IPUIPlugin
2023-09-05 10:11:40,705 [INFO] IPUIPlugin:80 - create IPUIPlugin
2023-09-05 10:11:40,705 [INFO] IPUIPlugin:80 - create IPUIPlugin
2023-09-05 10:11:40,705 [INFO] IPUIPlugin:80 - create IPUIPlugin
2023-09-05 10:11:40,705 [INFO] IPUIPlugin:80 - create IPUIPlugin
2023-09-05 10:11:40,705 [INFO] IPUIPlugin:80 - create IPUIPlugin
2023-09-05 10:11:40,705 [INFO] IPUIPlugin:80 - create IPUIPlugin
2023-09-05 10:11:40,706 [INFO] IPUIPlugin:80 - create IPUIPlugin
2023-09-05 10:11:40,706 [INFO] IPUIPlugin:80 - create IPUIPlugin
2023-09-05 10:11:40,706 [INFO] IPUIPlugin:80 - create IPUIPlugin
2023-09-05 10:11:40,706 [INFO] IPUIPlugin:80 - create IPUIPlugin
2023-09-05 10:11:40,706 [INFO] IPUIPlugin:80 - create IPUIPlugin
2023-09-05 10:11:40,706 [INFO] IPUIPlugin:80 - create IPUIPlugin
2023-09-05 10:11:40,706 [INFO] IPUIPlugin:80 - create IPUIPlugin
2023-09-05 10:11:40,706 [INFO] IPUIPlugin:80 - create IPUIPlugin
2023-09-05 10:11:40,707 [INFO] IPUIPlugin:80 - create IPUIPlugin
2023-09-05 10:11:40,707 [INFO] IPUIPlugin:80 - create IPUIPlugin
2023-09-05 10:11:40,707 [INFO] IPUIPlugin:80 - create IPUIPlugin
2023-09-05 10:11:40,707 [INFO] IPUIPlugin:80 - create IPUIPlugin
2023-09-05 10:11:40,707 [INFO] IPUIPlugin:80 - create IPUIPlugin
2023-09-05 10:11:40,707 [INFO] IPUIPlugin:80 - create IPUIPlugin
2023-09-05 10:11:40,707 [INFO] IPUIPlugin:80 - create IPUIPlugin
2023-09-05 10:11:40,707 [INFO] IPUIPlugin:80 - create IPUIPlugin
2023-09-05 10:11:40,707 [INFO] IPUIPlugin:80 - create IPUIPlugin
2023-09-05 10:11:40,708 [INFO] IPUIPlugin:80 - create IPUIPlugin
2023-09-05 10:11:40,708 [INFO] IPUIPlugin:80 - create IPUIPlugin
2023-09-05 10:11:40,708 [INFO] IPUIPlugin:80 - create IPUIPlugin
2023-09-05 10:11:40,708 [INFO] IPUIPlugin:80 - create IPUIPlugin
2023-09-05 10:11:40,709 [INFO] IPUIPlugin:80 - create IPUIPlugin
2023-09-05 10:11:40,709 [INFO] IPUIPlugin:80 - create IPUIPlugin
2023-09-05 10:11:40,709 [INFO] IPUIPlugin:80 - create IPUIPlugin
2023-09-05 10:11:40,709 [INFO] IPUIPlugin:80 - create IPUIPlugin
2023-09-05 10:11:40,709 [INFO] IPUIPlugin:80 - create IPUIPlugin
2023-09-05 10:11:40,709 [INFO] IPUIPlugin:80 - create IPUIPlugin
2023-09-05 10:11:40,709 [INFO] IPUIPlugin:80 - create IPUIPlugin
2023-09-05 10:11:40,709 [INFO] IPUIPlugin:80 - create IPUIPlugin
2023-09-05 10:11:40,710 [INFO] IPUIPlugin:80 - create IPUIPlugin
2023-09-05 10:11:40,710 [INFO] IPUIPlugin:80 - create IPUIPlugin
2023-09-05 10:11:40,710 [INFO] IPUIPlugin:80 - create IPUIPlugin
2023-09-05 10:11:40,710 [INFO] IPUIPlugin:80 - create IPUIPlugin
2023-09-05 10:11:40,711 [INFO] IPUIPlugin:80 - create IPUIPlugin
2023-09-05 10:11:40,711 [INFO] IPUIPlugin:80 - create IPUIPlugin
2023-09-05 10:11:40,711 [INFO] IPUIPlugin:80 - create IPUIPlugin
2023-09-05 10:11:40,711 [INFO] IPUIPlugin:80 - create IPUIPlugin
2023-09-05 10:11:40,712 [INFO] IPUIPlugin:80 - create IPUIPlugin
2023-09-05 10:11:40,712 [INFO] IPUIPlugin:80 - create IPUIPlugin
2023-09-05 10:11:40,712 [INFO] IPUIPlugin:80 - create IPUIPlugin
2023-09-05 10:11:40,712 [INFO] IPUIPlugin:80 - create IPUIPlugin
2023-09-05 10:11:40,712 [INFO] IPUIPlugin:80 - create IPUIPlugin
2023-09-05 10:11:40,713 [INFO] IPUIPlugin:80 - create IPUIPlugin
2023-09-05 10:11:40,713 [INFO] IPUIPlugin:80 - create IPUIPlugin
2023-09-05 10:11:40,713 [INFO] IPUIPlugin:80 - create IPUIPlugin
2023-09-05 10:11:40,713 [INFO] IPUIPlugin:80 - create IPUIPlugin
2023-09-05 10:11:40,714 [INFO] IPUIPlugin:80 - create IPUIPlugin
2023-09-05 10:11:40,732 [INFO] ApiDbMcu:507 - Load IP Config File for PDM2PCM
2023-09-05 10:11:40,836 [INFO] CADModel:165 - CPN selected for project levelSTM32H723ZGT6
2023-09-05 10:11:40,836 [INFO] CADModel:114 - Register for checkConnection events
2023-09-05 10:11:40,875 [INFO] OpenFileManager:328 - Restore cursor
2023-09-05 10:11:44,329 [ERROR] LogOutputStream:75 - [STDERR_REDIRECT] SLF4J: Failed to load class "org.slf4j.impl.StaticLoggerBinder".
2023-09-05 10:11:44,330 [ERROR] LogOutputStream:75 - [STDERR_REDIRECT] SLF4J: Defaulting to no-operation (NOP) logger implementation
2023-09-05 10:11:44,330 [ERROR] LogOutputStream:75 - [STDERR_REDIRECT] SLF4J: See http://www.slf4j.org/codes.html#StaticLoggerBinder for further details.
2023-09-05 10:13:24,912 [INFO] UtilMem:75 - End SaveConfig() Used Memory: 612499192 Bytes (711983104)
2023-09-05 10:13:26,075 [INFO] UtilMem:75 - End SaveConfig() Used Memory: 317470312 Bytes (711983104)
2023-09-05 10:13:27,047 [INFO] UtilMem:75 - End SaveConfig() Used Memory: 400832104 Bytes (711983104)
2023-09-05 10:13:27,325 [INFO] BlockDiagram:2759 - set Specific Code input for plugin: SPI
2023-09-05 10:13:27,325 [INFO] BlockDiagram:2759 - set Specific Code input for plugin: USB_OTG_HS
2023-09-05 10:13:27,325 [INFO] BlockDiagram:2759 - set Specific Code input for plugin: RCC
2023-09-05 10:13:27,325 [INFO] BlockDiagram:2759 - set Specific Code input for plugin: USART
2023-09-05 10:13:27,325 [INFO] BlockDiagram:2759 - set Specific Code input for plugin: ETH
2023-09-05 10:13:27,325 [INFO] BlockDiagram:2759 - set Specific Code input for plugin: TIM1_8H7
2023-09-05 10:13:27,325 [INFO] BlockDiagram:2759 - set Specific Code input for plugin: TIM1_8H7
2023-09-05 10:13:27,325 [INFO] BlockDiagram:2759 - set Specific Code input for plugin: TIM1_8H7
2023-09-05 10:13:27,325 [INFO] BlockDiagram:2759 - set Specific Code input for plugin: SYS
2023-09-05 10:13:27,325 [INFO] BlockDiagram:2759 - set Specific Code input for plugin: NVIC
2023-09-05 10:13:27,325 [INFO] BlockDiagram:2759 - set Specific Code input for plugin: DMA
2023-09-05 10:13:27,326 [INFO] BlockDiagram:2759 - set Specific Code input for plugin: TIM1_8H7
2023-09-05 10:13:27,326 [INFO] BlockDiagram:2759 - set Specific Code input for plugin: DEBUG
2023-09-05 10:13:27,326 [INFO] BlockDiagram:2759 - set Specific Code input for plugin: GPIO
2023-09-05 10:13:27,327 [INFO] CodeGenerator:799 - code generatio: config db path: /opt/st/stm32cubeide_1.13.0/plugins/com.st.stm32cube.common.mx_6.9.0.202307051724//db/
2023-09-05 10:13:27,512 [ERROR] LocalSettings:60 - For input string: ""
2023-09-05 10:13:27,539 [ERROR] LogOutputStream:75 - [STDERR_REDIRECT] Exception in thread "Thread-11583" java.lang.ArithmeticException: Value cannot fit in an int: -65362691053
2023-09-05 10:13:27,539 [ERROR] LogOutputStream:75 - [STDERR_REDIRECT] 	at org.joda.time.field.FieldUtils.safeToInt(FieldUtils.java:229)
2023-09-05 10:13:27,539 [ERROR] LogOutputStream:75 - [STDERR_REDIRECT] 	at org.joda.time.field.BaseDurationField.getDifference(BaseDurationField.java:141)
2023-09-05 10:13:27,539 [ERROR] LogOutputStream:75 - [STDERR_REDIRECT] 	at org.joda.time.chrono.ZonedChronology$ZonedDurationField.getDifference(ZonedChronology.java:343)
2023-09-05 10:13:27,540 [ERROR] LogOutputStream:75 - [STDERR_REDIRECT] 	at org.joda.time.base.BaseSingleFieldPeriod.between(BaseSingleFieldPeriod.java:72)
2023-09-05 10:13:27,540 [ERROR] LogOutputStream:75 - [STDERR_REDIRECT] 	at org.joda.time.Days.daysBetween(Days.java:118)
2023-09-05 10:13:27,540 [ERROR] LogOutputStream:75 - [STDERR_REDIRECT] 	at com.st.library.requestcontroller.RequestController.isSendRequestOverdue(RequestController.java:227)
2023-09-05 10:13:27,540 [ERROR] LogOutputStream:75 - [STDERR_REDIRECT] 	at com.st.library.requestcontroller.RequestController.notifyRequestController(RequestController.java:195)
2023-09-05 10:13:27,540 [ERROR] LogOutputStream:75 - [STDERR_REDIRECT] 	at com.st.library.analyticscore.AnalyticsContext.trackAnalyticsData(AnalyticsContext.java:569)
2023-09-05 10:13:27,540 [ERROR] LogOutputStream:75 - [STDERR_REDIRECT] 	at java.base/jdk.internal.reflect.NativeMethodAccessorImpl.invoke0(Native Method)
2023-09-05 10:13:27,540 [ERROR] LogOutputStream:75 - [STDERR_REDIRECT] 	at java.base/jdk.internal.reflect.NativeMethodAccessorImpl.invoke(NativeMethodAccessorImpl.java:77)
2023-09-05 10:13:27,540 [ERROR] LogOutputStream:75 - [STDERR_REDIRECT] 	at java.base/jdk.internal.reflect.DelegatingMethodAccessorImpl.invoke(DelegatingMethodAccessorImpl.java:43)
2023-09-05 10:13:27,540 [ERROR] LogOutputStream:75 - [STDERR_REDIRECT] 	at java.base/java.lang.reflect.Method.invoke(Method.java:568)
2023-09-05 10:13:27,540 [ERROR] LogOutputStream:75 - [STDERR_REDIRECT] 	at com.st.library.dynamicproxy.AnalyticsInvocationHandler.invoke(AnalyticsInvocationHandler.java:102)
2023-09-05 10:13:27,540 [ERROR] LogOutputStream:75 - [STDERR_REDIRECT] 	at jdk.proxy8/jdk.proxy8.$Proxy54.trackAnalyticsData(Unknown Source)
2023-09-05 10:13:27,540 [ERROR] LogOutputStream:75 - [STDERR_REDIRECT] 	at com.st.library.analyticscore.AnalyticsAPI.trackAnalyticsData(AnalyticsAPI.java:175)
2023-09-05 10:13:27,540 [ERROR] LogOutputStream:75 - [STDERR_REDIRECT] 	at com.st.microxplorer.plugins.analytics.AnalyticsPlugin.trackAnalyticsData(AnalyticsPlugin.java:1074)
2023-09-05 10:13:27,540 [ERROR] LogOutputStream:75 - [STDERR_REDIRECT] 	at com.st.microxplorer.plugins.analytics.AnalyticsPlugin$2.run(AnalyticsPlugin.java:846)
2023-09-05 10:13:27,540 [ERROR] LogOutputStream:75 - [STDERR_REDIRECT] 	at java.base/java.lang.Thread.run(Thread.java:833)
2023-09-05 10:13:27,623 [INFO] CodeEngine:255 - oldGeneratedFile, /home/clayton/Documents/university/fifth_year/second_semester/fyp-nubots-ssl/STM32/dev_board/MXTmpFiles/license.tmp_save
2023-09-05 10:13:27,882 [INFO] CodeEngine:279 - Generated code: /home/clayton/Documents/university/fifth_year/second_semester/fyp-nubots-ssl/STM32/dev_board/MXTmpFiles/license.tmp
2023-09-05 10:13:28,041 [INFO] CodeEngine:255 - oldGeneratedFile, /home/clayton/Documents/university/fifth_year/second_semester/fyp-nubots-ssl/STM32/dev_board/Core/Src/gpio.c_save
2023-09-05 10:13:28,150 [INFO] CodeEngine:279 - Generated code: /home/clayton/Documents/university/fifth_year/second_semester/fyp-nubots-ssl/STM32/dev_board/Core/Src/gpio.c
2023-09-05 10:13:28,152 [INFO] CodeEngine:255 - oldGeneratedFile, /home/clayton/Documents/university/fifth_year/second_semester/fyp-nubots-ssl/STM32/dev_board/Core/Inc/gpio.h_save
2023-09-05 10:13:28,185 [INFO] CodeEngine:279 - Generated code: /home/clayton/Documents/university/fifth_year/second_semester/fyp-nubots-ssl/STM32/dev_board/Core/Inc/gpio.h
2023-09-05 10:13:28,232 [WARN] IPConfigManager:99 - WARNING: Missing Config File for DEBUG ip!!
2023-09-05 10:13:28,865 [WARN] IPConfigManager:99 - WARNING: Missing Config File for USB ip!!
2023-09-05 10:13:28,935 [INFO] CodeEngine:255 - oldGeneratedFile, /home/clayton/Documents/university/fifth_year/second_semester/fyp-nubots-ssl/STM32/dev_board/MXTmpFiles/cortex.tmp_save
2023-09-05 10:13:28,967 [INFO] CodeEngine:279 - Generated code: /home/clayton/Documents/university/fifth_year/second_semester/fyp-nubots-ssl/STM32/dev_board/MXTmpFiles/cortex.tmp
2023-09-05 10:13:28,985 [INFO] CodeEngine:255 - oldGeneratedFile, /home/clayton/Documents/university/fifth_year/second_semester/fyp-nubots-ssl/STM32/dev_board/Core/Src/dma.c_save
2023-09-05 10:13:29,013 [INFO] CodeEngine:279 - Generated code: /home/clayton/Documents/university/fifth_year/second_semester/fyp-nubots-ssl/STM32/dev_board/Core/Src/dma.c
2023-09-05 10:13:29,014 [INFO] CodeEngine:255 - oldGeneratedFile, /home/clayton/Documents/university/fifth_year/second_semester/fyp-nubots-ssl/STM32/dev_board/Core/Inc/dma.h_save
2023-09-05 10:13:29,039 [INFO] CodeEngine:279 - Generated code: /home/clayton/Documents/university/fifth_year/second_semester/fyp-nubots-ssl/STM32/dev_board/Core/Inc/dma.h
2023-09-05 10:13:29,041 [INFO] CodeEngine:255 - oldGeneratedFile, /home/clayton/Documents/university/fifth_year/second_semester/fyp-nubots-ssl/STM32/dev_board/Core/Src/eth.c_save
2023-09-05 10:13:29,090 [INFO] CodeEngine:279 - Generated code: /home/clayton/Documents/university/fifth_year/second_semester/fyp-nubots-ssl/STM32/dev_board/Core/Src/eth.c
2023-09-05 10:13:29,091 [INFO] CodeEngine:255 - oldGeneratedFile, /home/clayton/Documents/university/fifth_year/second_semester/fyp-nubots-ssl/STM32/dev_board/Core/Inc/eth.h_save
2023-09-05 10:13:29,118 [INFO] CodeEngine:279 - Generated code: /home/clayton/Documents/university/fifth_year/second_semester/fyp-nubots-ssl/STM32/dev_board/Core/Inc/eth.h
2023-09-05 10:13:29,120 [INFO] CodeEngine:255 - oldGeneratedFile, /home/clayton/Documents/university/fifth_year/second_semester/fyp-nubots-ssl/STM32/dev_board/Core/Src/spi.c_save
2023-09-05 10:13:29,162 [INFO] CodeEngine:279 - Generated code: /home/clayton/Documents/university/fifth_year/second_semester/fyp-nubots-ssl/STM32/dev_board/Core/Src/spi.c
2023-09-05 10:13:29,162 [INFO] CodeEngine:255 - oldGeneratedFile, /home/clayton/Documents/university/fifth_year/second_semester/fyp-nubots-ssl/STM32/dev_board/Core/Inc/spi.h_save
2023-09-05 10:13:29,190 [INFO] CodeEngine:279 - Generated code: /home/clayton/Documents/university/fifth_year/second_semester/fyp-nubots-ssl/STM32/dev_board/Core/Inc/spi.h
2023-09-05 10:13:29,192 [INFO] CodeEngine:255 - oldGeneratedFile, /home/clayton/Documents/university/fifth_year/second_semester/fyp-nubots-ssl/STM32/dev_board/Core/Src/tim.c_save
2023-09-05 10:13:29,244 [INFO] CodeEngine:279 - Generated code: /home/clayton/Documents/university/fifth_year/second_semester/fyp-nubots-ssl/STM32/dev_board/Core/Src/tim.c
2023-09-05 10:13:29,246 [INFO] CodeEngine:255 - oldGeneratedFile, /home/clayton/Documents/university/fifth_year/second_semester/fyp-nubots-ssl/STM32/dev_board/Core/Inc/tim.h_save
2023-09-05 10:13:29,274 [INFO] CodeEngine:279 - Generated code: /home/clayton/Documents/university/fifth_year/second_semester/fyp-nubots-ssl/STM32/dev_board/Core/Inc/tim.h
2023-09-05 10:13:29,276 [INFO] CodeEngine:255 - oldGeneratedFile, /home/clayton/Documents/university/fifth_year/second_semester/fyp-nubots-ssl/STM32/dev_board/Core/Src/usart.c_save
2023-09-05 10:13:29,320 [INFO] CodeEngine:279 - Generated code: /home/clayton/Documents/university/fifth_year/second_semester/fyp-nubots-ssl/STM32/dev_board/Core/Src/usart.c
2023-09-05 10:13:29,321 [INFO] CodeEngine:255 - oldGeneratedFile, /home/clayton/Documents/university/fifth_year/second_semester/fyp-nubots-ssl/STM32/dev_board/Core/Inc/usart.h_save
2023-09-05 10:13:29,351 [INFO] CodeEngine:279 - Generated code: /home/clayton/Documents/university/fifth_year/second_semester/fyp-nubots-ssl/STM32/dev_board/Core/Inc/usart.h
2023-09-05 10:13:29,352 [INFO] CodeEngine:255 - oldGeneratedFile, /home/clayton/Documents/university/fifth_year/second_semester/fyp-nubots-ssl/STM32/dev_board/Core/Src/usb_otg.c_save
2023-09-05 10:13:29,388 [INFO] CodeEngine:279 - Generated code: /home/clayton/Documents/university/fifth_year/second_semester/fyp-nubots-ssl/STM32/dev_board/Core/Src/usb_otg.c
2023-09-05 10:13:29,389 [INFO] CodeEngine:255 - oldGeneratedFile, /home/clayton/Documents/university/fifth_year/second_semester/fyp-nubots-ssl/STM32/dev_board/Core/Inc/usb_otg.h_save
2023-09-05 10:13:29,415 [INFO] CodeEngine:279 - Generated code: /home/clayton/Documents/university/fifth_year/second_semester/fyp-nubots-ssl/STM32/dev_board/Core/Inc/usb_otg.h
2023-09-05 10:13:29,422 [INFO] CodeEngine:255 - oldGeneratedFile, /home/clayton/Documents/university/fifth_year/second_semester/fyp-nubots-ssl/STM32/dev_board/Core/Src/stm32h7xx_it.c_save
2023-09-05 10:13:29,460 [INFO] CodeEngine:279 - Generated code: /home/clayton/Documents/university/fifth_year/second_semester/fyp-nubots-ssl/STM32/dev_board/Core/Src/stm32h7xx_it.c
2023-09-05 10:13:29,462 [INFO] CodeEngine:255 - oldGeneratedFile, /home/clayton/Documents/university/fifth_year/second_semester/fyp-nubots-ssl/STM32/dev_board/Core/Inc/stm32h7xx_it.h_save
2023-09-05 10:13:29,489 [INFO] CodeEngine:279 - Generated code: /home/clayton/Documents/university/fifth_year/second_semester/fyp-nubots-ssl/STM32/dev_board/Core/Inc/stm32h7xx_it.h
2023-09-05 10:13:29,567 [INFO] CodeEngine:255 - oldGeneratedFile, /home/clayton/Documents/university/fifth_year/second_semester/fyp-nubots-ssl/STM32/dev_board/Core/Src/stm32h7xx_hal_msp.c_save
2023-09-05 10:13:29,606 [INFO] CodeEngine:279 - Generated code: /home/clayton/Documents/university/fifth_year/second_semester/fyp-nubots-ssl/STM32/dev_board/Core/Src/stm32h7xx_hal_msp.c
2023-09-05 10:13:29,607 [INFO] CodeEngine:255 - oldGeneratedFile, /home/clayton/Documents/university/fifth_year/second_semester/fyp-nubots-ssl/STM32/dev_board/MXTmpFiles/system.tmp_save
2023-09-05 10:13:29,632 [INFO] CodeEngine:279 - Generated code: /home/clayton/Documents/university/fifth_year/second_semester/fyp-nubots-ssl/STM32/dev_board/MXTmpFiles/system.tmp
2023-09-05 10:13:29,634 [INFO] CodeEngine:311 - oldGeneratedFile, /home/clayton/Documents/university/fifth_year/second_semester/fyp-nubots-ssl/STM32/dev_board/Core/Inc/stm32h7xx_hal_conf.h_save
2023-09-05 10:13:29,663 [INFO] CodeEngine:335 - Generated code: /home/clayton/Documents/university/fifth_year/second_semester/fyp-nubots-ssl/STM32/dev_board/Core/Inc/stm32h7xx_hal_conf.h
2023-09-05 10:13:29,687 [INFO] CodeEngine:255 - oldGeneratedFile, /home/clayton/Documents/university/fifth_year/second_semester/fyp-nubots-ssl/STM32/dev_board/Core/Inc/main.h_save
2023-09-05 10:13:29,728 [INFO] CodeEngine:279 - Generated code: /home/clayton/Documents/university/fifth_year/second_semester/fyp-nubots-ssl/STM32/dev_board/Core/Inc/main.h
2023-09-05 10:13:29,729 [INFO] CodeEngine:255 - oldGeneratedFile, /home/clayton/Documents/university/fifth_year/second_semester/fyp-nubots-ssl/STM32/dev_board/Core/Src/main.c_save
2023-09-05 10:13:29,782 [INFO] CodeEngine:279 - Generated code: /home/clayton/Documents/university/fifth_year/second_semester/fyp-nubots-ssl/STM32/dev_board/Core/Src/main.c
2023-09-05 10:13:30,025 [INFO] ProjectBuilder:3064 - Time for Copy HAL[1] : 27mS.
2023-09-05 10:13:30,028 [INFO] ProjectBuilder:4404 - Project Generator version: 4.1.0
2023-09-05 10:13:30,111 [INFO] ConfigFileManager:1457 - The Die is : DIE483
2023-09-05 10:13:30,114 [INFO] ApiDbMcu:507 - Load IP Config File for FATFS
2023-09-05 10:13:30,116 [INFO] ApiDbMcu:507 - Load IP Config File for FREERTOS
2023-09-05 10:13:30,117 [INFO] ApiDbMcu:507 - Load IP Config File for LIBJPEG
2023-09-05 10:13:30,120 [INFO] ApiDbMcu:507 - Load IP Config File for LWIP
2023-09-05 10:13:30,123 [INFO] ApiDbMcu:507 - Load IP Config File for MBEDTLS
2023-09-05 10:13:30,128 [INFO] ApiDbMcu:507 - Load IP Config File for USB_DEVICE
2023-09-05 10:13:30,130 [INFO] ApiDbMcu:507 - Load IP Config File for USB_HOST
2023-09-05 10:13:30,490 [INFO] LogOutputStream:77 - [STDOUT_REDIRECT] 
2023-09-05 10:13:30,967 [INFO] ProjectBuilder:4626 - Time for Generating toolchain IDE Files: 940mS.
2023-09-05 10:13:30,967 [INFO] ProjectBuilder:2935 - Time for Copy CMSIS : 0mS.
2023-09-05 10:13:30,968 [INFO] ProjectBuilder:2935 - Time for Copy CMSIS : 0mS.
2023-09-05 11:12:30,409 [ERROR] LogOutputStream:75 - [STDERR_REDIRECT] 
