2023-09-15 16:25:12,665 [INFO] Activator:176 - 


2023-09-15 16:25:12,669 [INFO] Activator:177 - !SESSION log4j initialized
2023-09-15 16:25:13,488 [INFO] LogOutputStream:77 - [STDOUT_REDIRECT] 
2023-09-15 16:25:13,715 [ERROR] ConfigurationRetriever:142 - IOException on connection: sw-center.st.com
2023-09-15 16:25:13,715 [ERROR] ConfigurationRetriever:142 - IOException on connection: sw-center.st.com
2023-09-15 16:25:13,716 [ERROR] ConfigurationRetriever:142 - IOException on connection: sw-center.st.com
2023-09-15 16:25:14,939 [INFO] ApplicationProperties:184 - Using Application install path: /opt/st/stm32cubeide_1.13.0/plugins/com.st.stm32cube.common.mx_6.9.0.202307051724
2023-09-15 16:25:14,954 [INFO] DbMcusXml:78 - Set database path to: /opt/st/stm32cubeide_1.13.0/plugins/com.st.stm32cube.common.mx_6.9.0.202307051724//db//mcu/
2023-09-15 16:25:14,955 [INFO] ApiDb:274 - Set plugin database path to: /opt/st/stm32cubeide_1.13.0/plugins/com.st.stm32cube.common.mx_6.9.0.202307051724//db//plugins/boardmanager/
2023-09-15 16:25:14,955 [WARN] ApiDb:259 - Overriding images path with different value:  => /opt/st/stm32cubeide_1.13.0/plugins/com.st.stm32cube.common.mx_6.9.0.202307051724//db//plugins/mcufinder/images/
2023-09-15 16:25:14,964 [INFO] ApiDb:250 - Set database path to: /home/clayton/.stmcufinder/plugins/mcufinder//mcu/
2023-09-15 16:25:14,965 [INFO] DbMcusAds:125 - Set database path to: /home/clayton/.stmcufinder/plugins/mcufinder//mcu/
2023-09-15 16:25:14,967 [INFO] CrossReferenceDbSqlite:203 - Set database path to: /home/clayton/.stmcufinder/plugins/mcufinder//mcu/cs/
2023-09-15 16:25:15,033 [INFO] RulesReader:64 - Compatibility file has been processed (293 Rules)
2023-09-15 16:25:15,080 [INFO] DbMcusXml:78 - Set database path to: /opt/st/stm32cubeide_1.13.0/plugins/com.st.stm32cube.common.mx_6.9.0.202307051724//db//mcu/
2023-09-15 16:25:15,080 [INFO] ApiDb:274 - Set plugin database path to: /opt/st/stm32cubeide_1.13.0/plugins/com.st.stm32cube.common.mx_6.9.0.202307051724//db//plugins/boardmanager/
2023-09-15 16:25:15,081 [INFO] ApiDb:261 - Set plugin images path to: /opt/st/stm32cubeide_1.13.0/plugins/com.st.stm32cube.common.mx_6.9.0.202307051724//db//plugins/mcufinder/images/
2023-09-15 16:25:15,081 [WARN] DbFile:41 - Overriding database path with different value: /home/clayton/.stmcufinder/plugins/mcufinder/ => /home/clayton/.stmcufinder/plugins/mcufinder
2023-09-15 16:25:15,081 [INFO] ApiDb:250 - Set database path to: /home/clayton/.stmcufinder/plugins/mcufinder//mcu/
2023-09-15 16:25:15,081 [WARN] DbFile:41 - Overriding database path with different value: /home/clayton/.stmcufinder/plugins/mcufinder/ => /home/clayton/.stmcufinder/plugins/mcufinder
2023-09-15 16:25:15,081 [INFO] DbMcusAds:125 - Set database path to: /home/clayton/.stmcufinder/plugins/mcufinder//mcu/
2023-09-15 16:25:15,081 [WARN] DbFile:41 - Overriding database path with different value: /home/clayton/.stmcufinder/plugins/mcufinder/ => /home/clayton/.stmcufinder/plugins/mcufinder
2023-09-15 16:25:15,081 [WARN] DbFile:41 - Overriding database path with different value: /home/clayton/.stmcufinder/plugins/mcufinder/ => /home/clayton/.stmcufinder/plugins/mcufinder
2023-09-15 16:25:15,081 [INFO] CrossReferenceDbSqlite:203 - Set database path to: /home/clayton/.stmcufinder/plugins/mcufinder//mcu/cs/
2023-09-15 16:25:15,129 [INFO] MainPanel:262 - HeapMemory: 268435456
2023-09-15 16:25:15,200 [INFO] DbMcusXml:78 - Set database path to: /opt/st/stm32cubeide_1.13.0/plugins/com.st.stm32cube.common.mx_6.9.0.202307051724//db//mcu/
2023-09-15 16:25:15,201 [INFO] ApiDb:274 - Set plugin database path to: /opt/st/stm32cubeide_1.13.0/plugins/com.st.stm32cube.common.mx_6.9.0.202307051724//db//plugins/boardmanager/
2023-09-15 16:25:15,201 [INFO] ApiDb:261 - Set plugin images path to: /opt/st/stm32cubeide_1.13.0/plugins/com.st.stm32cube.common.mx_6.9.0.202307051724//db//plugins/mcufinder/images/
2023-09-15 16:25:15,201 [WARN] DbFile:41 - Overriding database path with different value: /home/clayton/.stmcufinder/plugins/mcufinder/ => /home/clayton/.stmcufinder/plugins/mcufinder
2023-09-15 16:25:15,201 [INFO] ApiDb:250 - Set database path to: /home/clayton/.stmcufinder/plugins/mcufinder//mcu/
2023-09-15 16:25:15,201 [WARN] DbFile:41 - Overriding database path with different value: /home/clayton/.stmcufinder/plugins/mcufinder/ => /home/clayton/.stmcufinder/plugins/mcufinder
2023-09-15 16:25:15,201 [INFO] DbMcusAds:125 - Set database path to: /home/clayton/.stmcufinder/plugins/mcufinder//mcu/
2023-09-15 16:25:15,201 [WARN] DbFile:41 - Overriding database path with different value: /home/clayton/.stmcufinder/plugins/mcufinder/ => /home/clayton/.stmcufinder/plugins/mcufinder
2023-09-15 16:25:15,201 [WARN] DbFile:41 - Overriding database path with different value: /home/clayton/.stmcufinder/plugins/mcufinder/ => /home/clayton/.stmcufinder/plugins/mcufinder
2023-09-15 16:25:15,201 [INFO] CrossReferenceDbSqlite:203 - Set database path to: /home/clayton/.stmcufinder/plugins/mcufinder//mcu/cs/
2023-09-15 16:25:15,213 [INFO] ApplicationProperties:184 - Using Application install path: /opt/st/stm32cubeide_1.13.0/plugins/com.st.stm32cube.common.mx_6.9.0.202307051724
2023-09-15 16:25:15,214 [INFO] PluginManage:196 - Search for loadable plugins [exclusion list=, ]
2023-09-15 16:25:15,215 [INFO] PluginManage:310 - Check plugin analytics
2023-09-15 16:25:15,316 [INFO] AnalyticsPlugin:253 - Accepted Software Licenses: 
2023-09-15 16:25:15,316 [INFO] AnalyticsPlugin:255 - Accepted CMSIS Pack Licenses: 
2023-09-15 16:25:15,317 [INFO] AnalyticsPlugin:257 - Accepted Firmware Licenses: FW.H7.1.11.0
2023-09-15 16:25:15,318 [INFO] PluginManage:359 - Loaded plugin analytics (category:tool,tabindex:-1)
2023-09-15 16:25:15,319 [INFO] PluginManage:310 - Check plugin cadmodel
2023-09-15 16:25:15,319 [ERROR] ConfigurationRetriever:142 - IOException on connection: sw-center.st.com
2023-09-15 16:25:15,319 [ERROR] ConfigurationRetriever:142 - IOException on connection: sw-center.st.com
2023-09-15 16:25:15,320 [ERROR] ConfigurationRetriever:142 - IOException on connection: sw-center.st.com
2023-09-15 16:25:15,341 [INFO] CADModel:105 - Init CAD model plugin
2023-09-15 16:25:15,341 [INFO] PluginManage:359 - Loaded plugin cadmodel (category:power,tabindex:5)
2023-09-15 16:25:15,342 [INFO] PluginManage:310 - Check plugin clock
2023-09-15 16:25:15,347 [INFO] PluginManage:359 - Loaded plugin clock (category:base,tabindex:2)
2023-09-15 16:25:15,347 [INFO] PluginManage:310 - Check plugin ddr
2023-09-15 16:25:15,348 [INFO] PluginManage:359 - Loaded plugin ddr (category:tool,tabindex:6)
2023-09-15 16:25:15,348 [INFO] PluginManage:310 - Check plugin filemanager
2023-09-15 16:25:15,455 [INFO] PluginManage:359 - Loaded plugin filemanager (category:base,tabindex:10)
2023-09-15 16:25:15,455 [INFO] PluginManage:310 - Check plugin ipmanager
2023-09-15 16:25:15,461 [INFO] PluginManage:359 - Loaded plugin ipmanager (category:base,tabindex:5)
2023-09-15 16:25:15,461 [INFO] PluginManage:310 - Check plugin lpbam
2023-09-15 16:25:15,471 [INFO] PluginManage:359 - Loaded plugin lpbam (category:base,tabindex:0)
2023-09-15 16:25:15,472 [INFO] PluginManage:310 - Check plugin memorymap
2023-09-15 16:25:15,485 [INFO] PluginManage:359 - Loaded plugin memorymap (category:base,tabindex:4)
2023-09-15 16:25:15,485 [INFO] PluginManage:310 - Check plugin pinoutandconfiguration
2023-09-15 16:25:15,492 [INFO] PluginManage:359 - Loaded plugin pinoutandconfiguration (category:base,tabindex:1)
2023-09-15 16:25:15,492 [INFO] PluginManage:310 - Check plugin pinoutconfig
2023-09-15 16:25:15,558 [WARN] SupportedApi:132 - Cannot load RTOS API schema: s4s-elt-must-match.1: The content of 'definitions' must match (annotation?, (simpleType | complexType)?, (unique | key | keyref)*)). A problem was found starting at: attribute.
2023-09-15 16:25:15,637 [INFO] PluginManage:359 - Loaded plugin pinoutconfig (category:base,tabindex:0)
2023-09-15 16:25:15,638 [INFO] PluginManage:310 - Check plugin power
2023-09-15 16:25:15,645 [INFO] PluginManage:359 - Loaded plugin power (category:power,tabindex:4)
2023-09-15 16:25:15,645 [INFO] PluginManage:310 - Check plugin projectmanager
2023-09-15 16:25:15,654 [INFO] PluginManage:359 - Loaded plugin projectmanager (category:projectmanager,tabindex:3)
2023-09-15 16:25:15,654 [INFO] PluginManage:310 - Check plugin thirdparty
2023-09-15 16:25:15,725 [INFO] PluginManage:359 - Loaded plugin thirdparty (category:base,tabindex:-1)
2023-09-15 16:25:15,725 [WARN] IntegrityCheckThread:84 - waiting for thirdparty lock release [integrity check]
2023-09-15 16:25:15,725 [INFO] PluginManage:310 - Check plugin tools
2023-09-15 16:25:15,725 [INFO] IntegrityCheckThread:86 - entering critical section [integrity check]
2023-09-15 16:25:15,725 [INFO] ThirdPartyUpdaterWithRetryManager:70 - Updater plugin not ready yet. [1/15]
2023-09-15 16:25:15,727 [INFO] PluginManage:359 - Loaded plugin tools (category:base,tabindex:7)
2023-09-15 16:25:15,727 [INFO] PluginManage:310 - Check plugin tutovideos
2023-09-15 16:25:15,843 [INFO] PluginManage:359 - Loaded plugin tutovideos (category:base,tabindex:-1)
2023-09-15 16:25:15,843 [INFO] PluginManage:310 - Check plugin updater
2023-09-15 16:25:15,849 [INFO] PluginManage:359 - Loaded plugin updater (category:base,tabindex:12)
2023-09-15 16:25:15,850 [INFO] PluginManage:310 - Check plugin userauth
2023-09-15 16:25:15,853 [INFO] UserAuth:113 - Init User Auth plugin
2023-09-15 16:25:15,853 [INFO] PluginManage:359 - Loaded plugin userauth (category:base,tabindex:14)
2023-09-15 16:25:15,853 [INFO] PluginManage:283 - PluginManage : Loaded plugins [17]
2023-09-15 16:25:15,950 [INFO] PinOutPanel:1499 - setPackage(No Configuration,No Configuration)
2023-09-15 16:25:15,996 [INFO] CADModel:165 - CPN selected for project level
2023-09-15 16:25:15,997 [INFO] CADModel:114 - Register for checkConnection events
2023-09-15 16:25:16,009 [INFO] IPUIPlugin:80 - create IPUIPlugin
2023-09-15 16:25:16,009 [INFO] PluginManager:220 - loadIPPluginJar : add adc
2023-09-15 16:25:16,011 [INFO] IPUIPlugin:80 - create IPUIPlugin
2023-09-15 16:25:16,011 [INFO] PluginManager:220 - loadIPPluginJar : add lorawan
2023-09-15 16:25:16,012 [INFO] IPUIPlugin:80 - create IPUIPlugin
2023-09-15 16:25:16,013 [INFO] PluginManager:220 - loadIPPluginJar : add dfsdm
2023-09-15 16:25:16,014 [INFO] IPUIPlugin:80 - create IPUIPlugin
2023-09-15 16:25:16,014 [INFO] PluginManager:220 - loadIPPluginJar : add can
2023-09-15 16:25:16,017 [INFO] IPUIPlugin:80 - create IPUIPlugin
2023-09-15 16:25:16,017 [INFO] PluginManager:220 - loadIPPluginJar : add fmc
2023-09-15 16:25:16,018 [INFO] IPUIPlugin:80 - create IPUIPlugin
2023-09-15 16:25:16,018 [INFO] PluginManager:220 - loadIPPluginJar : add fatfs
2023-09-15 16:25:16,020 [INFO] IPUIPlugin:80 - create IPUIPlugin
2023-09-15 16:25:16,020 [INFO] PluginManager:220 - loadIPPluginJar : add touchsensing
2023-09-15 16:25:16,024 [INFO] IPUIPlugin:80 - create IPUIPlugin
2023-09-15 16:25:16,024 [INFO] PluginManager:220 - loadIPPluginJar : add freertos
2023-09-15 16:25:16,025 [INFO] IPUIPlugin:80 - create IPUIPlugin
2023-09-15 16:25:16,025 [INFO] PluginManager:220 - loadIPPluginJar : add gtzc
2023-09-15 16:25:16,026 [INFO] IPUIPlugin:80 - create IPUIPlugin
2023-09-15 16:25:16,026 [INFO] PluginManager:220 - loadIPPluginJar : add genericplugin
2023-09-15 16:25:16,028 [INFO] IPUIPlugin:80 - create IPUIPlugin
2023-09-15 16:25:16,028 [INFO] PluginManager:220 - loadIPPluginJar : add sai
2023-09-15 16:25:16,029 [INFO] IPUIPlugin:80 - create IPUIPlugin
2023-09-15 16:25:16,030 [INFO] PluginManager:220 - loadIPPluginJar : add i2s
2023-09-15 16:25:16,031 [INFO] IPUIPlugin:80 - create IPUIPlugin
2023-09-15 16:25:16,031 [INFO] PluginManager:220 - loadIPPluginJar : add i2c
2023-09-15 16:25:16,032 [INFO] IPUIPlugin:80 - create IPUIPlugin
2023-09-15 16:25:16,032 [INFO] PluginManager:220 - loadIPPluginJar : add comp
2023-09-15 16:25:16,033 [INFO] IPUIPlugin:80 - create IPUIPlugin
2023-09-15 16:25:16,033 [INFO] PluginManager:220 - loadIPPluginJar : add cryp
2023-09-15 16:25:16,034 [INFO] IPUIPlugin:80 - create IPUIPlugin
2023-09-15 16:25:16,034 [INFO] PluginManager:220 - loadIPPluginJar : add ucpd
2023-09-15 16:25:16,036 [INFO] IPUIPlugin:80 - create IPUIPlugin
2023-09-15 16:25:16,036 [INFO] PluginManager:220 - loadIPPluginJar : add i3c
2023-09-15 16:25:16,039 [INFO] IPUIPlugin:80 - create IPUIPlugin
2023-09-15 16:25:16,039 [INFO] PluginManager:220 - loadIPPluginJar : add stm32_wpan
2023-09-15 16:25:16,041 [INFO] IPUIPlugin:80 - create IPUIPlugin
2023-09-15 16:25:16,041 [INFO] PluginManager:220 - loadIPPluginJar : add usbx
2023-09-15 16:25:16,045 [INFO] IPUIPlugin:80 - create IPUIPlugin
2023-09-15 16:25:16,045 [INFO] PluginManager:220 - loadIPPluginJar : add mdma
2023-09-15 16:25:16,047 [INFO] IPUIPlugin:80 - create IPUIPlugin
2023-09-15 16:25:16,048 [INFO] PluginManager:220 - loadIPPluginJar : add ipddr
2023-09-15 16:25:16,049 [INFO] IPUIPlugin:80 - create IPUIPlugin
2023-09-15 16:25:16,049 [INFO] PluginManager:220 - loadIPPluginJar : add ts
2023-09-15 16:25:16,050 [INFO] IPUIPlugin:80 - create IPUIPlugin
2023-09-15 16:25:16,050 [INFO] PluginManager:220 - loadIPPluginJar : add tsc
2023-09-15 16:25:16,051 [INFO] IPUIPlugin:80 - create IPUIPlugin
2023-09-15 16:25:16,051 [INFO] PluginManager:220 - loadIPPluginJar : add tim
2023-09-15 16:25:16,052 [INFO] IPUIPlugin:80 - create IPUIPlugin
2023-09-15 16:25:16,052 [INFO] PluginManager:220 - loadIPPluginJar : add gfxmmu
2023-09-15 16:25:16,054 [INFO] IPUIPlugin:80 - create IPUIPlugin
2023-09-15 16:25:16,054 [INFO] PluginManager:220 - loadIPPluginJar : add spi
2023-09-15 16:25:16,055 [INFO] IPUIPlugin:80 - create IPUIPlugin
2023-09-15 16:25:16,055 [INFO] PluginManager:220 - loadIPPluginJar : add tracer_emb
2023-09-15 16:25:16,059 [INFO] IPUIPlugin:80 - create IPUIPlugin
2023-09-15 16:25:16,059 [INFO] PluginManager:220 - loadIPPluginJar : add dma
2023-09-15 16:25:16,062 [INFO] IPUIPlugin:80 - create IPUIPlugin
2023-09-15 16:25:16,062 [INFO] PluginManager:220 - loadIPPluginJar : add gic
2023-09-15 16:25:16,063 [INFO] IPUIPlugin:80 - create IPUIPlugin
2023-09-15 16:25:16,063 [INFO] PluginManager:220 - loadIPPluginJar : add opamp
2023-09-15 16:25:16,066 [INFO] IPUIPlugin:80 - create IPUIPlugin
2023-09-15 16:25:16,066 [INFO] PluginManager:220 - loadIPPluginJar : add gpio
2023-09-15 16:25:16,070 [INFO] IPUIPlugin:80 - create IPUIPlugin
2023-09-15 16:25:16,071 [INFO] PluginManager:220 - loadIPPluginJar : add plateformsettings
2023-09-15 16:25:16,072 [INFO] IPUIPlugin:80 - create IPUIPlugin
2023-09-15 16:25:16,072 [INFO] PluginManager:220 - loadIPPluginJar : add ltdc
2023-09-15 16:25:16,075 [INFO] IPUIPlugin:80 - create IPUIPlugin
2023-09-15 16:25:16,076 [INFO] PluginManager:220 - loadIPPluginJar : add linkedlist
2023-09-15 16:25:16,077 [INFO] IPUIPlugin:80 - create IPUIPlugin
2023-09-15 16:25:16,077 [INFO] PluginManager:220 - loadIPPluginJar : add resmgrutility
2023-09-15 16:25:16,078 [INFO] IPUIPlugin:80 - create IPUIPlugin
2023-09-15 16:25:16,079 [INFO] PluginManager:220 - loadIPPluginJar : add openamp
2023-09-15 16:25:16,080 [INFO] IPUIPlugin:80 - create IPUIPlugin
2023-09-15 16:25:16,080 [INFO] PluginManager:220 - loadIPPluginJar : add nvic
2023-09-15 16:25:16,081 [INFO] IPUIPlugin:80 - create IPUIPlugin
2023-09-15 16:25:16,081 [INFO] PluginManager:220 - loadIPPluginJar : add usart
2023-09-15 16:25:16,082 [INFO] IPUIPlugin:80 - create IPUIPlugin
2023-09-15 16:25:16,082 [INFO] PluginManager:220 - loadIPPluginJar : add pdm2pcm
2023-09-15 16:25:16,083 [INFO] IPUIPlugin:80 - create IPUIPlugin
2023-09-15 16:25:16,083 [INFO] PluginManager:220 - loadIPPluginJar : add dma3
2023-09-15 16:25:16,084 [INFO] IPUIPlugin:80 - create IPUIPlugin
2023-09-15 16:25:16,084 [INFO] PluginManager:220 - loadIPPluginJar : add aes
2023-09-15 16:25:16,085 [INFO] IPUIPlugin:80 - create IPUIPlugin
2023-09-15 16:25:16,085 [INFO] PluginManager:220 - loadIPPluginJar : add hash
2023-09-15 16:25:16,085 [INFO] IPUIPlugin:80 - create IPUIPlugin
2023-09-15 16:25:16,085 [INFO] PluginManager:220 - loadIPPluginJar : add quadspi
2023-09-15 16:25:16,170 [INFO] CADModel:165 - CPN selected for project level
2023-09-15 16:25:16,170 [INFO] CADModel:114 - Register for checkConnection events
2023-09-15 16:25:16,170 [FATAL] Updater:308 - Updater called before beeing initialized
2023-09-15 16:25:16,171 [ERROR] CADModel:125 - Updater not yet initialized, retry later 
2023-09-15 16:25:16,242 [INFO] CADModel:165 - CPN selected for project level
2023-09-15 16:25:16,242 [INFO] CADModel:114 - Register for checkConnection events
2023-09-15 16:25:16,242 [FATAL] Updater:308 - Updater called before beeing initialized
2023-09-15 16:25:16,242 [ERROR] CADModel:125 - Updater not yet initialized, retry later 
2023-09-15 16:25:16,244 [FATAL] Updater:308 - Updater called before beeing initialized
2023-09-15 16:25:16,300 [FATAL] Updater:308 - Updater called before beeing initialized
2023-09-15 16:25:16,304 [INFO] DbMcusAds:53 - JSON generation date=Tue Mar 07 19:50:55 AEDT 2023 (1678179055335)
2023-09-15 16:25:16,305 [FATAL] Updater:308 - Updater called before beeing initialized
2023-09-15 16:25:16,336 [WARN] DetailPanel:346 - Failed to get advertising image, set to default
2023-09-15 16:25:16,391 [FATAL] Updater:308 - Updater called before beeing initialized
2023-09-15 16:25:16,392 [FATAL] Updater:308 - Updater called before beeing initialized
2023-09-15 16:25:16,393 [FATAL] Updater:308 - Updater called before beeing initialized
2023-09-15 16:25:16,393 [WARN] DetailPanel:346 - Failed to get advertising image, set to default
2023-09-15 16:25:16,393 [FATAL] Updater:308 - Updater called before beeing initialized
2023-09-15 16:25:16,408 [ERROR] Updater:1120 - MainUpdater not yet initialized. External WinMGr cannot be set.
2023-09-15 16:25:16,410 [INFO] Updater:1056 - Updater Version found : 6.9.0
2023-09-15 16:25:16,425 [INFO] ApplicationProperties:184 - Using Application install path: /opt/st/stm32cubeide_1.13.0/plugins/com.st.stm32cube.common.mx_6.9.0.202307051724
2023-09-15 16:25:16,485 [ERROR] ServerAccessManage:1146 - Warning during Server Connection :  Unknown host sw-center.st.com
2023-09-15 16:25:16,486 [INFO] MainUpdater:2868 - connection check result : 22
2023-09-15 16:25:16,487 [INFO] MainUpdater:285 - Updater Check For Update Now.
2023-09-15 16:25:16,487 [INFO] MicroXplorer:498 - Change Database Version : DB.6.0.90
2023-09-15 16:25:16,492 [INFO] McuFinderGlobals:63 - Set McuFinder mode to 2 (CubeIDE integrated)
2023-09-15 16:25:16,492 [INFO] UserAuth:179 - activating auth plugin
2023-09-15 16:25:16,494 [INFO] UserAuth:393 - Internet connection configuration mode: 2
2023-09-15 16:25:16,660 [INFO] CheckServerUpdateThread:120 - End of CheckServer Thread
2023-09-15 16:25:18,784 [WARN] PackLoader:240 - Cannot read IP mode file for STMicroelectronics.X-CUBE-SMBUS.2.1.0
2023-09-15 16:25:18,802 [WARN] PackLoader:240 - Cannot read IP mode file for STMicroelectronics.X-CUBE-AZRTOS-F7.1.1.0
2023-09-15 16:25:18,810 [WARN] PackLoader:240 - Cannot read IP mode file for STMicroelectronics.FP-SNS-MOTENV1.4.3.2
2023-09-15 16:25:18,817 [WARN] PackLoader:240 - Cannot read IP mode file for STMicroelectronics.X-CUBE-BLE1.6.2.4
2023-09-15 16:25:18,823 [WARN] PackLoader:240 - Cannot read IP mode file for STMicroelectronics.X-CUBE-DISPLAY.3.0.0
2023-09-15 16:25:18,830 [WARN] PackLoader:240 - Cannot read IP mode file for STMicroelectronics.X-CUBE-BLE1.7.0.0
2023-09-15 16:25:18,834 [WARN] PackLoader:240 - Cannot read IP mode file for emotas.I-CUBE-CANOPEN.1.3.0
2023-09-15 16:25:18,836 [WARN] PackLoader:240 - Cannot read IP mode file for STMicroelectronics.X-CUBE-TOUCHGFX.4.22.0
2023-09-15 16:25:18,839 [WARN] PackLoader:240 - Cannot read IP mode file for STMicroelectronics.FP-SNS-SMARTAG2.1.2.0
2023-09-15 16:25:18,848 [INFO] LogOutputStream:77 - [STDOUT_REDIRECT] 1 : Invalid condition id : UX_CORESTACK_Condition cause : null
2023-09-15 16:25:18,849 [INFO] LogOutputStream:77 - [STDOUT_REDIRECT] 1 : Invalid condition id : UX_CORESTACK_Condition cause : null
2023-09-15 16:25:18,849 [INFO] LogOutputStream:77 - [STDOUT_REDIRECT] 1 : Invalid condition id : UX_CORESTACK_Condition cause : null
2023-09-15 16:25:18,849 [INFO] LogOutputStream:77 - [STDOUT_REDIRECT] 1 : Invalid condition id : UX_CORESTACK_Condition cause : null
2023-09-15 16:25:18,849 [INFO] LogOutputStream:77 - [STDOUT_REDIRECT] 1 : Invalid condition id : UX_CORESTACK_Condition cause : null
2023-09-15 16:25:18,852 [WARN] PackLoader:240 - Cannot read IP mode file for STMicroelectronics.X-CUBE-AZRTOS-WL.2.0.0
2023-09-15 16:25:18,858 [WARN] PackLoader:240 - Cannot read IP mode file for WES.I-CUBE-Cesium.1.3.0
2023-09-15 16:25:18,862 [WARN] PackLoader:240 - Cannot read IP mode file for STMicroelectronics.X-CUBE-BLE2.3.3.0
2023-09-15 16:25:18,867 [WARN] PackLoader:240 - Cannot read IP mode file for STMicroelectronics.X-CUBE-ALGOBUILD.1.3.0
2023-09-15 16:25:18,878 [WARN] PackLoader:240 - Cannot read IP mode file for STMicroelectronics.X-CUBE-AZRTOS-G0.1.1.0
2023-09-15 16:25:18,882 [WARN] PackLoader:240 - Cannot read IP mode file for STMicroelectronics.X-CUBE-NFC4.3.0.0
2023-09-15 16:25:18,885 [WARN] PackLoader:240 - Cannot read IP mode file for STMicroelectronics.FP-ATR-SIGFOX1.3.2.0
2023-09-15 16:25:18,909 [WARN] PackLoader:240 - Cannot read IP mode file for SEGGER.I-CUBE-embOS.1.3.1
2023-09-15 16:25:18,950 [WARN] PackLoader:240 - Cannot read IP mode file for STMicroelectronics.X-CUBE-GNSS1.6.0.0
2023-09-15 16:25:18,972 [WARN] PackLoader:240 - Cannot read IP mode file for STMicroelectronics.X-CUBE-AZRTOS-F4.1.1.0
2023-09-15 16:25:18,986 [WARN] PackLoader:240 - Cannot read IP mode file for wolfSSL.I-CUBE-wolfSSL.5.6.3
2023-09-15 16:25:19,010 [WARN] PackLoader:240 - Cannot read IP mode file for STMicroelectronics.X-CUBE-AZRTOS-L5.2.0.0
2023-09-15 16:25:19,056 [WARN] PackLoader:240 - Cannot read IP mode file for STMicroelectronics.X-CUBE-MEMS1.9.6.0
2023-09-15 16:25:19,247 [WARN] PackLoader:240 - Cannot read IP mode file for STMicroelectronics.X-CUBE-BLEMGR.2.0.0
2023-09-15 16:25:19,263 [WARN] ConditionMgr:438 - getConditionDescription Invalid condition id : UX DEVICE CLASS RTOS Condition cause : null
2023-09-15 16:25:19,263 [WARN] ConditionMgr:438 - getConditionDescription Invalid condition id : UX DEVICE CLASS RTOS Condition cause : null
2023-09-15 16:25:19,266 [WARN] PackLoader:240 - Cannot read IP mode file for STMicroelectronics.X-CUBE-AZRTOS-H7.3.1.0
2023-09-15 16:25:19,267 [WARN] ConditionMgr:1039 - genDependencies : Invalid condition id : UX DEVICE CLASS RTOS Condition cause : null
2023-09-15 16:25:19,267 [WARN] ConditionMgr:1039 - genDependencies : Invalid condition id : UX DEVICE CLASS RTOS Condition cause : null
2023-09-15 16:25:19,267 [WARN] ConditionMgr:1039 - genDependencies : Invalid condition id : UX DEVICE CLASS RTOS Condition cause : null
2023-09-15 16:25:19,267 [WARN] ConditionMgr:1039 - genDependencies : Invalid condition id : UX DEVICE CLASS RTOS Condition cause : null
2023-09-15 16:25:19,267 [WARN] ConditionMgr:1039 - genDependencies : Invalid condition id : UX DEVICE CLASS RTOS Condition cause : null
2023-09-15 16:25:19,272 [WARN] PackLoader:240 - Cannot read IP mode file for STMicroelectronics.X-CUBE-NFC7.1.0.1
2023-09-15 16:25:19,279 [WARN] PackLoader:240 - Cannot read IP mode file for STMicroelectronics.X-CUBE-NFC6.3.0.0
2023-09-15 16:25:19,285 [WARN] PackLoader:240 - Cannot read IP mode file for STMicroelectronics.X-CUBE-EEPRMA1.4.1.0
2023-09-15 16:25:19,290 [WARN] PackLoader:240 - Cannot read IP mode file for STMicroelectronics.X-CUBE-AI.8.1.0
2023-09-15 16:25:19,308 [WARN] ConditionMgr:438 - getConditionDescription Invalid condition id : LAN8742 Phy interface Condition cause : null
2023-09-15 16:25:19,309 [WARN] PackLoader:240 - Cannot read IP mode file for STMicroelectronics.X-CUBE-AZRTOS-L4.2.0.0
2023-09-15 16:25:19,310 [WARN] ConditionMgr:1039 - genDependencies : Invalid condition id : LAN8742 Phy interface Condition cause : null
2023-09-15 16:25:19,310 [WARN] ConditionMgr:1039 - genDependencies : Invalid condition id : LAN8742 Phy interface Condition cause : null
2023-09-15 16:25:19,311 [WARN] ConditionMgr:1039 - genDependencies : Invalid condition id : LAN8742 Phy interface Condition cause : null
2023-09-15 16:25:19,318 [WARN] PackLoader:240 - Cannot read IP mode file for STMicroelectronics.X-CUBE-SFXS2LP1.4.0.0
2023-09-15 16:25:19,322 [WARN] PackLoader:240 - Cannot read IP mode file for STMicroelectronics.X-CUBE-ISPU.1.1.0
2023-09-15 16:25:19,334 [WARN] ConditionMgr:438 - getConditionDescription Invalid condition id : UX DEVICE CLASS RTOS Condition cause : null
2023-09-15 16:25:19,334 [WARN] ConditionMgr:438 - getConditionDescription Invalid condition id : UX DEVICE CLASS RTOS Condition cause : null
2023-09-15 16:25:19,336 [WARN] PackLoader:240 - Cannot read IP mode file for STMicroelectronics.X-CUBE-AZRTOS-WB.2.0.0
2023-09-15 16:25:19,337 [WARN] ConditionMgr:1039 - genDependencies : Invalid condition id : UX DEVICE CLASS RTOS Condition cause : null
2023-09-15 16:25:19,337 [WARN] ConditionMgr:1039 - genDependencies : Invalid condition id : UX DEVICE CLASS RTOS Condition cause : null
2023-09-15 16:25:19,337 [WARN] ConditionMgr:1039 - genDependencies : Invalid condition id : UX DEVICE CLASS RTOS Condition cause : null
2023-09-15 16:25:19,338 [WARN] ConditionMgr:1039 - genDependencies : Invalid condition id : UX DEVICE CLASS RTOS Condition cause : null
2023-09-15 16:25:19,338 [WARN] ConditionMgr:1039 - genDependencies : Invalid condition id : UX DEVICE CLASS RTOS Condition cause : null
2023-09-15 16:25:19,342 [WARN] PackLoader:240 - Cannot read IP mode file for STMicroelectronics.X-CUBE-FREERTOS.1.0.1
2023-09-15 16:25:19,345 [WARN] PackLoader:240 - Cannot read IP mode file for STMicroelectronics.X-CUBE-AI.8.0.1
2023-09-15 16:25:19,354 [WARN] PackLoader:240 - Cannot read IP mode file for STMicroelectronics.X-CUBE-SUBG2.5.0.0
2023-09-15 16:25:19,366 [WARN] PackLoader:240 - Cannot read IP mode file for STMicroelectronics.X-CUBE-TOF1.3.3.1
2023-09-15 16:25:19,385 [WARN] PackLoader:240 - Cannot read IP mode file for STMicroelectronics.X-CUBE-AZRTOS-G4.2.0.0
2023-09-15 16:25:19,391 [WARN] PackLoader:240 - Cannot read IP mode file for STMicroelectronics.X-CUBE-FREERTOS.1.1.0
2023-09-15 16:25:19,399 [WARN] PackLoader:240 - Cannot read IP mode file for portGmbH.I-Cube-SoM-uGOAL.1.1.0
2023-09-15 16:25:19,405 [WARN] PackLoader:240 - Cannot read IP mode file for STMicroelectronics.X-CUBE-ALS.1.0.1
2023-09-15 16:25:19,410 [WARN] PackLoader:240 - Cannot read IP mode file for STMicroelectronics.FP-ATR-ASTRA1.2.0.0
2023-09-15 16:25:19,412 [INFO] ThirdParty:978 - Integrity check success = true
2023-09-15 16:25:19,412 [INFO] IntegrityCheckThread:100 - exiting critical section [integrity check]
2023-09-15 16:25:19,412 [INFO] IntegrityCheckThread:103 - End integrity checks thread
2023-09-15 16:25:28,735 [ERROR] ConfigurationRetriever:142 - IOException on connection: sw-center.st.com
2023-09-15 16:25:28,735 [ERROR] ConfigurationRetriever:142 - IOException on connection: sw-center.st.com
2023-09-15 16:25:28,735 [ERROR] ConfigurationRetriever:142 - IOException on connection: sw-center.st.com
