2023-08-29 11:43:52,084 [INFO] Activator:176 - 


2023-08-29 11:43:52,088 [INFO] Activator:177 - !SESSION log4j initialized
2023-08-29 11:43:55,137 [INFO] LogOutputStream:77 - [STDOUT_REDIRECT] 
2023-08-29 11:43:55,902 [INFO] ApplicationProperties:184 - Using Application install path: /opt/st/stm32cubeide_1.13.0/plugins/com.st.stm32cube.common.mx_6.9.0.202307051724
2023-08-29 11:43:55,913 [INFO] DbMcusXml:78 - Set database path to: /opt/st/stm32cubeide_1.13.0/plugins/com.st.stm32cube.common.mx_6.9.0.202307051724//db//mcu/
2023-08-29 11:43:55,913 [INFO] ApiDb:274 - Set plugin database path to: /opt/st/stm32cubeide_1.13.0/plugins/com.st.stm32cube.common.mx_6.9.0.202307051724//db//plugins/boardmanager/
2023-08-29 11:43:55,913 [WARN] ApiDb:259 - Overriding images path with different value:  => /opt/st/stm32cubeide_1.13.0/plugins/com.st.stm32cube.common.mx_6.9.0.202307051724//db//plugins/mcufinder/images/
2023-08-29 11:43:55,921 [INFO] ApiDb:250 - Set database path to: /home/clayton/.stmcufinder/plugins/mcufinder//mcu/
2023-08-29 11:43:55,922 [INFO] DbMcusAds:125 - Set database path to: /home/clayton/.stmcufinder/plugins/mcufinder//mcu/
2023-08-29 11:43:55,924 [INFO] CrossReferenceDbSqlite:203 - Set database path to: /home/clayton/.stmcufinder/plugins/mcufinder//mcu/cs/
2023-08-29 11:43:55,993 [INFO] RulesReader:64 - Compatibility file has been processed (293 Rules)
2023-08-29 11:43:56,041 [INFO] DbMcusXml:78 - Set database path to: /opt/st/stm32cubeide_1.13.0/plugins/com.st.stm32cube.common.mx_6.9.0.202307051724//db//mcu/
2023-08-29 11:43:56,041 [INFO] ApiDb:274 - Set plugin database path to: /opt/st/stm32cubeide_1.13.0/plugins/com.st.stm32cube.common.mx_6.9.0.202307051724//db//plugins/boardmanager/
2023-08-29 11:43:56,041 [INFO] ApiDb:261 - Set plugin images path to: /opt/st/stm32cubeide_1.13.0/plugins/com.st.stm32cube.common.mx_6.9.0.202307051724//db//plugins/mcufinder/images/
2023-08-29 11:43:56,042 [WARN] DbFile:41 - Overriding database path with different value: /home/clayton/.stmcufinder/plugins/mcufinder/ => /home/clayton/.stmcufinder/plugins/mcufinder
2023-08-29 11:43:56,042 [INFO] ApiDb:250 - Set database path to: /home/clayton/.stmcufinder/plugins/mcufinder//mcu/
2023-08-29 11:43:56,042 [WARN] DbFile:41 - Overriding database path with different value: /home/clayton/.stmcufinder/plugins/mcufinder/ => /home/clayton/.stmcufinder/plugins/mcufinder
2023-08-29 11:43:56,042 [INFO] DbMcusAds:125 - Set database path to: /home/clayton/.stmcufinder/plugins/mcufinder//mcu/
2023-08-29 11:43:56,042 [WARN] DbFile:41 - Overriding database path with different value: /home/clayton/.stmcufinder/plugins/mcufinder/ => /home/clayton/.stmcufinder/plugins/mcufinder
2023-08-29 11:43:56,042 [WARN] DbFile:41 - Overriding database path with different value: /home/clayton/.stmcufinder/plugins/mcufinder/ => /home/clayton/.stmcufinder/plugins/mcufinder
2023-08-29 11:43:56,042 [INFO] CrossReferenceDbSqlite:203 - Set database path to: /home/clayton/.stmcufinder/plugins/mcufinder//mcu/cs/
2023-08-29 11:43:56,088 [INFO] MainPanel:262 - HeapMemory: 268435456
2023-08-29 11:43:56,146 [INFO] DbMcusXml:78 - Set database path to: /opt/st/stm32cubeide_1.13.0/plugins/com.st.stm32cube.common.mx_6.9.0.202307051724//db//mcu/
2023-08-29 11:43:56,146 [INFO] ApiDb:274 - Set plugin database path to: /opt/st/stm32cubeide_1.13.0/plugins/com.st.stm32cube.common.mx_6.9.0.202307051724//db//plugins/boardmanager/
2023-08-29 11:43:56,146 [INFO] ApiDb:261 - Set plugin images path to: /opt/st/stm32cubeide_1.13.0/plugins/com.st.stm32cube.common.mx_6.9.0.202307051724//db//plugins/mcufinder/images/
2023-08-29 11:43:56,146 [WARN] DbFile:41 - Overriding database path with different value: /home/clayton/.stmcufinder/plugins/mcufinder/ => /home/clayton/.stmcufinder/plugins/mcufinder
2023-08-29 11:43:56,146 [INFO] ApiDb:250 - Set database path to: /home/clayton/.stmcufinder/plugins/mcufinder//mcu/
2023-08-29 11:43:56,147 [WARN] DbFile:41 - Overriding database path with different value: /home/clayton/.stmcufinder/plugins/mcufinder/ => /home/clayton/.stmcufinder/plugins/mcufinder
2023-08-29 11:43:56,147 [INFO] DbMcusAds:125 - Set database path to: /home/clayton/.stmcufinder/plugins/mcufinder//mcu/
2023-08-29 11:43:56,147 [WARN] DbFile:41 - Overriding database path with different value: /home/clayton/.stmcufinder/plugins/mcufinder/ => /home/clayton/.stmcufinder/plugins/mcufinder
2023-08-29 11:43:56,147 [WARN] DbFile:41 - Overriding database path with different value: /home/clayton/.stmcufinder/plugins/mcufinder/ => /home/clayton/.stmcufinder/plugins/mcufinder
2023-08-29 11:43:56,147 [INFO] CrossReferenceDbSqlite:203 - Set database path to: /home/clayton/.stmcufinder/plugins/mcufinder//mcu/cs/
2023-08-29 11:43:56,157 [INFO] ApplicationProperties:184 - Using Application install path: /opt/st/stm32cubeide_1.13.0/plugins/com.st.stm32cube.common.mx_6.9.0.202307051724
2023-08-29 11:43:56,158 [INFO] PluginManage:196 - Search for loadable plugins [exclusion list=, ]
2023-08-29 11:43:56,159 [INFO] PluginManage:310 - Check plugin analytics
2023-08-29 11:43:56,263 [INFO] AnalyticsPlugin:253 - Accepted Software Licenses: 
2023-08-29 11:43:56,264 [INFO] AnalyticsPlugin:255 - Accepted CMSIS Pack Licenses: 
2023-08-29 11:43:56,264 [INFO] AnalyticsPlugin:257 - Accepted Firmware Licenses: FW.H7.1.11.0
2023-08-29 11:43:56,265 [INFO] PluginManage:359 - Loaded plugin analytics (category:tool,tabindex:-1)
2023-08-29 11:43:56,266 [INFO] PluginManage:310 - Check plugin cadmodel
2023-08-29 11:43:56,290 [INFO] CADModel:105 - Init CAD model plugin
2023-08-29 11:43:56,291 [INFO] PluginManage:359 - Loaded plugin cadmodel (category:power,tabindex:5)
2023-08-29 11:43:56,291 [INFO] PluginManage:310 - Check plugin clock
2023-08-29 11:43:56,298 [INFO] PluginManage:359 - Loaded plugin clock (category:base,tabindex:2)
2023-08-29 11:43:56,298 [INFO] PluginManage:310 - Check plugin ddr
2023-08-29 11:43:56,299 [INFO] PluginManage:359 - Loaded plugin ddr (category:tool,tabindex:6)
2023-08-29 11:43:56,300 [INFO] PluginManage:310 - Check plugin filemanager
2023-08-29 11:43:56,379 [INFO] PluginManage:359 - Loaded plugin filemanager (category:base,tabindex:10)
2023-08-29 11:43:56,380 [INFO] PluginManage:310 - Check plugin ipmanager
2023-08-29 11:43:56,384 [INFO] PluginManage:359 - Loaded plugin ipmanager (category:base,tabindex:5)
2023-08-29 11:43:56,384 [INFO] PluginManage:310 - Check plugin lpbam
2023-08-29 11:43:56,391 [INFO] PluginManage:359 - Loaded plugin lpbam (category:base,tabindex:0)
2023-08-29 11:43:56,391 [INFO] PluginManage:310 - Check plugin memorymap
2023-08-29 11:43:56,398 [INFO] PluginManage:359 - Loaded plugin memorymap (category:base,tabindex:4)
2023-08-29 11:43:56,398 [INFO] PluginManage:310 - Check plugin pinoutandconfiguration
2023-08-29 11:43:56,403 [INFO] PluginManage:359 - Loaded plugin pinoutandconfiguration (category:base,tabindex:1)
2023-08-29 11:43:56,403 [INFO] PluginManage:310 - Check plugin pinoutconfig
2023-08-29 11:43:56,455 [WARN] SupportedApi:132 - Cannot load RTOS API schema: s4s-elt-must-match.1: The content of 'definitions' must match (annotation?, (simpleType | complexType)?, (unique | key | keyref)*)). A problem was found starting at: attribute.
2023-08-29 11:43:56,543 [INFO] PluginManage:359 - Loaded plugin pinoutconfig (category:base,tabindex:0)
2023-08-29 11:43:56,543 [INFO] PluginManage:310 - Check plugin power
2023-08-29 11:43:56,549 [INFO] PluginManage:359 - Loaded plugin power (category:power,tabindex:4)
2023-08-29 11:43:56,550 [INFO] PluginManage:310 - Check plugin projectmanager
2023-08-29 11:43:56,558 [INFO] PluginManage:359 - Loaded plugin projectmanager (category:projectmanager,tabindex:3)
2023-08-29 11:43:56,558 [INFO] PluginManage:310 - Check plugin thirdparty
2023-08-29 11:43:56,640 [INFO] PluginManage:359 - Loaded plugin thirdparty (category:base,tabindex:-1)
2023-08-29 11:43:56,640 [WARN] IntegrityCheckThread:84 - waiting for thirdparty lock release [integrity check]
2023-08-29 11:43:56,640 [INFO] IntegrityCheckThread:86 - entering critical section [integrity check]
2023-08-29 11:43:56,640 [INFO] PluginManage:310 - Check plugin tools
2023-08-29 11:43:56,640 [INFO] ThirdPartyUpdaterWithRetryManager:70 - Updater plugin not ready yet. [1/15]
2023-08-29 11:43:56,642 [INFO] PluginManage:359 - Loaded plugin tools (category:base,tabindex:7)
2023-08-29 11:43:56,642 [INFO] PluginManage:310 - Check plugin tutovideos
2023-08-29 11:43:56,759 [INFO] PluginManage:359 - Loaded plugin tutovideos (category:base,tabindex:-1)
2023-08-29 11:43:56,759 [INFO] PluginManage:310 - Check plugin updater
2023-08-29 11:43:56,766 [INFO] PluginManage:359 - Loaded plugin updater (category:base,tabindex:12)
2023-08-29 11:43:56,767 [INFO] PluginManage:310 - Check plugin userauth
2023-08-29 11:43:56,770 [INFO] UserAuth:113 - Init User Auth plugin
2023-08-29 11:43:56,770 [INFO] PluginManage:359 - Loaded plugin userauth (category:base,tabindex:14)
2023-08-29 11:43:56,770 [INFO] PluginManage:283 - PluginManage : Loaded plugins [17]
2023-08-29 11:43:56,909 [INFO] PinOutPanel:1499 - setPackage(No Configuration,No Configuration)
2023-08-29 11:43:56,968 [INFO] CADModel:165 - CPN selected for project level
2023-08-29 11:43:56,968 [INFO] CADModel:114 - Register for checkConnection events
2023-08-29 11:43:56,979 [INFO] IPUIPlugin:80 - create IPUIPlugin
2023-08-29 11:43:56,980 [INFO] PluginManager:220 - loadIPPluginJar : add adc
2023-08-29 11:43:56,981 [INFO] IPUIPlugin:80 - create IPUIPlugin
2023-08-29 11:43:56,981 [INFO] PluginManager:220 - loadIPPluginJar : add lorawan
2023-08-29 11:43:56,982 [INFO] IPUIPlugin:80 - create IPUIPlugin
2023-08-29 11:43:56,982 [INFO] PluginManager:220 - loadIPPluginJar : add dfsdm
2023-08-29 11:43:56,984 [INFO] IPUIPlugin:80 - create IPUIPlugin
2023-08-29 11:43:56,984 [INFO] PluginManager:220 - loadIPPluginJar : add can
2023-08-29 11:43:56,986 [INFO] IPUIPlugin:80 - create IPUIPlugin
2023-08-29 11:43:56,986 [INFO] PluginManager:220 - loadIPPluginJar : add fmc
2023-08-29 11:43:56,987 [INFO] IPUIPlugin:80 - create IPUIPlugin
2023-08-29 11:43:56,987 [INFO] PluginManager:220 - loadIPPluginJar : add fatfs
2023-08-29 11:43:56,989 [INFO] IPUIPlugin:80 - create IPUIPlugin
2023-08-29 11:43:56,989 [INFO] PluginManager:220 - loadIPPluginJar : add touchsensing
2023-08-29 11:43:56,993 [INFO] IPUIPlugin:80 - create IPUIPlugin
2023-08-29 11:43:56,993 [INFO] PluginManager:220 - loadIPPluginJar : add freertos
2023-08-29 11:43:56,995 [INFO] IPUIPlugin:80 - create IPUIPlugin
2023-08-29 11:43:56,995 [INFO] PluginManager:220 - loadIPPluginJar : add gtzc
2023-08-29 11:43:56,995 [INFO] IPUIPlugin:80 - create IPUIPlugin
2023-08-29 11:43:56,995 [INFO] PluginManager:220 - loadIPPluginJar : add genericplugin
2023-08-29 11:43:56,997 [INFO] IPUIPlugin:80 - create IPUIPlugin
2023-08-29 11:43:56,997 [INFO] PluginManager:220 - loadIPPluginJar : add sai
2023-08-29 11:43:56,998 [INFO] IPUIPlugin:80 - create IPUIPlugin
2023-08-29 11:43:56,998 [INFO] PluginManager:220 - loadIPPluginJar : add i2s
2023-08-29 11:43:56,999 [INFO] IPUIPlugin:80 - create IPUIPlugin
2023-08-29 11:43:57,000 [INFO] PluginManager:220 - loadIPPluginJar : add i2c
2023-08-29 11:43:57,000 [INFO] IPUIPlugin:80 - create IPUIPlugin
2023-08-29 11:43:57,000 [INFO] PluginManager:220 - loadIPPluginJar : add comp
2023-08-29 11:43:57,002 [INFO] IPUIPlugin:80 - create IPUIPlugin
2023-08-29 11:43:57,002 [INFO] PluginManager:220 - loadIPPluginJar : add cryp
2023-08-29 11:43:57,003 [INFO] IPUIPlugin:80 - create IPUIPlugin
2023-08-29 11:43:57,003 [INFO] PluginManager:220 - loadIPPluginJar : add ucpd
2023-08-29 11:43:57,004 [INFO] IPUIPlugin:80 - create IPUIPlugin
2023-08-29 11:43:57,004 [INFO] PluginManager:220 - loadIPPluginJar : add i3c
2023-08-29 11:43:57,007 [INFO] IPUIPlugin:80 - create IPUIPlugin
2023-08-29 11:43:57,007 [INFO] PluginManager:220 - loadIPPluginJar : add stm32_wpan
2023-08-29 11:43:57,008 [INFO] IPUIPlugin:80 - create IPUIPlugin
2023-08-29 11:43:57,008 [INFO] PluginManager:220 - loadIPPluginJar : add usbx
2023-08-29 11:43:57,012 [INFO] IPUIPlugin:80 - create IPUIPlugin
2023-08-29 11:43:57,012 [INFO] PluginManager:220 - loadIPPluginJar : add mdma
2023-08-29 11:43:57,014 [INFO] IPUIPlugin:80 - create IPUIPlugin
2023-08-29 11:43:57,014 [INFO] PluginManager:220 - loadIPPluginJar : add ipddr
2023-08-29 11:43:57,015 [INFO] IPUIPlugin:80 - create IPUIPlugin
2023-08-29 11:43:57,015 [INFO] PluginManager:220 - loadIPPluginJar : add ts
2023-08-29 11:43:57,016 [INFO] IPUIPlugin:80 - create IPUIPlugin
2023-08-29 11:43:57,016 [INFO] PluginManager:220 - loadIPPluginJar : add tsc
2023-08-29 11:43:57,017 [INFO] IPUIPlugin:80 - create IPUIPlugin
2023-08-29 11:43:57,017 [INFO] PluginManager:220 - loadIPPluginJar : add tim
2023-08-29 11:43:57,018 [INFO] IPUIPlugin:80 - create IPUIPlugin
2023-08-29 11:43:57,018 [INFO] PluginManager:220 - loadIPPluginJar : add gfxmmu
2023-08-29 11:43:57,020 [INFO] IPUIPlugin:80 - create IPUIPlugin
2023-08-29 11:43:57,020 [INFO] PluginManager:220 - loadIPPluginJar : add spi
2023-08-29 11:43:57,021 [INFO] IPUIPlugin:80 - create IPUIPlugin
2023-08-29 11:43:57,021 [INFO] PluginManager:220 - loadIPPluginJar : add tracer_emb
2023-08-29 11:43:57,024 [INFO] IPUIPlugin:80 - create IPUIPlugin
2023-08-29 11:43:57,024 [INFO] PluginManager:220 - loadIPPluginJar : add dma
2023-08-29 11:43:57,027 [INFO] IPUIPlugin:80 - create IPUIPlugin
2023-08-29 11:43:57,027 [INFO] PluginManager:220 - loadIPPluginJar : add gic
2023-08-29 11:43:57,028 [INFO] IPUIPlugin:80 - create IPUIPlugin
2023-08-29 11:43:57,028 [INFO] PluginManager:220 - loadIPPluginJar : add opamp
2023-08-29 11:43:57,030 [INFO] IPUIPlugin:80 - create IPUIPlugin
2023-08-29 11:43:57,030 [INFO] PluginManager:220 - loadIPPluginJar : add gpio
2023-08-29 11:43:57,034 [INFO] IPUIPlugin:80 - create IPUIPlugin
2023-08-29 11:43:57,036 [INFO] PluginManager:220 - loadIPPluginJar : add plateformsettings
2023-08-29 11:43:57,036 [INFO] IPUIPlugin:80 - create IPUIPlugin
2023-08-29 11:43:57,036 [INFO] PluginManager:220 - loadIPPluginJar : add ltdc
2023-08-29 11:43:57,040 [INFO] IPUIPlugin:80 - create IPUIPlugin
2023-08-29 11:43:57,040 [INFO] PluginManager:220 - loadIPPluginJar : add linkedlist
2023-08-29 11:43:57,042 [INFO] IPUIPlugin:80 - create IPUIPlugin
2023-08-29 11:43:57,042 [INFO] PluginManager:220 - loadIPPluginJar : add resmgrutility
2023-08-29 11:43:57,043 [INFO] IPUIPlugin:80 - create IPUIPlugin
2023-08-29 11:43:57,044 [INFO] PluginManager:220 - loadIPPluginJar : add openamp
2023-08-29 11:43:57,045 [INFO] IPUIPlugin:80 - create IPUIPlugin
2023-08-29 11:43:57,046 [INFO] PluginManager:220 - loadIPPluginJar : add nvic
2023-08-29 11:43:57,047 [INFO] IPUIPlugin:80 - create IPUIPlugin
2023-08-29 11:43:57,047 [INFO] PluginManager:220 - loadIPPluginJar : add usart
2023-08-29 11:43:57,048 [INFO] IPUIPlugin:80 - create IPUIPlugin
2023-08-29 11:43:57,048 [INFO] PluginManager:220 - loadIPPluginJar : add pdm2pcm
2023-08-29 11:43:57,049 [INFO] IPUIPlugin:80 - create IPUIPlugin
2023-08-29 11:43:57,050 [INFO] PluginManager:220 - loadIPPluginJar : add dma3
2023-08-29 11:43:57,051 [INFO] IPUIPlugin:80 - create IPUIPlugin
2023-08-29 11:43:57,051 [INFO] PluginManager:220 - loadIPPluginJar : add aes
2023-08-29 11:43:57,052 [INFO] IPUIPlugin:80 - create IPUIPlugin
2023-08-29 11:43:57,052 [INFO] PluginManager:220 - loadIPPluginJar : add hash
2023-08-29 11:43:57,053 [INFO] IPUIPlugin:80 - create IPUIPlugin
2023-08-29 11:43:57,053 [INFO] PluginManager:220 - loadIPPluginJar : add quadspi
2023-08-29 11:43:57,146 [INFO] CADModel:165 - CPN selected for project level
2023-08-29 11:43:57,147 [INFO] CADModel:114 - Register for checkConnection events
2023-08-29 11:43:57,147 [FATAL] Updater:308 - Updater called before beeing initialized
2023-08-29 11:43:57,148 [ERROR] CADModel:125 - Updater not yet initialized, retry later 
2023-08-29 11:43:57,257 [INFO] CADModel:165 - CPN selected for project level
2023-08-29 11:43:57,257 [INFO] CADModel:114 - Register for checkConnection events
2023-08-29 11:43:57,257 [FATAL] Updater:308 - Updater called before beeing initialized
2023-08-29 11:43:57,257 [ERROR] CADModel:125 - Updater not yet initialized, retry later 
2023-08-29 11:43:57,263 [FATAL] Updater:308 - Updater called before beeing initialized
2023-08-29 11:43:57,325 [FATAL] Updater:308 - Updater called before beeing initialized
2023-08-29 11:43:57,329 [INFO] DbMcusAds:53 - JSON generation date=Thu Sep 30 16:55:09 AEST 2021 (1632984909247)
2023-08-29 11:43:57,330 [FATAL] Updater:308 - Updater called before beeing initialized
2023-08-29 11:43:57,358 [WARN] DetailPanel:346 - Failed to get advertising image, set to default
2023-08-29 11:43:57,445 [FATAL] Updater:308 - Updater called before beeing initialized
2023-08-29 11:43:57,446 [FATAL] Updater:308 - Updater called before beeing initialized
2023-08-29 11:43:57,446 [FATAL] Updater:308 - Updater called before beeing initialized
2023-08-29 11:43:57,446 [WARN] DetailPanel:346 - Failed to get advertising image, set to default
2023-08-29 11:43:57,447 [FATAL] Updater:308 - Updater called before beeing initialized
2023-08-29 11:43:57,470 [ERROR] Updater:1120 - MainUpdater not yet initialized. External WinMGr cannot be set.
2023-08-29 11:43:57,471 [INFO] Updater:1056 - Updater Version found : 6.9.0
2023-08-29 11:43:57,484 [INFO] ApplicationProperties:184 - Using Application install path: /opt/st/stm32cubeide_1.13.0/plugins/com.st.stm32cube.common.mx_6.9.0.202307051724
2023-08-29 11:43:57,571 [INFO] MainUpdater:2868 - connection check result : 10
2023-08-29 11:43:57,571 [INFO] MainUpdater:285 - Updater Check For Update Now.
2023-08-29 11:43:57,571 [INFO] MicroXplorer:498 - Change Database Version : DB.6.0.90
2023-08-29 11:43:57,575 [INFO] McuFinderGlobals:63 - Set McuFinder mode to 2 (CubeIDE integrated)
2023-08-29 11:43:57,575 [INFO] UserAuth:179 - activating auth plugin
2023-08-29 11:43:57,578 [INFO] UserAuth:393 - Internet connection configuration mode: 1
2023-08-29 11:43:57,589 [INFO] JxBrowserEngine:151 - Initiate JxBrowser Engine with user profile folder
2023-08-29 11:43:57,699 [INFO] CheckServerUpdateThread:120 - End of CheckServer Thread
2023-08-29 11:43:58,119 [INFO] WebApp:157 - Instantiating new browser for Auth
2023-08-29 11:43:58,470 [INFO] WebApp:753 - Register for checkConnection events
2023-08-29 11:43:58,471 [INFO] WebApp:390 - Apply proxy settings
2023-08-29 11:43:58,471 [INFO] WebApp:475 - Chromium requires no authentication
2023-08-29 11:43:58,473 [INFO] WebApp:418 - Direct internet connection detected
2023-08-29 11:43:58,534 [INFO] WebApp:188 - Starting web application
2023-08-29 11:43:58,534 [INFO] WebApp:520 - Web application path used /opt/st/stm32cubeide_1.13.0/plugins/com.st.stm32cube.common.mx_6.9.0.202307051724/db/plugins/mcufinder/reactClient1/index.html
2023-08-29 11:43:59,697 [WARN] PackLoader:240 - Cannot read IP mode file for STMicroelectronics.X-CUBE-SMBUS.2.1.0
2023-08-29 11:43:59,708 [WARN] PackLoader:240 - Cannot read IP mode file for STMicroelectronics.X-CUBE-AZRTOS-F7.1.1.0
2023-08-29 11:43:59,713 [WARN] PackLoader:240 - Cannot read IP mode file for STMicroelectronics.FP-SNS-MOTENV1.4.3.2
2023-08-29 11:43:59,717 [WARN] PackLoader:240 - Cannot read IP mode file for STMicroelectronics.X-CUBE-BLE1.6.2.4
2023-08-29 11:43:59,720 [WARN] PackLoader:240 - Cannot read IP mode file for STMicroelectronics.X-CUBE-DISPLAY.3.0.0
2023-08-29 11:43:59,725 [WARN] PackLoader:240 - Cannot read IP mode file for STMicroelectronics.X-CUBE-BLE1.7.0.0
2023-08-29 11:43:59,729 [WARN] PackLoader:240 - Cannot read IP mode file for emotas.I-CUBE-CANOPEN.1.3.0
2023-08-29 11:43:59,732 [WARN] PackLoader:240 - Cannot read IP mode file for STMicroelectronics.X-CUBE-TOUCHGFX.4.22.0
2023-08-29 11:43:59,739 [INFO] LogOutputStream:77 - [STDOUT_REDIRECT] 1 : Invalid condition id : UX_CORESTACK_Condition cause : null
2023-08-29 11:43:59,739 [INFO] LogOutputStream:77 - [STDOUT_REDIRECT] 1 : Invalid condition id : UX_CORESTACK_Condition cause : null
2023-08-29 11:43:59,740 [INFO] LogOutputStream:77 - [STDOUT_REDIRECT] 1 : Invalid condition id : UX_CORESTACK_Condition cause : null
2023-08-29 11:43:59,740 [INFO] LogOutputStream:77 - [STDOUT_REDIRECT] 1 : Invalid condition id : UX_CORESTACK_Condition cause : null
2023-08-29 11:43:59,740 [INFO] LogOutputStream:77 - [STDOUT_REDIRECT] 1 : Invalid condition id : UX_CORESTACK_Condition cause : null
2023-08-29 11:43:59,743 [WARN] PackLoader:240 - Cannot read IP mode file for STMicroelectronics.X-CUBE-AZRTOS-WL.2.0.0
2023-08-29 11:43:59,750 [WARN] PackLoader:240 - Cannot read IP mode file for WES.I-CUBE-Cesium.1.3.0
2023-08-29 11:43:59,753 [WARN] PackLoader:240 - Cannot read IP mode file for STMicroelectronics.X-CUBE-BLE2.3.3.0
2023-08-29 11:43:59,757 [WARN] PackLoader:240 - Cannot read IP mode file for STMicroelectronics.X-CUBE-ALGOBUILD.1.3.0
2023-08-29 11:43:59,769 [WARN] PackLoader:240 - Cannot read IP mode file for STMicroelectronics.X-CUBE-AZRTOS-G0.1.1.0
2023-08-29 11:43:59,775 [WARN] PackLoader:240 - Cannot read IP mode file for STMicroelectronics.X-CUBE-NFC4.3.0.0
2023-08-29 11:43:59,778 [WARN] PackLoader:240 - Cannot read IP mode file for STMicroelectronics.FP-ATR-SIGFOX1.3.2.0
2023-08-29 11:43:59,803 [WARN] PackLoader:240 - Cannot read IP mode file for SEGGER.I-CUBE-embOS.1.3.1
2023-08-29 11:43:59,833 [WARN] PackLoader:240 - Cannot read IP mode file for STMicroelectronics.X-CUBE-GNSS1.6.0.0
2023-08-29 11:43:59,848 [WARN] PackLoader:240 - Cannot read IP mode file for STMicroelectronics.X-CUBE-AZRTOS-F4.1.1.0
2023-08-29 11:43:59,853 [WARN] PackLoader:240 - Cannot read IP mode file for wolfSSL.I-CUBE-wolfSSL.5.6.3
2023-08-29 11:43:59,865 [WARN] PackLoader:240 - Cannot read IP mode file for STMicroelectronics.X-CUBE-AZRTOS-L5.2.0.0
2023-08-29 11:43:59,906 [WARN] PackLoader:240 - Cannot read IP mode file for STMicroelectronics.X-CUBE-MEMS1.9.6.0
2023-08-29 11:44:00,026 [WARN] PackLoader:240 - Cannot read IP mode file for STMicroelectronics.X-CUBE-BLEMGR.2.0.0
2023-08-29 11:44:00,037 [WARN] ConditionMgr:438 - getConditionDescription Invalid condition id : UX DEVICE CLASS RTOS Condition cause : null
2023-08-29 11:44:00,037 [WARN] ConditionMgr:438 - getConditionDescription Invalid condition id : UX DEVICE CLASS RTOS Condition cause : null
2023-08-29 11:44:00,039 [WARN] PackLoader:240 - Cannot read IP mode file for STMicroelectronics.X-CUBE-AZRTOS-H7.3.1.0
2023-08-29 11:44:00,040 [WARN] ConditionMgr:1039 - genDependencies : Invalid condition id : UX DEVICE CLASS RTOS Condition cause : null
2023-08-29 11:44:00,040 [WARN] ConditionMgr:1039 - genDependencies : Invalid condition id : UX DEVICE CLASS RTOS Condition cause : null
2023-08-29 11:44:00,041 [WARN] ConditionMgr:1039 - genDependencies : Invalid condition id : UX DEVICE CLASS RTOS Condition cause : null
2023-08-29 11:44:00,041 [WARN] ConditionMgr:1039 - genDependencies : Invalid condition id : UX DEVICE CLASS RTOS Condition cause : null
2023-08-29 11:44:00,041 [WARN] ConditionMgr:1039 - genDependencies : Invalid condition id : UX DEVICE CLASS RTOS Condition cause : null
2023-08-29 11:44:00,045 [WARN] PackLoader:240 - Cannot read IP mode file for STMicroelectronics.X-CUBE-NFC7.1.0.1
2023-08-29 11:44:00,049 [WARN] PackLoader:240 - Cannot read IP mode file for STMicroelectronics.X-CUBE-EEPRMA1.4.1.0
2023-08-29 11:44:00,051 [WARN] PackLoader:240 - Cannot read IP mode file for STMicroelectronics.X-CUBE-AI.8.1.0
2023-08-29 11:44:00,061 [WARN] ConditionMgr:438 - getConditionDescription Invalid condition id : LAN8742 Phy interface Condition cause : null
2023-08-29 11:44:00,061 [WARN] PackLoader:240 - Cannot read IP mode file for STMicroelectronics.X-CUBE-AZRTOS-L4.2.0.0
2023-08-29 11:44:00,062 [WARN] ConditionMgr:1039 - genDependencies : Invalid condition id : LAN8742 Phy interface Condition cause : null
2023-08-29 11:44:00,062 [WARN] ConditionMgr:1039 - genDependencies : Invalid condition id : LAN8742 Phy interface Condition cause : null
2023-08-29 11:44:00,063 [WARN] ConditionMgr:1039 - genDependencies : Invalid condition id : LAN8742 Phy interface Condition cause : null
2023-08-29 11:44:00,068 [WARN] PackLoader:240 - Cannot read IP mode file for STMicroelectronics.X-CUBE-SFXS2LP1.4.0.0
2023-08-29 11:44:00,071 [WARN] PackLoader:240 - Cannot read IP mode file for STMicroelectronics.X-CUBE-ISPU.1.1.0
2023-08-29 11:44:00,078 [WARN] ConditionMgr:438 - getConditionDescription Invalid condition id : UX DEVICE CLASS RTOS Condition cause : null
2023-08-29 11:44:00,078 [WARN] ConditionMgr:438 - getConditionDescription Invalid condition id : UX DEVICE CLASS RTOS Condition cause : null
2023-08-29 11:44:00,080 [WARN] PackLoader:240 - Cannot read IP mode file for STMicroelectronics.X-CUBE-AZRTOS-WB.2.0.0
2023-08-29 11:44:00,080 [WARN] ConditionMgr:1039 - genDependencies : Invalid condition id : UX DEVICE CLASS RTOS Condition cause : null
2023-08-29 11:44:00,080 [WARN] ConditionMgr:1039 - genDependencies : Invalid condition id : UX DEVICE CLASS RTOS Condition cause : null
2023-08-29 11:44:00,081 [WARN] ConditionMgr:1039 - genDependencies : Invalid condition id : UX DEVICE CLASS RTOS Condition cause : null
2023-08-29 11:44:00,081 [WARN] ConditionMgr:1039 - genDependencies : Invalid condition id : UX DEVICE CLASS RTOS Condition cause : null
2023-08-29 11:44:00,081 [WARN] ConditionMgr:1039 - genDependencies : Invalid condition id : UX DEVICE CLASS RTOS Condition cause : null
2023-08-29 11:44:00,084 [WARN] PackLoader:240 - Cannot read IP mode file for STMicroelectronics.X-CUBE-FREERTOS.1.0.1
2023-08-29 11:44:00,086 [WARN] PackLoader:240 - Cannot read IP mode file for STMicroelectronics.X-CUBE-AI.8.0.1
2023-08-29 11:44:00,092 [WARN] PackLoader:240 - Cannot read IP mode file for STMicroelectronics.X-CUBE-SUBG2.5.0.0
2023-08-29 11:44:00,104 [WARN] PackLoader:240 - Cannot read IP mode file for STMicroelectronics.X-CUBE-TOF1.3.3.1
2023-08-29 11:44:00,118 [WARN] PackLoader:240 - Cannot read IP mode file for STMicroelectronics.X-CUBE-AZRTOS-G4.2.0.0
2023-08-29 11:44:00,122 [WARN] PackLoader:240 - Cannot read IP mode file for STMicroelectronics.X-CUBE-FREERTOS.1.1.0
2023-08-29 11:44:00,126 [WARN] PackLoader:240 - Cannot read IP mode file for portGmbH.I-Cube-SoM-uGOAL.1.1.0
2023-08-29 11:44:00,128 [WARN] PackLoader:240 - Cannot read IP mode file for STMicroelectronics.X-CUBE-ALS.1.0.1
2023-08-29 11:44:00,134 [WARN] PackLoader:240 - Cannot read IP mode file for STMicroelectronics.FP-ATR-ASTRA1.2.0.0
2023-08-29 11:44:00,135 [INFO] ThirdParty:978 - Integrity check success = true
2023-08-29 11:44:00,135 [INFO] IntegrityCheckThread:100 - exiting critical section [integrity check]
2023-08-29 11:44:00,135 [INFO] IntegrityCheckThread:103 - End integrity checks thread
2023-08-29 11:44:18,762 [ERROR] LogOutputStream:75 - [STDERR_REDIRECT] SLF4J: Failed to load class "org.slf4j.impl.StaticLoggerBinder".
2023-08-29 11:44:18,762 [ERROR] LogOutputStream:75 - [STDERR_REDIRECT] SLF4J: Defaulting to no-operation (NOP) logger implementation
2023-08-29 11:44:18,762 [ERROR] LogOutputStream:75 - [STDERR_REDIRECT] SLF4J: See http://www.slf4j.org/codes.html#StaticLoggerBinder for further details.
2023-08-29 11:48:58,508 [INFO] McuFinderGlobals:63 - Set McuFinder mode to 2 (CubeIDE integrated)
2023-08-29 11:48:58,510 [INFO] MainUpdater:2868 - connection check result : 10
2023-08-29 11:48:58,511 [INFO] MainUpdater:2868 - connection check result : 10
2023-08-29 11:48:58,541 [INFO] MicroXplorer:468 - Change Database Path : 
2023-08-29 11:48:58,541 [INFO] MicroXplorer:498 - Change Database Version : DB.6.0.90
2023-08-29 11:48:58,543 [WARN] ThirdParty:871 - waiting for thirdparty lock release [close project]
2023-08-29 11:48:58,543 [INFO] ThirdParty:873 - entering critical section [close project]
2023-08-29 11:48:58,544 [INFO] ThirdParty:883 - exiting critical section [close project]
2023-08-29 11:48:58,544 [INFO] PinOutPanel:1499 - setPackage(No Configuration,No Configuration)
2023-08-29 11:48:58,547 [INFO] UtilMem:75 - Begin LoadConfig() Used Memory: 472540512 Bytes (783286272)
2023-08-29 11:48:58,548 [INFO] MicroXplorer:468 - Change Database Path : 
2023-08-29 11:48:58,548 [INFO] MicroXplorer:498 - Change Database Version : DB.6.0.90
2023-08-29 11:48:58,548 [INFO] OpenFileManager:308 - Change cursor
2023-08-29 11:48:58,561 [INFO] Mcu:1946 - Initializing MCU STM32H723ZGTx STM32H723ZGTx STM32H723ZGT6
2023-08-29 11:49:00,204 [INFO] ApiDbIP:1709 - IP GPIO STM32H72_gpio_v1_0 refparameter PinAttribute is referenced in RefMode but not declared as Refparameter
2023-08-29 11:49:00,205 [ERROR] LogOutputStream:75 - [STDERR_REDIRECT] com.st.microxplorer.db.DbException: IP GPIO STM32H72_gpio_v1_0 refparameter referenced in RefMode but not declared as Refparameter 
2023-08-29 11:49:00,205 [ERROR] LogOutputStream:75 - [STDERR_REDIRECT] 	at com.st.microxplorer.db.ApiDbIP.getRefModes(ApiDbIP.java:1711)
2023-08-29 11:49:00,205 [ERROR] LogOutputStream:75 - [STDERR_REDIRECT] 	at com.st.microxplorer.db.ApiDbIP.getGpioService_from_IPModes(ApiDbIP.java:890)
2023-08-29 11:49:00,205 [ERROR] LogOutputStream:75 - [STDERR_REDIRECT] 	at com.st.microxplorer.db.ApiDbIP.load_IpModesDb(ApiDbIP.java:231)
2023-08-29 11:49:00,205 [ERROR] LogOutputStream:75 - [STDERR_REDIRECT] 	at com.st.microxplorer.db.ApiDbMcu.initMcu(ApiDbMcu.java:284)
2023-08-29 11:49:00,205 [ERROR] LogOutputStream:75 - [STDERR_REDIRECT] 	at com.st.microxplorer.mcu.Mcu.swingWorkerInitMcu(Mcu.java:1004)
2023-08-29 11:49:00,205 [ERROR] LogOutputStream:75 - [STDERR_REDIRECT] 	at com.st.microxplorer.util.ProcessBarDialog.performAction(ProcessBarDialog.java:89)
2023-08-29 11:49:00,206 [ERROR] LogOutputStream:75 - [STDERR_REDIRECT] 	at com.st.microxplorer.util.ProcessBarDialog.doAction(ProcessBarDialog.java:142)
2023-08-29 11:49:00,206 [ERROR] LogOutputStream:75 - [STDERR_REDIRECT] 	at com.st.microxplorer.mcu.Mcu.initMcu(Mcu.java:993)
2023-08-29 11:49:00,206 [ERROR] LogOutputStream:75 - [STDERR_REDIRECT] 	at com.st.microxplorer.mcu.Mcu.initializeNewMcu(Mcu.java:1966)
2023-08-29 11:49:00,206 [ERROR] LogOutputStream:75 - [STDERR_REDIRECT] 	at com.st.microxplorer.mxsystem.ProjectFactory.swingWorkerLoad(ProjectFactory.java:409)
2023-08-29 11:49:00,206 [ERROR] LogOutputStream:75 - [STDERR_REDIRECT] 	at com.st.microxplorer.util.ProcessBarDialog.performAction(ProcessBarDialog.java:86)
2023-08-29 11:49:00,206 [ERROR] LogOutputStream:75 - [STDERR_REDIRECT] 	at com.st.microxplorer.util.ProcessBarDialog$1.doInBackground(ProcessBarDialog.java:157)
2023-08-29 11:49:00,206 [ERROR] LogOutputStream:75 - [STDERR_REDIRECT] 	at com.st.microxplorer.util.ProcessBarDialog$1.doInBackground(ProcessBarDialog.java:154)
2023-08-29 11:49:00,206 [ERROR] LogOutputStream:75 - [STDERR_REDIRECT] 	at java.desktop/javax.swing.SwingWorker$1.call(SwingWorker.java:304)
2023-08-29 11:49:00,206 [ERROR] LogOutputStream:75 - [STDERR_REDIRECT] 	at java.base/java.util.concurrent.FutureTask.run(FutureTask.java:264)
2023-08-29 11:49:00,207 [ERROR] LogOutputStream:75 - [STDERR_REDIRECT] 	at java.desktop/javax.swing.SwingWorker.run(SwingWorker.java:343)
2023-08-29 11:49:00,207 [ERROR] LogOutputStream:75 - [STDERR_REDIRECT] 	at java.base/java.util.concurrent.ThreadPoolExecutor.runWorker(ThreadPoolExecutor.java:1136)
2023-08-29 11:49:00,207 [ERROR] LogOutputStream:75 - [STDERR_REDIRECT] 	at java.base/java.util.concurrent.ThreadPoolExecutor$Worker.run(ThreadPoolExecutor.java:635)
2023-08-29 11:49:00,207 [ERROR] LogOutputStream:75 - [STDERR_REDIRECT] 	at java.base/java.lang.Thread.run(Thread.java:833)
2023-08-29 11:49:00,207 [INFO] Context:659 - Trying to add GPIOservice into a context  which must be forbidden
2023-08-29 11:49:01,027 [INFO] RtosManager:555 - Registered RTOS mode: class=CMSIS, group=RTOS, mode=CMSIS_V1, owner=FREERTOS
2023-08-29 11:49:01,028 [INFO] RtosManager:555 - Registered RTOS mode: class=CMSIS, group=RTOS2, mode=CMSIS_V2, owner=FREERTOS
2023-08-29 11:49:01,028 [INFO] RtosManager:555 - Registered RTOS mode: class=RTOS, group=Core, mode=CMSIS_V1, owner=FREERTOS
2023-08-29 11:49:01,028 [INFO] RtosManager:555 - Registered RTOS mode: class=RTOS, group=Core, mode=CMSIS_V2, owner=FREERTOS
2023-08-29 11:49:01,028 [WARN] ModelIntegratedComponent:184 - Missing modes for component STMicroelectronics:FreeRTOS:0.0.1:STMicroelectronics:RTOS:FreeRTOS:Core:::10.2.0:
2023-08-29 11:49:01,030 [WARN] ModelIntegratedComponent:182 - Modes not found for component STMicroelectronics:USB_HOST:1.0.0:STMicroelectronics:USB::USB Host:Audio FS::1.0:USB_HOST_1_0_RESTRICTED_FS
2023-08-29 11:49:01,030 [WARN] ModelIntegratedComponent:188 - Modes not found for component STMicroelectronics:USB_HOST:1.0.0:STMicroelectronics:USB::USB Host:Audio FS::1.0:USB_HOST_1_0_RESTRICTED_FS
2023-08-29 11:49:01,030 [WARN] ModelIntegratedComponent:182 - Modes not found for component STMicroelectronics:USB_HOST:1.0.0:STMicroelectronics:USB::USB Host:CDC FS::1.0:USB_HOST_1_0_RESTRICTED_FS
2023-08-29 11:49:01,030 [WARN] ModelIntegratedComponent:188 - Modes not found for component STMicroelectronics:USB_HOST:1.0.0:STMicroelectronics:USB::USB Host:CDC FS::1.0:USB_HOST_1_0_RESTRICTED_FS
2023-08-29 11:49:01,030 [WARN] ModelIntegratedComponent:182 - Modes not found for component STMicroelectronics:USB_HOST:1.0.0:STMicroelectronics:USB::USB Host:MSC FS::1.0:USB_HOST_1_0_RESTRICTED_FS
2023-08-29 11:49:01,030 [WARN] ModelIntegratedComponent:188 - Modes not found for component STMicroelectronics:USB_HOST:1.0.0:STMicroelectronics:USB::USB Host:MSC FS::1.0:USB_HOST_1_0_RESTRICTED_FS
2023-08-29 11:49:01,030 [WARN] ModelIntegratedComponent:182 - Modes not found for component STMicroelectronics:USB_HOST:1.0.0:STMicroelectronics:USB::USB Host:HID FS::1.0:USB_HOST_1_0_RESTRICTED_FS
2023-08-29 11:49:01,030 [WARN] ModelIntegratedComponent:188 - Modes not found for component STMicroelectronics:USB_HOST:1.0.0:STMicroelectronics:USB::USB Host:HID FS::1.0:USB_HOST_1_0_RESTRICTED_FS
2023-08-29 11:49:01,030 [WARN] ModelIntegratedComponent:182 - Modes not found for component STMicroelectronics:USB_HOST:1.0.0:STMicroelectronics:USB::USB Host:MTP FS::1.0:USB_HOST_1_0_RESTRICTED_FS
2023-08-29 11:49:01,030 [WARN] ModelIntegratedComponent:188 - Modes not found for component STMicroelectronics:USB_HOST:1.0.0:STMicroelectronics:USB::USB Host:MTP FS::1.0:USB_HOST_1_0_RESTRICTED_FS
2023-08-29 11:49:01,033 [WARN] ModelIntegratedComponent:63 - No mode defined for component null
2023-08-29 11:49:01,033 [WARN] ModelIntegratedComponent:63 - No mode defined for component null
2023-08-29 11:49:01,033 [WARN] ModelIntegratedComponent:63 - No mode defined for component null
2023-08-29 11:49:01,033 [WARN] ModelIntegratedComponent:63 - No mode defined for component null
2023-08-29 11:49:01,033 [WARN] ModelIntegratedComponent:63 - No mode defined for component null
2023-08-29 11:49:01,033 [WARN] ModelIntegratedComponent:63 - No mode defined for component null
2023-08-29 11:49:01,033 [WARN] ModelIntegratedComponent:63 - No mode defined for component null
2023-08-29 11:49:01,033 [WARN] ModelIntegratedComponent:63 - No mode defined for component null
2023-08-29 11:49:01,033 [WARN] ModelIntegratedComponent:63 - No mode defined for component null
2023-08-29 11:49:01,033 [WARN] ModelIntegratedComponent:63 - No mode defined for component null
2023-08-29 11:49:01,033 [WARN] ModelIntegratedComponent:63 - No mode defined for component null
2023-08-29 11:49:01,033 [WARN] ModelIntegratedComponent:63 - No mode defined for component null
2023-08-29 11:49:01,033 [WARN] ModelIntegratedComponent:63 - No mode defined for component null
2023-08-29 11:49:01,033 [WARN] ModelIntegratedComponent:63 - No mode defined for component null
2023-08-29 11:49:01,033 [WARN] ModelIntegratedComponent:63 - No mode defined for component null
2023-08-29 11:49:01,033 [WARN] ModelIntegratedComponent:63 - No mode defined for component null
2023-08-29 11:49:01,033 [WARN] ModelIntegratedComponent:63 - No mode defined for component null
2023-08-29 11:49:01,033 [WARN] ModelIntegratedComponent:63 - No mode defined for component null
2023-08-29 11:49:01,033 [WARN] ModelIntegratedComponent:63 - No mode defined for component null
2023-08-29 11:49:01,033 [WARN] ModelIntegratedComponent:63 - No mode defined for component null
2023-08-29 11:49:01,033 [WARN] ModelIntegratedComponent:63 - No mode defined for component null
2023-08-29 11:49:01,033 [WARN] ModelIntegratedComponent:63 - No mode defined for component null
2023-08-29 11:49:01,033 [WARN] ModelIntegratedComponent:63 - No mode defined for component null
2023-08-29 11:49:01,033 [WARN] ModelIntegratedComponent:63 - No mode defined for component null
2023-08-29 11:49:01,033 [WARN] ModelIntegratedComponent:63 - No mode defined for component null
2023-08-29 11:49:01,033 [WARN] ModelIntegratedComponent:63 - No mode defined for component null
2023-08-29 11:49:01,033 [WARN] ModelIntegratedComponent:63 - No mode defined for component null
2023-08-29 11:49:01,033 [WARN] ModelIntegratedComponent:63 - No mode defined for component null
2023-08-29 11:49:01,033 [WARN] ModelIntegratedComponent:63 - No mode defined for component null
2023-08-29 11:49:01,033 [WARN] ModelIntegratedComponent:63 - No mode defined for component null
2023-08-29 11:49:01,033 [WARN] ModelIntegratedComponent:63 - No mode defined for component null
2023-08-29 11:49:01,033 [WARN] ModelIntegratedComponent:63 - No mode defined for component null
2023-08-29 11:49:01,033 [WARN] ModelIntegratedComponent:63 - No mode defined for component null
2023-08-29 11:49:01,037 [WARN] ModelIntegratedComponent:182 - Modes not found for component STMicroelectronics:USB_DEVICE:1.0.0:STMicroelectronics:USB::USB Device:Audio FS::1.0:USB_DEVICE_1_0_RESTRICTED_FS
2023-08-29 11:49:01,037 [WARN] ModelIntegratedComponent:188 - Modes not found for component STMicroelectronics:USB_DEVICE:1.0.0:STMicroelectronics:USB::USB Device:Audio FS::1.0:USB_DEVICE_1_0_RESTRICTED_FS
2023-08-29 11:49:01,037 [WARN] ModelIntegratedComponent:182 - Modes not found for component STMicroelectronics:USB_DEVICE:1.0.0:STMicroelectronics:USB::USB Device:CDC FS::1.0:USB_DEVICE_1_0_RESTRICTED_FS
2023-08-29 11:49:01,037 [WARN] ModelIntegratedComponent:188 - Modes not found for component STMicroelectronics:USB_DEVICE:1.0.0:STMicroelectronics:USB::USB Device:CDC FS::1.0:USB_DEVICE_1_0_RESTRICTED_FS
2023-08-29 11:49:01,037 [WARN] ModelIntegratedComponent:182 - Modes not found for component STMicroelectronics:USB_DEVICE:1.0.0:STMicroelectronics:USB::USB Device:DFU FS::1.0:USB_DEVICE_1_0_RESTRICTED_FS
2023-08-29 11:49:01,037 [WARN] ModelIntegratedComponent:188 - Modes not found for component STMicroelectronics:USB_DEVICE:1.0.0:STMicroelectronics:USB::USB Device:DFU FS::1.0:USB_DEVICE_1_0_RESTRICTED_FS
2023-08-29 11:49:01,037 [WARN] ModelIntegratedComponent:182 - Modes not found for component STMicroelectronics:USB_DEVICE:1.0.0:STMicroelectronics:USB::USB Device:HID FS::1.0:USB_DEVICE_1_0_RESTRICTED_FS
2023-08-29 11:49:01,037 [WARN] ModelIntegratedComponent:188 - Modes not found for component STMicroelectronics:USB_DEVICE:1.0.0:STMicroelectronics:USB::USB Device:HID FS::1.0:USB_DEVICE_1_0_RESTRICTED_FS
2023-08-29 11:49:01,038 [WARN] ModelIntegratedComponent:182 - Modes not found for component STMicroelectronics:USB_DEVICE:1.0.0:STMicroelectronics:USB::USB Device:Custom HID FS::1.0:USB_DEVICE_1_0_RESTRICTED_FS
2023-08-29 11:49:01,038 [WARN] ModelIntegratedComponent:188 - Modes not found for component STMicroelectronics:USB_DEVICE:1.0.0:STMicroelectronics:USB::USB Device:Custom HID FS::1.0:USB_DEVICE_1_0_RESTRICTED_FS
2023-08-29 11:49:01,038 [WARN] ModelIntegratedComponent:182 - Modes not found for component STMicroelectronics:USB_DEVICE:1.0.0:STMicroelectronics:USB::USB Device:MSC FS::1.0:USB_DEVICE_1_0_RESTRICTED_FS
2023-08-29 11:49:01,038 [WARN] ModelIntegratedComponent:188 - Modes not found for component STMicroelectronics:USB_DEVICE:1.0.0:STMicroelectronics:USB::USB Device:MSC FS::1.0:USB_DEVICE_1_0_RESTRICTED_FS
2023-08-29 11:49:01,045 [INFO] ThirdPartyModel:298 - Start build external matchings
2023-08-29 11:49:01,206 [INFO] ThirdPartyModel:316 - End build external matchings
2023-08-29 11:49:01,215 [INFO] ImportTextPane:194 - (OptionalMessage_ERROR) IP (RCC) : Invalid parameter (FamilyName)
2023-08-29 11:49:01,457 [INFO] UtilMem:75 - End LoadConfig() Used Memory: 505770864 Bytes (1073741824)
2023-08-29 11:49:01,530 [INFO] ApiDb:581 - Connected to CubeFinder SQLite database (/home/clayton/.stmcufinder/plugins/mcufinder/mcu/cube-finder-db.db)
2023-08-29 11:49:01,566 [INFO] ApiDb:668 - CubeFinder database Data Model version=2.1
2023-08-29 11:49:01,566 [INFO] ApiDb:669 - CubeFinder database Configuration version=3.0.35
2023-08-29 11:49:01,566 [INFO] ApiDb:670 - CubeFinder database generation date=2023-02-21 (1676964986)
2023-08-29 11:49:01,566 [INFO] ApiDb:671 - CubeFinder database FW Pack versions=[FP-ATR-ASTRA1_V1.1.1, STM32Cube_FW_C0_V1.0.1, STM32Cube_FW_F0_V1.11.4, STM32Cube_FW_F3_V1.11.4, STM32Cube_FW_F4_V1.27.1, STM32Cube_FW_F7_V1.17.0, STM32Cube_FW_G0_V1.6.1, STM32Cube_FW_G4_V1.5.1, STM32Cube_FW_H5_V0.5.1, STM32Cube_FW_H5_V1.0.0, STM32Cube_FW_H7_V1.11.0, STM32Cube_FW_L0_V1.12.2, STM32Cube_FW_L5_V1.5.0, STM32Cube_FW_U5_V1.2.0, STM32Cube_FW_WBA_V1.0.0, STM32Cube_FW_WBA_V1.0.0RC1, STM32Cube_FW_WBA_V1.0.0RC3, STM32Cube_FW_WB_V1.15.0RC1, STM32Cube_FW_WB_V1.16.0, STM32Cube_FW_WB_V1.16.0RC2, STM32Cube_FW_WL_V1.3.0, X-CUBE-ALGOBUILD_V1.3.0, X-CUBE-ALS_V1.0.1, X-CUBE-AZRTOS-F4_V1.1.0, X-CUBE-AZRTOS-F7_V1.1.0, X-CUBE-AZRTOS-G0_V1.1.0, X-CUBE-AZRTOS-G4_V1.0.0, X-CUBE-AZRTOS-H7_V3.0.0, X-CUBE-AZRTOS-L4_V1.0.0, X-CUBE-AZRTOS-L5_V1.1.0, X-CUBE-AZRTOS-WB_V1.1.0, X-CUBE-AZRTOS-WL_V1.0.0, X-CUBE-BLE1_V6.2.4, X-CUBE-BLE2_V3.3.0, X-CUBE-BLEMGR_V1.3.0, X-CUBE-EEPRMA1_V4.1.0, X-CUBE-GNSS1_V6.0.0, X-CUBE-MEMS1_V9.1.0, X-CUBE-MEMS1_V9.4.0, X-CUBE-MEMS1_V9.5.0, X-CUBE-NFC4_V3.0.0, X-CUBE-NFC7_V1.0.0, X-CUBE-SFXS2LP1_V4.0.0, X-CUBE-SUBG2_V5.0.0]
2023-08-29 11:49:02,522 [ERROR] DbMcusSqlite:536 - Found 1 error(s) while decoding attributes due to database compatibility issues
2023-08-29 11:49:02,523 [ERROR] DbMcusSqlite:538 - SQL statement error: no such column: 'I3C' (3772)
2023-08-29 11:49:02,523 [INFO] ApiDb:240 - Found 323 in-development CPN: [B-G473E-ZEST1S, B-WB1M-WPAN1, B-WL5M-SUBG1, NUCLEO-C031C6, NUCLEO-H503RB, NUCLEO-H563ZI, NUCLEO-U545RE-Q, NUCLEO-U5A5ZJ-Q, NUCLEO-WBA52CG, STEVAL-PROTEUS1, STEVAL-SMARTAG2, STEVAL-STWINBX1, STM320518-EVAL, STM32C0116-DK, STM32C011D6Y3TR, STM32C011D6Y6TR, STM32C011F4P3, STM32C011F4P6, STM32C011F4U3, STM32C011F4U6TR, STM32C011F6P3, STM32C011F6P6, STM32C011F6U3, STM32C011F6U6TR, STM32C011J4M3, STM32C011J4M6, STM32C011J6M3, STM32C011J6M6, STM32C0316-DK, STM32C031C4T3, STM32C031C4T6, STM32C031C4U3, STM32C031C4U6, STM32C031C6T3, STM32C031C6T6, STM32C031C6U3, STM32C031C6U6, STM32C031F4P3, STM32C031F4P6, STM32C031F6P3, STM32C031F6P6, STM32C031G4U3, STM32C031G4U6, STM32C031G6U3, STM32C031G6U6, STM32C031K4T3, STM32C031K4T6, STM32C031K4U3, STM32C031K4U6, STM32C031K6T3, STM32C031K6T6, STM32C031K6U3, STM32C031K6U6, STM32G071K8TXN, STM32G071K8UXN, STM32G081GBU6N, STM32G081KBT6N, STM32G081KBUXN, STM32G0B1CCT6N, STM32G0B1KCT6, STM32G0B1NEY6TR, STM32G0B1RCT6N, STM32G0C1CCT6, STM32G0C1CCT6N, STM32G0C1CCU6N, STM32G0C1CET6N, STM32G0C1CEU6N, STM32G0C1KCT6, STM32G0C1NEY6TR, STM32G0C1RCI6N, STM32G0C1RCT6N, STM32G0C1REI6N, STM32G0C1RET6N, STM32G0C1VCI6, STM32G0C1VEI6, STM32G471CCT6, STM32G471CCU6, STM32G471CET3, STM32G471CET6, STM32G471CEU3, STM32G471CEU6, STM32G471MCT6, STM32G471MET3, STM32G471MET6, STM32G471MEY6TR, STM32G471QCT6, STM32G471QET3, STM32G471RCT6, STM32G471RET3, STM32G471RET6, STM32G471VCH6, STM32G471VCI6, STM32G471VCT6, STM32G471VEH3, STM32G471VEH6, STM32G471VEI3, STM32G471VEI6, STM32G471VET3, STM32G471VET6, STM32G474CCT6, STM32H503CBT6, STM32H503CBU6, STM32H503EBY6TR, STM32H503KBU6, STM32H503RBT6, STM32H562AGI6, STM32H562AII6, STM32H562IGK6, STM32H562IGT6, STM32H562IIK6, STM32H562IIT6, STM32H562RGT6, STM32H562RGV6, STM32H562RIT6, STM32H562RIV6, STM32H562VGT6, STM32H562VIT6, STM32H562ZGT6, STM32H562ZIT6, STM32H563AGI6, STM32H563AII3Q, STM32H563AII6, STM32H563IGK6, STM32H563IGT6, STM32H563IIK3Q, STM32H563IIK6, STM32H563IIT3Q, STM32H563IIT6, STM32H563MIY3QTR, STM32H563RGT6, STM32H563RGV6, STM32H563RIT6, STM32H563RIV6, STM32H563VGT6, STM32H563VIT3Q, STM32H563VIT6, STM32H563ZGT6, STM32H563ZIT3Q, STM32H563ZIT6, STM32H573AII3Q, STM32H573AII6, STM32H573I-DK, STM32H573IIK3Q, STM32H573IIK6, STM32H573IIT3Q, STM32H573IIT6, STM32H573MIY3QTR, STM32H573RIT6, STM32H573RIV6, STM32H573VIT3Q, STM32H573VIT6, STM32H573ZIT3Q, STM32H573ZIT6, STM32L4R5QGI6STR, STM32MP131AAE3, STM32MP131AAF3, STM32MP131AAG3, STM32MP131CAE3, STM32MP131CAF3, STM32MP131CAG3, STM32MP131DAE7, STM32MP131DAF7, STM32MP131DAG7, STM32MP131FAE7, STM32MP131FAF7, STM32MP131FAG7, STM32MP133AAE3, STM32MP133AAF3, STM32MP133AAG3, STM32MP133CAE3, STM32MP133CAF3, STM32MP133CAG3, STM32MP133DAE7, STM32MP133DAF7, STM32MP133DAG7, STM32MP133FAE7, STM32MP133FAF7, STM32MP133FAG7, STM32MP135AAE3, STM32MP135AAF3, STM32MP135AAG3, STM32MP135CAE3, STM32MP135CAF3, STM32MP135CAG3, STM32MP135DAE7, STM32MP135DAF7, STM32MP135DAG7, STM32MP135F-DK, STM32MP135FAE7, STM32MP135FAF7, STM32MP135FAF7T, STM32MP135FAF7U, STM32MP135FAG7, STM32U535CBT6, STM32U535CBT6Q, STM32U535CBU6, STM32U535CBU6Q, STM32U535CCT6, STM32U535CCT6Q, STM32U535CCU6, STM32U535CCU6Q, STM32U535CET6, STM32U535CET6Q, STM32U535CEU6, STM32U535CEU6Q, STM32U535JEY6QTR, STM32U535NCY6QTR, STM32U535NEY6QTR, STM32U535RBI6, STM32U535RBI6Q, STM32U535RBT6, STM32U535RBT6Q, STM32U535RCI6, STM32U535RCI6Q, STM32U535RCT6, STM32U535RCT6Q, STM32U535REI6, STM32U535REI6Q, STM32U535RET6, STM32U535RET6Q, STM32U535VCI6, STM32U535VCI6Q, STM32U535VCT6, STM32U535VCT6Q, STM32U535VEI6, STM32U535VEI6Q, STM32U535VET6, STM32U535VET6Q, STM32U545CET6, STM32U545CET6Q, STM32U545CEU6, STM32U545CEU6Q, STM32U545JEY6QTR, STM32U545NEY6QTR, STM32U545REI6, STM32U545REI6Q, STM32U545RET6, STM32U545RET6Q, STM32U545VEI6, STM32U545VEI6Q, STM32U545VET6, STM32U545VET6Q, STM32U595AIH6, STM32U595AIH6Q, STM32U595AJH6, STM32U595AJH6Q, STM32U595QII6, STM32U595QII6Q, STM32U595QJI6, STM32U595QJI6Q, STM32U595RIT6, STM32U595RIT6Q, STM32U595RJT6, STM32U595RJT6Q, STM32U595VIT6, STM32U595VIT6Q, STM32U595VJT6, STM32U595VJT6Q, STM32U595ZIT6, STM32U595ZIT6Q, STM32U595ZIY6QTR, STM32U595ZJT6, STM32U595ZJT6Q, STM32U595ZJY6QTR, STM32U599BJY6QTR, STM32U599NIH6Q, STM32U599NJH6Q, STM32U599VIT6Q, STM32U599VJT6, STM32U599VJT6Q, STM32U599ZIT6Q, STM32U599ZIY6QTR, STM32U599ZJT6Q, STM32U599ZJY6QTR, STM32U5A5AJH6, STM32U5A5AJH6Q, STM32U5A5QJI6, STM32U5A5QJI6Q, STM32U5A5RJT6, STM32U5A5RJT6Q, STM32U5A5VJT6, STM32U5A5VJT6Q, STM32U5A5ZJT6, STM32U5A5ZJT6Q, STM32U5A5ZJY6QTR, STM32U5A9BJY6QTR, STM32U5A9J-DK, STM32U5A9NJH6Q, STM32U5A9VJT6Q, STM32U5A9ZJT6Q, STM32U5A9ZJY6QTR, STM32U5F7VIT6, STM32U5F7VIT6Q, STM32U5F7VJT6, STM32U5F7VJT6Q, STM32U5F9BJY6QTR, STM32U5F9NJH6Q, STM32U5F9VIT6Q, STM32U5F9VJT6Q, STM32U5F9ZIJ6QTR, STM32U5F9ZIT6Q, STM32U5F9ZJJ6QTR, STM32U5F9ZJT6Q, STM32U5G7VJT6, STM32U5G7VJT6Q, STM32U5G9BJY6QTR, STM32U5G9J-DK1, STM32U5G9J-DK2, STM32U5G9NJH6Q, STM32U5G9VJT6Q, STM32U5G9ZJJ6QTR, STM32U5G9ZJT6Q, STM32WB1MMCH6, STM32WBA52CEU6, STM32WBA52CEU6T, STM32WBA52CGU6, STM32WBA52CGU6T, STM32WBA52KEU6, STM32WBA52KEU6T, STM32WBA52KGU6, STM32WBA52KGU6T, STM32WL5MOCH6, STM32WL5MOCH6TR]
2023-08-29 11:49:02,525 [INFO] DbMcus:217 - Found 3772 MCUs, 3772 are supported
2023-08-29 11:49:02,526 [INFO] ApiDb:423 - Load user favorites file /home/clayton/.stm32cubeide/favorites.mcus.txt: 0 item(s)
2023-08-29 11:49:02,526 [INFO] ApiDb:427 - User favorites MCUs=[]
2023-08-29 11:49:02,526 [INFO] DbMcus:223 - Set 0 / 0 favorites MCUs
2023-08-29 11:49:02,713 [WARN] ThirdParty:833 - waiting for thirdparty lock release [change project]
2023-08-29 11:49:02,713 [INFO] ThirdParty:835 - entering critical section [change project]
2023-08-29 11:49:02,713 [INFO] ThirdParty:1030 - CMSIS Pack Vendor :STMicroelectronics X-CUBE-ISPU 1.1.0
2023-08-29 11:49:02,714 [INFO] ThirdParty:1030 - CMSIS Pack Vendor :STMicroelectronics USBPD 4.1
2023-08-29 11:49:02,714 [INFO] ThirdParty:1030 - CMSIS Pack Vendor :STMicroelectronics X-CUBE-GNSS1 6.0.0
2023-08-29 11:49:02,714 [INFO] ThirdParty:1030 - CMSIS Pack Vendor :STMicroelectronics USB_HOST 2.0.0
2023-08-29 11:49:02,714 [INFO] ThirdParty:1030 - CMSIS Pack Vendor :STMicroelectronics X-CUBE-AZRTOS-F4 1.1.0
2023-08-29 11:49:02,714 [INFO] ThirdParty:1030 - CMSIS Pack Vendor :STMicroelectronics LIBJPEG 8.0.0
2023-08-29 11:49:02,714 [INFO] ThirdParty:1030 - CMSIS Pack Vendor :wolfSSL I-CUBE-wolfSSL 5.6.3
2023-08-29 11:49:02,714 [INFO] ThirdParty:1030 - CMSIS Pack Vendor :STMicroelectronics X-CUBE-SMBUS 2.1.0
2023-08-29 11:49:02,714 [INFO] ThirdParty:1030 - CMSIS Pack Vendor :STMicroelectronics USB_DEVICE 3.0.0
2023-08-29 11:49:02,714 [INFO] ThirdParty:1030 - CMSIS Pack Vendor :STMicroelectronics X-CUBE-AZRTOS-WB 2.0.0
2023-08-29 11:49:02,714 [INFO] ThirdParty:1030 - CMSIS Pack Vendor :STMicroelectronics X-CUBE-FREERTOS 1.0.1
2023-08-29 11:49:02,714 [INFO] ThirdParty:1030 - CMSIS Pack Vendor :STMicroelectronics X-CUBE-AZRTOS-F7 1.1.0
2023-08-29 11:49:02,714 [INFO] ThirdParty:1030 - CMSIS Pack Vendor :STMicroelectronics X-CUBE-AZRTOS-L5 2.0.0
2023-08-29 11:49:02,714 [INFO] ThirdParty:1030 - CMSIS Pack Vendor :STMicroelectronics USB_DEVICE 2.0.0
2023-08-29 11:49:02,714 [INFO] ThirdParty:1030 - CMSIS Pack Vendor :STMicroelectronics X-CUBE-MEMS1 9.6.0
2023-08-29 11:49:02,714 [INFO] ThirdParty:1030 - CMSIS Pack Vendor :STMicroelectronics FP-SNS-MOTENV1 4.3.2
2023-08-29 11:49:02,714 [INFO] ThirdParty:1030 - CMSIS Pack Vendor :STMicroelectronics X-CUBE-ALGOBUILD 1.3.0
2023-08-29 11:49:02,714 [INFO] ThirdParty:1030 - CMSIS Pack Vendor :STMicroelectronics X-CUBE-BLE1 6.2.4
2023-08-29 11:49:02,714 [INFO] ThirdParty:1030 - CMSIS Pack Vendor :STMicroelectronics FreeRTOS 0.0.1
2023-08-29 11:49:02,714 [INFO] ThirdParty:1030 - CMSIS Pack Vendor :STMicroelectronics X-CUBE-AZRTOS-G0 1.1.0
2023-08-29 11:49:02,714 [INFO] ThirdParty:1030 - CMSIS Pack Vendor :STMicroelectronics X-CUBE-BLEMGR 2.0.0
2023-08-29 11:49:02,714 [INFO] ThirdParty:1030 - CMSIS Pack Vendor :STMicroelectronics X-CUBE-AI 8.0.1
2023-08-29 11:49:02,714 [INFO] ThirdParty:1030 - CMSIS Pack Vendor :STMicroelectronics X-CUBE-NFC4 3.0.0
2023-08-29 11:49:02,714 [INFO] ThirdParty:1030 - CMSIS Pack Vendor :STMicroelectronics X-CUBE-SUBG2 5.0.0
2023-08-29 11:49:02,714 [INFO] ThirdParty:1030 - CMSIS Pack Vendor :STMicroelectronics STM32_WPAN 1.0.0
2023-08-29 11:49:02,714 [INFO] ThirdParty:1030 - CMSIS Pack Vendor :STMicroelectronics lwIP 2.0.3
2023-08-29 11:49:02,714 [INFO] ThirdParty:1030 - CMSIS Pack Vendor :STMicroelectronics USB_HOST 1.0.0
2023-08-29 11:49:02,714 [INFO] ThirdParty:1030 - CMSIS Pack Vendor :STMicroelectronics X-CUBE-TOF1 3.3.1
2023-08-29 11:49:02,714 [INFO] ThirdParty:1030 - CMSIS Pack Vendor :STMicroelectronics X-CUBE-AZRTOS-G4 2.0.0
2023-08-29 11:49:02,714 [INFO] ThirdParty:1030 - CMSIS Pack Vendor :STMicroelectronics PDM2PCM 3.1.0
2023-08-29 11:49:02,714 [INFO] ThirdParty:1030 - CMSIS Pack Vendor :STMicroelectronics X-CUBE-AZRTOS-H7 3.1.0
2023-08-29 11:49:02,714 [INFO] ThirdParty:1030 - CMSIS Pack Vendor :STMicroelectronics PDM2PCM 3.3.0
2023-08-29 11:49:02,714 [INFO] ThirdParty:1030 - CMSIS Pack Vendor :STMicroelectronics X-CUBE-DISPLAY 3.0.0
2023-08-29 11:49:02,714 [INFO] ThirdParty:1030 - CMSIS Pack Vendor :STMicroelectronics X-CUBE-BLE1 7.0.0
2023-08-29 11:49:02,714 [INFO] ThirdParty:1030 - CMSIS Pack Vendor :STMicroelectronics FP-ATR-SIGFOX1 3.2.0
2023-08-29 11:49:02,714 [INFO] ThirdParty:1030 - CMSIS Pack Vendor :STMicroelectronics HAL Drivers 0.0.0
2023-08-29 11:49:02,714 [INFO] ThirdParty:1030 - CMSIS Pack Vendor :STMicroelectronics MBEDTLS 2.16.2
2023-08-29 11:49:02,714 [INFO] ThirdParty:1030 - CMSIS Pack Vendor :emotas I-CUBE-CANOPEN 1.3.0
2023-08-29 11:49:02,714 [INFO] ThirdParty:1030 - CMSIS Pack Vendor :STMicroelectronics X-CUBE-FREERTOS 1.1.0
2023-08-29 11:49:02,714 [INFO] ThirdParty:1030 - CMSIS Pack Vendor :STMicroelectronics X-CUBE-TOUCHGFX 4.22.0
2023-08-29 11:49:02,715 [INFO] ThirdParty:1030 - CMSIS Pack Vendor :STMicroelectronics X-CUBE-NFC7 1.0.1
2023-08-29 11:49:02,715 [INFO] ThirdParty:1030 - CMSIS Pack Vendor :STMicroelectronics MBEDTLS 2.14.1
2023-08-29 11:49:02,715 [INFO] ThirdParty:1030 - CMSIS Pack Vendor :STMicroelectronics X-CUBE-EEPRMA1 4.1.0
2023-08-29 11:49:02,715 [INFO] ThirdParty:1030 - CMSIS Pack Vendor :portGmbH I-Cube-SoM-uGOAL 1.1.0
2023-08-29 11:49:02,715 [INFO] ThirdParty:1030 - CMSIS Pack Vendor :STMicroelectronics X-CUBE-ALS 1.0.1
2023-08-29 11:49:02,715 [INFO] ThirdParty:1030 - CMSIS Pack Vendor :STMicroelectronics ThreadX 1.0.0
2023-08-29 11:49:02,715 [INFO] ThirdParty:1030 - CMSIS Pack Vendor :STMicroelectronics X-CUBE-AZRTOS-WL 2.0.0
2023-08-29 11:49:02,715 [INFO] ThirdParty:1030 - CMSIS Pack Vendor :SEGGER I-CUBE-embOS 1.3.1
2023-08-29 11:49:02,715 [INFO] ThirdParty:1030 - CMSIS Pack Vendor :STMicroelectronics USB_DEVICE 1.0.0
2023-08-29 11:49:02,715 [INFO] ThirdParty:1030 - CMSIS Pack Vendor :STMicroelectronics X-CUBE-AI 8.1.0
2023-08-29 11:49:02,715 [INFO] ThirdParty:1030 - CMSIS Pack Vendor :STMicroelectronics X-CUBE-AZRTOS-L4 2.0.0
2023-08-29 11:49:02,715 [INFO] ThirdParty:1030 - CMSIS Pack Vendor :STMicroelectronics ThreadX 0.0.2
2023-08-29 11:49:02,715 [INFO] ThirdParty:1030 - CMSIS Pack Vendor :WES I-CUBE-Cesium 1.3.0
2023-08-29 11:49:02,715 [INFO] ThirdParty:1030 - CMSIS Pack Vendor :STMicroelectronics FP-ATR-ASTRA1 2.0.0
2023-08-29 11:49:02,715 [INFO] ThirdParty:1030 - CMSIS Pack Vendor :STMicroelectronics lwIP 2.1.2
2023-08-29 11:49:02,715 [INFO] ThirdParty:1030 - CMSIS Pack Vendor :STMicroelectronics X-CUBE-SFXS2LP1 4.0.0
2023-08-29 11:49:02,715 [INFO] ThirdParty:1030 - CMSIS Pack Vendor :STMicroelectronics X-CUBE-BLE2 3.3.0
2023-08-29 11:49:02,715 [INFO] ThirdParty:1030 - CMSIS Pack Vendor :STMicroelectronics PDM2PCM 3.2.0
2023-08-29 11:49:02,715 [INFO] ThirdParty:841 - exiting critical section [change project]
2023-08-29 11:49:03,009 [INFO] PinOutPanel:1499 - setPackage(No Configuration,No Configuration)
2023-08-29 11:49:03,009 [INFO] PinOutPanel:1499 - setPackage(STM32H723ZGTx,LQFP144)
2023-08-29 11:49:03,471 [INFO] UtilMem:75 - Before build in PCC Used Memory: 795374560 Bytes (1073741824)
2023-08-29 11:49:04,354 [INFO] UtilMem:75 - After build in PCC Used Memory: 471726744 Bytes (1073741824)
2023-08-29 11:49:04,390 [INFO] IPUIPlugin:80 - create IPUIPlugin
2023-08-29 11:49:04,390 [INFO] IPUIPlugin:80 - create IPUIPlugin
2023-08-29 11:49:04,390 [INFO] IPUIPlugin:80 - create IPUIPlugin
2023-08-29 11:49:04,390 [INFO] IPUIPlugin:80 - create IPUIPlugin
2023-08-29 11:49:04,390 [INFO] IPUIPlugin:80 - create IPUIPlugin
2023-08-29 11:49:04,390 [INFO] IPUIPlugin:80 - create IPUIPlugin
2023-08-29 11:49:04,390 [INFO] IPUIPlugin:80 - create IPUIPlugin
2023-08-29 11:49:04,391 [INFO] IPUIPlugin:80 - create IPUIPlugin
2023-08-29 11:49:04,391 [INFO] IPUIPlugin:80 - create IPUIPlugin
2023-08-29 11:49:04,391 [INFO] IPUIPlugin:80 - create IPUIPlugin
2023-08-29 11:49:04,391 [INFO] IPUIPlugin:80 - create IPUIPlugin
2023-08-29 11:49:04,391 [INFO] IPUIPlugin:80 - create IPUIPlugin
2023-08-29 11:49:04,391 [INFO] IPUIPlugin:80 - create IPUIPlugin
2023-08-29 11:49:04,391 [INFO] IPUIPlugin:80 - create IPUIPlugin
2023-08-29 11:49:04,391 [INFO] IPUIPlugin:80 - create IPUIPlugin
2023-08-29 11:49:04,392 [INFO] IPUIPlugin:80 - create IPUIPlugin
2023-08-29 11:49:04,392 [INFO] IPUIPlugin:80 - create IPUIPlugin
2023-08-29 11:49:04,392 [INFO] IPUIPlugin:80 - create IPUIPlugin
2023-08-29 11:49:04,392 [INFO] IPUIPlugin:80 - create IPUIPlugin
2023-08-29 11:49:04,392 [INFO] IPUIPlugin:80 - create IPUIPlugin
2023-08-29 11:49:04,392 [INFO] IPUIPlugin:80 - create IPUIPlugin
2023-08-29 11:49:04,392 [INFO] IPUIPlugin:80 - create IPUIPlugin
2023-08-29 11:49:04,392 [INFO] IPUIPlugin:80 - create IPUIPlugin
2023-08-29 11:49:04,392 [INFO] IPUIPlugin:80 - create IPUIPlugin
2023-08-29 11:49:04,392 [INFO] IPUIPlugin:80 - create IPUIPlugin
2023-08-29 11:49:04,393 [INFO] IPUIPlugin:80 - create IPUIPlugin
2023-08-29 11:49:04,393 [INFO] IPUIPlugin:80 - create IPUIPlugin
2023-08-29 11:49:04,393 [INFO] IPUIPlugin:80 - create IPUIPlugin
2023-08-29 11:49:04,393 [INFO] IPUIPlugin:80 - create IPUIPlugin
2023-08-29 11:49:04,393 [INFO] IPUIPlugin:80 - create IPUIPlugin
2023-08-29 11:49:04,393 [INFO] IPUIPlugin:80 - create IPUIPlugin
2023-08-29 11:49:04,393 [INFO] IPUIPlugin:80 - create IPUIPlugin
2023-08-29 11:49:04,393 [INFO] IPUIPlugin:80 - create IPUIPlugin
2023-08-29 11:49:04,393 [INFO] IPUIPlugin:80 - create IPUIPlugin
2023-08-29 11:49:04,393 [INFO] IPUIPlugin:80 - create IPUIPlugin
2023-08-29 11:49:04,393 [INFO] IPUIPlugin:80 - create IPUIPlugin
2023-08-29 11:49:04,394 [INFO] IPUIPlugin:80 - create IPUIPlugin
2023-08-29 11:49:04,394 [INFO] IPUIPlugin:80 - create IPUIPlugin
2023-08-29 11:49:04,394 [INFO] IPUIPlugin:80 - create IPUIPlugin
2023-08-29 11:49:04,395 [INFO] IPUIPlugin:80 - create IPUIPlugin
2023-08-29 11:49:04,395 [INFO] IPUIPlugin:80 - create IPUIPlugin
2023-08-29 11:49:04,395 [INFO] IPUIPlugin:80 - create IPUIPlugin
2023-08-29 11:49:04,395 [INFO] IPUIPlugin:80 - create IPUIPlugin
2023-08-29 11:49:04,395 [INFO] IPUIPlugin:80 - create IPUIPlugin
2023-08-29 11:49:04,396 [INFO] IPUIPlugin:80 - create IPUIPlugin
2023-08-29 11:49:04,396 [INFO] IPUIPlugin:80 - create IPUIPlugin
2023-08-29 11:49:04,396 [INFO] IPUIPlugin:80 - create IPUIPlugin
2023-08-29 11:49:04,396 [INFO] IPUIPlugin:80 - create IPUIPlugin
2023-08-29 11:49:04,396 [INFO] IPUIPlugin:80 - create IPUIPlugin
2023-08-29 11:49:04,397 [INFO] IPUIPlugin:80 - create IPUIPlugin
2023-08-29 11:49:04,397 [INFO] IPUIPlugin:80 - create IPUIPlugin
2023-08-29 11:49:04,397 [INFO] IPUIPlugin:80 - create IPUIPlugin
2023-08-29 11:49:04,397 [INFO] IPUIPlugin:80 - create IPUIPlugin
2023-08-29 11:49:04,398 [INFO] IPUIPlugin:80 - create IPUIPlugin
2023-08-29 11:49:04,398 [INFO] IPUIPlugin:80 - create IPUIPlugin
2023-08-29 11:49:04,398 [INFO] IPUIPlugin:80 - create IPUIPlugin
2023-08-29 11:49:04,398 [INFO] IPUIPlugin:80 - create IPUIPlugin
2023-08-29 11:49:04,399 [INFO] IPUIPlugin:80 - create IPUIPlugin
2023-08-29 11:49:04,399 [INFO] IPUIPlugin:80 - create IPUIPlugin
2023-08-29 11:49:04,399 [INFO] IPUIPlugin:80 - create IPUIPlugin
2023-08-29 11:49:04,399 [INFO] IPUIPlugin:80 - create IPUIPlugin
2023-08-29 11:49:04,400 [INFO] IPUIPlugin:80 - create IPUIPlugin
2023-08-29 11:49:04,400 [INFO] IPUIPlugin:80 - create IPUIPlugin
2023-08-29 11:49:04,400 [INFO] IPUIPlugin:80 - create IPUIPlugin
2023-08-29 11:49:04,400 [INFO] IPUIPlugin:80 - create IPUIPlugin
2023-08-29 11:49:04,401 [INFO] IPUIPlugin:80 - create IPUIPlugin
2023-08-29 11:49:04,401 [INFO] IPUIPlugin:80 - create IPUIPlugin
2023-08-29 11:49:04,401 [INFO] IPUIPlugin:80 - create IPUIPlugin
2023-08-29 11:49:04,401 [INFO] IPUIPlugin:80 - create IPUIPlugin
2023-08-29 11:49:04,401 [INFO] IPUIPlugin:80 - create IPUIPlugin
2023-08-29 11:49:04,402 [INFO] IPUIPlugin:80 - create IPUIPlugin
2023-08-29 11:49:04,402 [INFO] IPUIPlugin:80 - create IPUIPlugin
2023-08-29 11:49:04,402 [INFO] IPUIPlugin:80 - create IPUIPlugin
2023-08-29 11:49:04,402 [INFO] IPUIPlugin:80 - create IPUIPlugin
2023-08-29 11:49:04,403 [INFO] IPUIPlugin:80 - create IPUIPlugin
2023-08-29 11:49:04,403 [INFO] IPUIPlugin:80 - create IPUIPlugin
2023-08-29 11:49:04,403 [INFO] IPUIPlugin:80 - create IPUIPlugin
2023-08-29 11:49:04,403 [INFO] IPUIPlugin:80 - create IPUIPlugin
2023-08-29 11:49:04,403 [INFO] IPUIPlugin:80 - create IPUIPlugin
2023-08-29 11:49:04,404 [INFO] IPUIPlugin:80 - create IPUIPlugin
2023-08-29 11:49:04,404 [INFO] IPUIPlugin:80 - create IPUIPlugin
2023-08-29 11:49:04,404 [INFO] IPUIPlugin:80 - create IPUIPlugin
2023-08-29 11:49:04,404 [INFO] IPUIPlugin:80 - create IPUIPlugin
2023-08-29 11:49:04,404 [INFO] IPUIPlugin:80 - create IPUIPlugin
2023-08-29 11:49:04,405 [INFO] IPUIPlugin:80 - create IPUIPlugin
2023-08-29 11:49:04,405 [INFO] IPUIPlugin:80 - create IPUIPlugin
2023-08-29 11:49:04,405 [INFO] IPUIPlugin:80 - create IPUIPlugin
2023-08-29 11:49:04,405 [INFO] IPUIPlugin:80 - create IPUIPlugin
2023-08-29 11:49:04,406 [INFO] IPUIPlugin:80 - create IPUIPlugin
2023-08-29 11:49:04,406 [INFO] IPUIPlugin:80 - create IPUIPlugin
2023-08-29 11:49:04,406 [INFO] IPUIPlugin:80 - create IPUIPlugin
2023-08-29 11:49:04,407 [INFO] IPUIPlugin:80 - create IPUIPlugin
2023-08-29 11:49:04,407 [INFO] IPUIPlugin:80 - create IPUIPlugin
2023-08-29 11:49:04,407 [INFO] IPUIPlugin:80 - create IPUIPlugin
2023-08-29 11:49:04,408 [INFO] IPUIPlugin:80 - create IPUIPlugin
2023-08-29 11:49:04,409 [INFO] IPUIPlugin:80 - create IPUIPlugin
2023-08-29 11:49:04,409 [INFO] IPUIPlugin:80 - create IPUIPlugin
2023-08-29 11:49:04,410 [INFO] IPUIPlugin:80 - create IPUIPlugin
2023-08-29 11:49:04,410 [INFO] IPUIPlugin:80 - create IPUIPlugin
2023-08-29 11:49:04,410 [INFO] IPUIPlugin:80 - create IPUIPlugin
2023-08-29 11:49:04,411 [INFO] IPUIPlugin:80 - create IPUIPlugin
2023-08-29 11:49:04,411 [INFO] IPUIPlugin:80 - create IPUIPlugin
2023-08-29 11:49:04,412 [INFO] IPUIPlugin:80 - create IPUIPlugin
2023-08-29 11:49:04,412 [INFO] IPUIPlugin:80 - create IPUIPlugin
2023-08-29 11:49:04,413 [INFO] IPUIPlugin:80 - create IPUIPlugin
2023-08-29 11:49:04,447 [INFO] ApiDbMcu:507 - Load IP Config File for PDM2PCM
2023-08-29 11:49:04,593 [INFO] CADModel:165 - CPN selected for project levelSTM32H723ZGT6
2023-08-29 11:49:04,593 [INFO] CADModel:114 - Register for checkConnection events
2023-08-29 11:49:04,633 [INFO] OpenFileManager:328 - Restore cursor
2023-08-29 16:52:45,626 [INFO] UtilMem:75 - End SaveConfig() Used Memory: 432457664 Bytes (884998144)
2023-08-29 16:52:48,157 [INFO] UtilMem:75 - End SaveConfig() Used Memory: 472303552 Bytes (884998144)
2023-08-29 16:52:50,437 [INFO] UtilMem:75 - End SaveConfig() Used Memory: 532072384 Bytes (884998144)
2023-08-29 16:52:50,626 [INFO] BlockDiagram:2759 - set Specific Code input for plugin: SPI
2023-08-29 16:52:50,626 [INFO] BlockDiagram:2759 - set Specific Code input for plugin: USB_OTG_HS
2023-08-29 16:52:50,626 [INFO] BlockDiagram:2759 - set Specific Code input for plugin: RCC
2023-08-29 16:52:50,626 [INFO] BlockDiagram:2759 - set Specific Code input for plugin: USART
2023-08-29 16:52:50,626 [INFO] BlockDiagram:2759 - set Specific Code input for plugin: ETH
2023-08-29 16:52:50,626 [INFO] BlockDiagram:2759 - set Specific Code input for plugin: SYS
2023-08-29 16:52:50,626 [INFO] BlockDiagram:2759 - set Specific Code input for plugin: NVIC
2023-08-29 16:52:50,626 [INFO] BlockDiagram:2759 - set Specific Code input for plugin: DEBUG
2023-08-29 16:52:50,626 [INFO] BlockDiagram:2759 - set Specific Code input for plugin: GPIO
2023-08-29 16:52:50,626 [INFO] CodeGenerator:799 - code generatio: config db path: /opt/st/stm32cubeide_1.13.0/plugins/com.st.stm32cube.common.mx_6.9.0.202307051724//db/
2023-08-29 16:52:50,792 [INFO] CodeEngine:255 - oldGeneratedFile, /home/clayton/Documents/university/fifth_year/second_semester/fyp-nubots-ssl/STM32/dev_board/MXTmpFiles/license.tmp_save
2023-08-29 16:52:50,989 [INFO] CodeEngine:279 - Generated code: /home/clayton/Documents/university/fifth_year/second_semester/fyp-nubots-ssl/STM32/dev_board/MXTmpFiles/license.tmp
2023-08-29 16:52:51,036 [INFO] CodeEngine:255 - oldGeneratedFile, /home/clayton/Documents/university/fifth_year/second_semester/fyp-nubots-ssl/STM32/dev_board/Core/Src/gpio.c_save
2023-08-29 16:52:51,091 [INFO] CodeEngine:279 - Generated code: /home/clayton/Documents/university/fifth_year/second_semester/fyp-nubots-ssl/STM32/dev_board/Core/Src/gpio.c
2023-08-29 16:52:51,092 [INFO] CodeEngine:255 - oldGeneratedFile, /home/clayton/Documents/university/fifth_year/second_semester/fyp-nubots-ssl/STM32/dev_board/Core/Inc/gpio.h_save
2023-08-29 16:52:51,134 [INFO] CodeEngine:279 - Generated code: /home/clayton/Documents/university/fifth_year/second_semester/fyp-nubots-ssl/STM32/dev_board/Core/Inc/gpio.h
2023-08-29 16:52:51,166 [WARN] IPConfigManager:99 - WARNING: Missing Config File for DEBUG ip!!
2023-08-29 16:52:51,426 [WARN] IPConfigManager:99 - WARNING: Missing Config File for USB ip!!
2023-08-29 16:52:51,490 [INFO] CodeEngine:255 - oldGeneratedFile, /home/clayton/Documents/university/fifth_year/second_semester/fyp-nubots-ssl/STM32/dev_board/MXTmpFiles/cortex.tmp_save
2023-08-29 16:52:51,533 [INFO] CodeEngine:279 - Generated code: /home/clayton/Documents/university/fifth_year/second_semester/fyp-nubots-ssl/STM32/dev_board/MXTmpFiles/cortex.tmp
2023-08-29 16:52:51,535 [INFO] CodeEngine:255 - oldGeneratedFile, /home/clayton/Documents/university/fifth_year/second_semester/fyp-nubots-ssl/STM32/dev_board/Core/Src/eth.c_save
2023-08-29 16:52:51,603 [INFO] CodeEngine:279 - Generated code: /home/clayton/Documents/university/fifth_year/second_semester/fyp-nubots-ssl/STM32/dev_board/Core/Src/eth.c
2023-08-29 16:52:51,603 [INFO] CodeEngine:255 - oldGeneratedFile, /home/clayton/Documents/university/fifth_year/second_semester/fyp-nubots-ssl/STM32/dev_board/Core/Inc/eth.h_save
2023-08-29 16:52:51,646 [INFO] CodeEngine:279 - Generated code: /home/clayton/Documents/university/fifth_year/second_semester/fyp-nubots-ssl/STM32/dev_board/Core/Inc/eth.h
2023-08-29 16:52:51,647 [INFO] CodeEngine:255 - oldGeneratedFile, /home/clayton/Documents/university/fifth_year/second_semester/fyp-nubots-ssl/STM32/dev_board/Core/Src/spi.c_save
2023-08-29 16:52:51,710 [INFO] CodeEngine:279 - Generated code: /home/clayton/Documents/university/fifth_year/second_semester/fyp-nubots-ssl/STM32/dev_board/Core/Src/spi.c
2023-08-29 16:52:51,711 [INFO] CodeEngine:255 - oldGeneratedFile, /home/clayton/Documents/university/fifth_year/second_semester/fyp-nubots-ssl/STM32/dev_board/Core/Inc/spi.h_save
2023-08-29 16:52:51,756 [INFO] CodeEngine:279 - Generated code: /home/clayton/Documents/university/fifth_year/second_semester/fyp-nubots-ssl/STM32/dev_board/Core/Inc/spi.h
2023-08-29 16:52:51,758 [INFO] CodeEngine:255 - oldGeneratedFile, /home/clayton/Documents/university/fifth_year/second_semester/fyp-nubots-ssl/STM32/dev_board/Core/Src/usart.c_save
2023-08-29 16:52:51,822 [INFO] CodeEngine:279 - Generated code: /home/clayton/Documents/university/fifth_year/second_semester/fyp-nubots-ssl/STM32/dev_board/Core/Src/usart.c
2023-08-29 16:52:51,823 [INFO] CodeEngine:255 - oldGeneratedFile, /home/clayton/Documents/university/fifth_year/second_semester/fyp-nubots-ssl/STM32/dev_board/Core/Inc/usart.h_save
2023-08-29 16:52:51,864 [INFO] CodeEngine:279 - Generated code: /home/clayton/Documents/university/fifth_year/second_semester/fyp-nubots-ssl/STM32/dev_board/Core/Inc/usart.h
2023-08-29 16:52:51,866 [INFO] CodeEngine:255 - oldGeneratedFile, /home/clayton/Documents/university/fifth_year/second_semester/fyp-nubots-ssl/STM32/dev_board/Core/Src/usb_otg.c_save
2023-08-29 16:52:51,914 [INFO] CodeEngine:279 - Generated code: /home/clayton/Documents/university/fifth_year/second_semester/fyp-nubots-ssl/STM32/dev_board/Core/Src/usb_otg.c
2023-08-29 16:52:51,915 [INFO] CodeEngine:255 - oldGeneratedFile, /home/clayton/Documents/university/fifth_year/second_semester/fyp-nubots-ssl/STM32/dev_board/Core/Inc/usb_otg.h_save
2023-08-29 16:52:51,950 [INFO] CodeEngine:279 - Generated code: /home/clayton/Documents/university/fifth_year/second_semester/fyp-nubots-ssl/STM32/dev_board/Core/Inc/usb_otg.h
2023-08-29 16:52:51,964 [INFO] CodeEngine:255 - oldGeneratedFile, /home/clayton/Documents/university/fifth_year/second_semester/fyp-nubots-ssl/STM32/dev_board/Core/Src/stm32h7xx_it.c_save
2023-08-29 16:52:52,006 [INFO] CodeEngine:279 - Generated code: /home/clayton/Documents/university/fifth_year/second_semester/fyp-nubots-ssl/STM32/dev_board/Core/Src/stm32h7xx_it.c
2023-08-29 16:52:52,007 [INFO] CodeEngine:255 - oldGeneratedFile, /home/clayton/Documents/university/fifth_year/second_semester/fyp-nubots-ssl/STM32/dev_board/Core/Inc/stm32h7xx_it.h_save
2023-08-29 16:52:52,040 [INFO] CodeEngine:279 - Generated code: /home/clayton/Documents/university/fifth_year/second_semester/fyp-nubots-ssl/STM32/dev_board/Core/Inc/stm32h7xx_it.h
2023-08-29 16:52:52,105 [INFO] CodeEngine:255 - oldGeneratedFile, /home/clayton/Documents/university/fifth_year/second_semester/fyp-nubots-ssl/STM32/dev_board/Core/Src/stm32h7xx_hal_msp.c_save
2023-08-29 16:52:52,153 [INFO] CodeEngine:279 - Generated code: /home/clayton/Documents/university/fifth_year/second_semester/fyp-nubots-ssl/STM32/dev_board/Core/Src/stm32h7xx_hal_msp.c
2023-08-29 16:52:52,154 [INFO] CodeEngine:255 - oldGeneratedFile, /home/clayton/Documents/university/fifth_year/second_semester/fyp-nubots-ssl/STM32/dev_board/MXTmpFiles/system.tmp_save
2023-08-29 16:52:52,186 [INFO] CodeEngine:279 - Generated code: /home/clayton/Documents/university/fifth_year/second_semester/fyp-nubots-ssl/STM32/dev_board/MXTmpFiles/system.tmp
2023-08-29 16:52:52,188 [INFO] CodeEngine:311 - oldGeneratedFile, /home/clayton/Documents/university/fifth_year/second_semester/fyp-nubots-ssl/STM32/dev_board/Core/Inc/stm32h7xx_hal_conf.h_save
2023-08-29 16:52:52,228 [INFO] CodeEngine:335 - Generated code: /home/clayton/Documents/university/fifth_year/second_semester/fyp-nubots-ssl/STM32/dev_board/Core/Inc/stm32h7xx_hal_conf.h
2023-08-29 16:52:52,250 [INFO] CodeEngine:255 - oldGeneratedFile, /home/clayton/Documents/university/fifth_year/second_semester/fyp-nubots-ssl/STM32/dev_board/Core/Inc/main.h_save
2023-08-29 16:52:52,295 [INFO] CodeEngine:279 - Generated code: /home/clayton/Documents/university/fifth_year/second_semester/fyp-nubots-ssl/STM32/dev_board/Core/Inc/main.h
2023-08-29 16:52:52,297 [INFO] CodeEngine:255 - oldGeneratedFile, /home/clayton/Documents/university/fifth_year/second_semester/fyp-nubots-ssl/STM32/dev_board/Core/Src/main.c_save
2023-08-29 16:52:52,356 [INFO] CodeEngine:279 - Generated code: /home/clayton/Documents/university/fifth_year/second_semester/fyp-nubots-ssl/STM32/dev_board/Core/Src/main.c
2023-08-29 16:52:52,630 [INFO] ProjectBuilder:3064 - Time for Copy HAL[1] : 29mS.
2023-08-29 16:52:52,632 [INFO] ProjectBuilder:4404 - Project Generator version: 4.1.0
2023-08-29 16:52:52,733 [INFO] ConfigFileManager:1457 - The Die is : DIE483
2023-08-29 16:52:52,737 [INFO] ApiDbMcu:507 - Load IP Config File for FATFS
2023-08-29 16:52:52,744 [INFO] ApiDbMcu:507 - Load IP Config File for FREERTOS
2023-08-29 16:52:52,744 [INFO] ApiDbMcu:507 - Load IP Config File for LIBJPEG
2023-08-29 16:52:52,747 [INFO] ApiDbMcu:507 - Load IP Config File for LWIP
2023-08-29 16:52:52,749 [INFO] ApiDbMcu:507 - Load IP Config File for MBEDTLS
2023-08-29 16:52:52,752 [INFO] ApiDbMcu:507 - Load IP Config File for USB_DEVICE
2023-08-29 16:52:52,754 [INFO] ApiDbMcu:507 - Load IP Config File for USB_HOST
2023-08-29 16:52:53,174 [INFO] LogOutputStream:77 - [STDOUT_REDIRECT] 
2023-08-29 16:52:53,435 [INFO] ProjectBuilder:4626 - Time for Generating toolchain IDE Files: 802mS.
2023-08-29 16:52:53,435 [INFO] ProjectBuilder:2935 - Time for Copy CMSIS : 0mS.
2023-08-29 16:52:53,435 [INFO] ProjectBuilder:2935 - Time for Copy CMSIS : 0mS.
2023-08-29 21:48:31,811 [ERROR] LogOutputStream:75 - [STDERR_REDIRECT] 
